command line args [-m PSWRec -d amazon-beauty --config_files configs/beauty/beauty_PSWRec_A100_CE.yaml] will not be used in RecBole
10 Feb 22:35    INFO  ['RecBole/run_recbole.py', '-m', 'PSWRec', '-d', 'amazon-beauty', '--config_files', 'configs/beauty/beauty_PSWRec_A100_CE.yaml']
10 Feb 22:35    INFO  
General Hyper Parameters:
gpu_id = 0
use_gpu = True
seed = 2026
state = INFO
reproducibility = True
data_path = /scratch/up63/kd6504/recbole_datasets/amazon-beauty
checkpoint_dir = outputs/pswrec_beauty_a100_ce
show_progress = False
save_dataset = False
dataset_save_path = None
save_dataloaders = False
dataloaders_save_path = None
log_wandb = False

Training Hyper Parameters:
epochs = 200
train_batch_size = 128
learner = adam
learning_rate = 0.001
train_neg_sample_args = {'distribution': 'none', 'sample_num': 'none', 'alpha': 'none', 'dynamic': False, 'candidate_num': 0}
eval_step = 1
stopping_step = 10
clip_grad_norm = None
weight_decay = 0.0
loss_decimal_place = 4

Evaluation Hyper Parameters:
eval_args = {'split': {'LS': 'valid_and_test'}, 'order': 'TO', 'group_by': 'user', 'mode': {'valid': 'full', 'test': 'full'}}
repeatable = True
metrics = ['Hit', 'NDCG', 'MRR', 'Recall']
topk = [10]
valid_metric = NDCG@10
valid_metric_bigger = True
eval_batch_size = 4096
metric_decimal_place = 4

Dataset Hyper Parameters:
field_separator = 	
seq_separator =  
USER_ID_FIELD = user_id
ITEM_ID_FIELD = item_id
RATING_FIELD = rating
TIME_FIELD = timestamp
seq_len = None
LABEL_FIELD = label
threshold = None
NEG_PREFIX = neg_
load_col = {'inter': ['user_id', 'item_id', 'rating', 'timestamp']}
unload_col = None
unused_col = {'inter': ['rating']}
additional_feat_suffix = None
rm_dup_inter = None
val_interval = None
filter_inter_by_user_or_item = True
user_inter_num_interval = [5,inf)
item_inter_num_interval = [5,inf)
alias_of_user_id = None
alias_of_item_id = None
alias_of_entity_id = None
alias_of_relation_id = None
preload_weight = None
normalize_field = None
normalize_all = None
ITEM_LIST_LENGTH_FIELD = item_length
LIST_SUFFIX = _list
MAX_ITEM_LIST_LENGTH = 50
POSITION_FIELD = position_id
HEAD_ENTITY_ID_FIELD = head_id
TAIL_ENTITY_ID_FIELD = tail_id
RELATION_ID_FIELD = relation_id
ENTITY_ID_FIELD = entity_id
benchmark_filename = None

Other Hyper Parameters: 
worker = 0
wandb_project = recbole
shuffle = True
require_pow = False
enable_amp = False
enable_scaler = False
transform = None
n_layers = 2
n_heads = 2
hidden_size = 64
inner_size = 256
hidden_dropout_prob = 0.5
attn_dropout_prob = 0.5
hidden_act = gelu
layer_norm_eps = 1e-12
initializer_range = 0.02
loss_type = CE
n_bands = 4
band_kernel_sizes = [3, 7, 15, 31]
band_dilations = [1, 1, 2, 4]
phase_bias_scale = 0.1
phase_aux = True
phase_aux_weight = 0.01
numerical_features = []
discretization = None
kg_reverse_r = False
entity_kg_num_interval = [0,inf)
relation_kg_num_interval = [0,inf)
MODEL_TYPE = ModelType.SEQUENTIAL
MODEL_INPUT_TYPE = InputType.POINTWISE
eval_type = EvaluatorType.RANKING
single_spec = True
local_rank = 0
device = cuda
valid_neg_sample_args = {'distribution': 'uniform', 'sample_num': 'none'}
test_neg_sample_args = {'distribution': 'uniform', 'sample_num': 'none'}


/home/572/kd6504/TRACT/RecBole/recbole/data/dataset/dataset.py:648: ChainedAssignmentError: A value is being set on a copy of a DataFrame or Series through chained assignment using an inplace method.
Such inplace method never works to update the original DataFrame or Series, because the intermediate object on which we are setting values always behaves as a copy (due to Copy-on-Write).

For example, when doing 'df[col].method(value, inplace=True)', try using 'df.method({col: value}, inplace=True)' instead, to perform the operation inplace on the original object, or try to avoid an inplace operation using 'df[col] = df[col].method(value)'.

See the documentation for a more detailed explanation: https://pandas.pydata.org/pandas-docs/stable/user_guide/copy_on_write.html
  feat[field].fillna(value=0, inplace=True)
/home/572/kd6504/TRACT/RecBole/recbole/data/dataset/dataset.py:650: ChainedAssignmentError: A value is being set on a copy of a DataFrame or Series through chained assignment using an inplace method.
Such inplace method never works to update the original DataFrame or Series, because the intermediate object on which we are setting values always behaves as a copy (due to Copy-on-Write).

For example, when doing 'df[col].method(value, inplace=True)', try using 'df.method({col: value}, inplace=True)' instead, to perform the operation inplace on the original object, or try to avoid an inplace operation using 'df[col] = df[col].method(value)'.

See the documentation for a more detailed explanation: https://pandas.pydata.org/pandas-docs/stable/user_guide/copy_on_write.html
  feat[field].fillna(value=feat[field].mean(), inplace=True)
10 Feb 22:36    INFO  amazon-beauty
The number of users: 22364
Average actions of users: 8.876358270357287
The number of items: 12102
Average actions of items: 16.403768283612923
The number of inters: 198502
The sparsity of the dataset: 99.92665707018277%
Remain Fields: ['user_id', 'item_id', 'rating', 'timestamp']
/home/572/kd6504/TRACT/RecBole/recbole/data/dataset/dataset.py:2202: UserWarning: The given NumPy array is not writable, and PyTorch does not support non-writable tensors. This means writing to this tensor will result in undefined behavior. You may want to copy the array to protect its data or make it writable before converting it to a tensor. This type of warning will be suppressed for the rest of this program. (Triggered internally at /pytorch/torch/csrc/utils/tensor_numpy.cpp:203.)
  new_data[k] = torch.LongTensor(value)
10 Feb 22:36    INFO  [Training]: train_batch_size = [128] train_neg_sample_args: [{'distribution': 'none', 'sample_num': 'none', 'alpha': 'none', 'dynamic': False, 'candidate_num': 0}]
10 Feb 22:36    INFO  [Evaluation]: eval_batch_size = [4096] eval_args: [{'split': {'LS': 'valid_and_test'}, 'order': 'TO', 'group_by': 'user', 'mode': {'valid': 'full', 'test': 'full'}}]
10 Feb 22:36    INFO  PSWRec(
  (item_embedding): Embedding(12102, 64, padding_idx=0)
  (position_embedding): Embedding(50, 64)
  (phase_filter): LocalPhaseFilterBank(
    (real_convs): ModuleList(
      (0): Conv1d(64, 64, kernel_size=(3,), stride=(1,), groups=64, bias=False)
      (1): Conv1d(64, 64, kernel_size=(7,), stride=(1,), groups=64, bias=False)
      (2): Conv1d(64, 64, kernel_size=(15,), stride=(1,), dilation=(2,), groups=64, bias=False)
      (3): Conv1d(64, 64, kernel_size=(31,), stride=(1,), dilation=(4,), groups=64, bias=False)
    )
    (imag_convs): ModuleList(
      (0): Conv1d(64, 64, kernel_size=(3,), stride=(1,), groups=64, bias=False)
      (1): Conv1d(64, 64, kernel_size=(7,), stride=(1,), groups=64, bias=False)
      (2): Conv1d(64, 64, kernel_size=(15,), stride=(1,), dilation=(2,), groups=64, bias=False)
      (3): Conv1d(64, 64, kernel_size=(31,), stride=(1,), dilation=(4,), groups=64, bias=False)
    )
  )
  (encoder): PSWEncoder(
    (layers): ModuleList(
      (0-1): 2 x PSWBlock(
        (attn): PhaseSyncAttention(
          (query): Linear(in_features=64, out_features=64, bias=True)
          (key): Linear(in_features=64, out_features=64, bias=True)
          (value): Linear(in_features=64, out_features=64, bias=True)
          (attn_dropout): Dropout(p=0.5, inplace=False)
          (out_proj): Linear(in_features=64, out_features=64, bias=True)
          (out_dropout): Dropout(p=0.5, inplace=False)
          (layer_norm): LayerNorm((64,), eps=1e-12, elementwise_affine=True)
        )
        (ffn): FeedForward(
          (dense_1): Linear(in_features=64, out_features=256, bias=True)
          (dense_2): Linear(in_features=256, out_features=64, bias=True)
          (layer_norm): LayerNorm((64,), eps=1e-12, elementwise_affine=True)
          (dropout): Dropout(p=0.5, inplace=False)
        )
      )
    )
  )
  (layer_norm): LayerNorm((64,), eps=1e-12, elementwise_affine=True)
  (dropout): Dropout(p=0.5, inplace=False)
  (loss_fct): CrossEntropyLoss()
)
Trainable parameters: 885012
10 Feb 22:36    INFO  FLOPs: 5312064.0
/home/572/kd6504/TRACT/RecBole/recbole/trainer/trainer.py:235: FutureWarning: `torch.cuda.amp.GradScaler(args...)` is deprecated. Please use `torch.amp.GradScaler('cuda', args...)` instead.
  scaler = amp.GradScaler(enabled=self.enable_scaler)
10 Feb 22:37    INFO  epoch 0 training [time: 69.46s, train loss: 8843.1864]
10 Feb 22:37    INFO  epoch 0 evaluating [time: 0.59s, valid_score: 0.019400]
10 Feb 22:37    INFO  valid result: 
hit@10 : 0.0394    ndcg@10 : 0.0194    mrr@10 : 0.0134    recall@10 : 0.0394
10 Feb 22:37    INFO  Saving current: outputs/pswrec_beauty_a100_ce/PSWRec-Feb-10-2026_22-36-17.pth
10 Feb 22:38    INFO  epoch 1 training [time: 68.26s, train loss: 8195.3718]
10 Feb 22:38    INFO  epoch 1 evaluating [time: 0.31s, valid_score: 0.029500]
10 Feb 22:38    INFO  valid result: 
hit@10 : 0.0564    ndcg@10 : 0.0295    mrr@10 : 0.0214    recall@10 : 0.0564
10 Feb 22:38    INFO  Saving current: outputs/pswrec_beauty_a100_ce/PSWRec-Feb-10-2026_22-36-17.pth
10 Feb 22:39    INFO  epoch 2 training [time: 68.37s, train loss: 7894.4970]
10 Feb 22:39    INFO  epoch 2 evaluating [time: 0.31s, valid_score: 0.035700]
10 Feb 22:39    INFO  valid result: 
hit@10 : 0.0702    ndcg@10 : 0.0357    mrr@10 : 0.0253    recall@10 : 0.0702
10 Feb 22:40    INFO  Saving current: outputs/pswrec_beauty_a100_ce/PSWRec-Feb-10-2026_22-36-17.pth
10 Feb 22:41    INFO  epoch 3 training [time: 68.17s, train loss: 7669.1455]
10 Feb 22:41    INFO  epoch 3 evaluating [time: 0.30s, valid_score: 0.042100]
10 Feb 22:41    INFO  valid result: 
hit@10 : 0.084    ndcg@10 : 0.0421    mrr@10 : 0.0294    recall@10 : 0.084
10 Feb 22:41    INFO  Saving current: outputs/pswrec_beauty_a100_ce/PSWRec-Feb-10-2026_22-36-17.pth
10 Feb 22:42    INFO  epoch 4 training [time: 68.20s, train loss: 7479.8906]
10 Feb 22:42    INFO  epoch 4 evaluating [time: 0.31s, valid_score: 0.045500]
10 Feb 22:42    INFO  valid result: 
hit@10 : 0.0911    ndcg@10 : 0.0455    mrr@10 : 0.0315    recall@10 : 0.0911
10 Feb 22:42    INFO  Saving current: outputs/pswrec_beauty_a100_ce/PSWRec-Feb-10-2026_22-36-17.pth
10 Feb 22:43    INFO  epoch 5 training [time: 68.10s, train loss: 7328.0411]
10 Feb 22:43    INFO  epoch 5 evaluating [time: 0.30s, valid_score: 0.046900]
10 Feb 22:43    INFO  valid result: 
hit@10 : 0.0932    ndcg@10 : 0.0469    mrr@10 : 0.0327    recall@10 : 0.0932
10 Feb 22:43    INFO  Saving current: outputs/pswrec_beauty_a100_ce/PSWRec-Feb-10-2026_22-36-17.pth
10 Feb 22:44    INFO  epoch 6 training [time: 68.16s, train loss: 7194.6390]
10 Feb 22:44    INFO  epoch 6 evaluating [time: 0.31s, valid_score: 0.047800]
10 Feb 22:44    INFO  valid result: 
hit@10 : 0.0956    ndcg@10 : 0.0478    mrr@10 : 0.0331    recall@10 : 0.0956
10 Feb 22:44    INFO  Saving current: outputs/pswrec_beauty_a100_ce/PSWRec-Feb-10-2026_22-36-17.pth
10 Feb 22:45    INFO  epoch 7 training [time: 68.19s, train loss: 7101.9729]
10 Feb 22:45    INFO  epoch 7 evaluating [time: 0.31s, valid_score: 0.048400]
10 Feb 22:45    INFO  valid result: 
hit@10 : 0.0984    ndcg@10 : 0.0484    mrr@10 : 0.0331    recall@10 : 0.0984
10 Feb 22:45    INFO  Saving current: outputs/pswrec_beauty_a100_ce/PSWRec-Feb-10-2026_22-36-17.pth
10 Feb 22:46    INFO  epoch 8 training [time: 68.19s, train loss: 7014.7190]
10 Feb 22:46    INFO  epoch 8 evaluating [time: 0.31s, valid_score: 0.049000]
10 Feb 22:46    INFO  valid result: 
hit@10 : 0.0983    ndcg@10 : 0.049    mrr@10 : 0.0338    recall@10 : 0.0983
10 Feb 22:46    INFO  Saving current: outputs/pswrec_beauty_a100_ce/PSWRec-Feb-10-2026_22-36-17.pth
10 Feb 22:47    INFO  epoch 9 training [time: 68.22s, train loss: 6948.6534]
10 Feb 22:47    INFO  epoch 9 evaluating [time: 0.30s, valid_score: 0.049100]
10 Feb 22:47    INFO  valid result: 
hit@10 : 0.1    ndcg@10 : 0.0491    mrr@10 : 0.0335    recall@10 : 0.1
10 Feb 22:47    INFO  Saving current: outputs/pswrec_beauty_a100_ce/PSWRec-Feb-10-2026_22-36-17.pth
10 Feb 22:49    INFO  epoch 10 training [time: 68.20s, train loss: 6884.9706]
10 Feb 22:49    INFO  epoch 10 evaluating [time: 0.30s, valid_score: 0.049100]
10 Feb 22:49    INFO  valid result: 
hit@10 : 0.0986    ndcg@10 : 0.0491    mrr@10 : 0.0339    recall@10 : 0.0986
10 Feb 22:49    INFO  Saving current: outputs/pswrec_beauty_a100_ce/PSWRec-Feb-10-2026_22-36-17.pth
10 Feb 22:50    INFO  epoch 11 training [time: 68.23s, train loss: 6843.0402]
10 Feb 22:50    INFO  epoch 11 evaluating [time: 0.29s, valid_score: 0.050600]
10 Feb 22:50    INFO  valid result: 
hit@10 : 0.1019    ndcg@10 : 0.0506    mrr@10 : 0.0349    recall@10 : 0.1019
10 Feb 22:50    INFO  Saving current: outputs/pswrec_beauty_a100_ce/PSWRec-Feb-10-2026_22-36-17.pth
10 Feb 22:51    INFO  epoch 12 training [time: 68.18s, train loss: 6803.6105]
10 Feb 22:51    INFO  epoch 12 evaluating [time: 0.29s, valid_score: 0.050500]
10 Feb 22:51    INFO  valid result: 
hit@10 : 0.1021    ndcg@10 : 0.0505    mrr@10 : 0.0347    recall@10 : 0.1021
10 Feb 22:52    INFO  epoch 13 training [time: 68.23s, train loss: 6759.9639]
10 Feb 22:52    INFO  epoch 13 evaluating [time: 0.30s, valid_score: 0.049800]
10 Feb 22:52    INFO  valid result: 
hit@10 : 0.1002    ndcg@10 : 0.0498    mrr@10 : 0.0342    recall@10 : 0.1002
10 Feb 22:53    INFO  epoch 14 training [time: 68.35s, train loss: 6734.8599]
10 Feb 22:53    INFO  epoch 14 evaluating [time: 0.30s, valid_score: 0.050400]
10 Feb 22:53    INFO  valid result: 
hit@10 : 0.1017    ndcg@10 : 0.0504    mrr@10 : 0.0345    recall@10 : 0.1017
10 Feb 22:54    INFO  epoch 15 training [time: 68.37s, train loss: 6705.8063]
10 Feb 22:54    INFO  epoch 15 evaluating [time: 0.31s, valid_score: 0.050500]
10 Feb 22:54    INFO  valid result: 
hit@10 : 0.1019    ndcg@10 : 0.0505    mrr@10 : 0.0347    recall@10 : 0.1019
10 Feb 22:55    INFO  epoch 16 training [time: 68.38s, train loss: 6682.6864]
10 Feb 22:55    INFO  epoch 16 evaluating [time: 0.29s, valid_score: 0.050700]
10 Feb 22:55    INFO  valid result: 
hit@10 : 0.1033    ndcg@10 : 0.0507    mrr@10 : 0.0346    recall@10 : 0.1033
10 Feb 22:55    INFO  Saving current: outputs/pswrec_beauty_a100_ce/PSWRec-Feb-10-2026_22-36-17.pth
10 Feb 22:57    INFO  epoch 17 training [time: 68.39s, train loss: 6662.6935]
10 Feb 22:57    INFO  epoch 17 evaluating [time: 0.30s, valid_score: 0.050500]
10 Feb 22:57    INFO  valid result: 
hit@10 : 0.1027    ndcg@10 : 0.0505    mrr@10 : 0.0345    recall@10 : 0.1027
10 Feb 22:58    INFO  epoch 18 training [time: 68.36s, train loss: 6640.7446]
10 Feb 22:58    INFO  epoch 18 evaluating [time: 0.30s, valid_score: 0.051400]
10 Feb 22:58    INFO  valid result: 
hit@10 : 0.1014    ndcg@10 : 0.0514    mrr@10 : 0.036    recall@10 : 0.1014
10 Feb 22:58    INFO  Saving current: outputs/pswrec_beauty_a100_ce/PSWRec-Feb-10-2026_22-36-17.pth
10 Feb 22:59    INFO  epoch 19 training [time: 68.38s, train loss: 6617.7657]
10 Feb 22:59    INFO  epoch 19 evaluating [time: 0.30s, valid_score: 0.051000]
10 Feb 22:59    INFO  valid result: 
hit@10 : 0.1023    ndcg@10 : 0.051    mrr@10 : 0.0353    recall@10 : 0.1023
10 Feb 23:00    INFO  epoch 20 training [time: 68.31s, train loss: 6598.5781]
10 Feb 23:00    INFO  epoch 20 evaluating [time: 0.30s, valid_score: 0.051600]
10 Feb 23:00    INFO  valid result: 
hit@10 : 0.1037    ndcg@10 : 0.0516    mrr@10 : 0.0356    recall@10 : 0.1037
10 Feb 23:00    INFO  Saving current: outputs/pswrec_beauty_a100_ce/PSWRec-Feb-10-2026_22-36-17.pth
10 Feb 23:01    INFO  epoch 21 training [time: 68.36s, train loss: 6588.9148]
10 Feb 23:01    INFO  epoch 21 evaluating [time: 0.30s, valid_score: 0.051200]
10 Feb 23:01    INFO  valid result: 
hit@10 : 0.103    ndcg@10 : 0.0512    mrr@10 : 0.0353    recall@10 : 0.103
10 Feb 23:02    INFO  epoch 22 training [time: 68.32s, train loss: 6570.5699]
10 Feb 23:02    INFO  epoch 22 evaluating [time: 0.31s, valid_score: 0.051500]
10 Feb 23:02    INFO  valid result: 
hit@10 : 0.1044    ndcg@10 : 0.0515    mrr@10 : 0.0352    recall@10 : 0.1044
10 Feb 23:04    INFO  epoch 23 training [time: 68.43s, train loss: 6559.2555]
10 Feb 23:04    INFO  epoch 23 evaluating [time: 0.30s, valid_score: 0.051100]
10 Feb 23:04    INFO  valid result: 
hit@10 : 0.1024    ndcg@10 : 0.0511    mrr@10 : 0.0353    recall@10 : 0.1024
10 Feb 23:05    INFO  epoch 24 training [time: 68.40s, train loss: 6542.1560]
10 Feb 23:05    INFO  epoch 24 evaluating [time: 0.31s, valid_score: 0.051700]
10 Feb 23:05    INFO  valid result: 
hit@10 : 0.1036    ndcg@10 : 0.0517    mrr@10 : 0.0357    recall@10 : 0.1036
10 Feb 23:05    INFO  Saving current: outputs/pswrec_beauty_a100_ce/PSWRec-Feb-10-2026_22-36-17.pth
10 Feb 23:06    INFO  epoch 25 training [time: 68.41s, train loss: 6534.0500]
10 Feb 23:06    INFO  epoch 25 evaluating [time: 0.31s, valid_score: 0.051100]
10 Feb 23:06    INFO  valid result: 
hit@10 : 0.1029    ndcg@10 : 0.0511    mrr@10 : 0.0352    recall@10 : 0.1029
10 Feb 23:07    INFO  epoch 26 training [time: 68.37s, train loss: 6518.8333]
10 Feb 23:07    INFO  epoch 26 evaluating [time: 0.31s, valid_score: 0.052300]
10 Feb 23:07    INFO  valid result: 
hit@10 : 0.1031    ndcg@10 : 0.0523    mrr@10 : 0.0367    recall@10 : 0.1031
10 Feb 23:07    INFO  Saving current: outputs/pswrec_beauty_a100_ce/PSWRec-Feb-10-2026_22-36-17.pth
10 Feb 23:08    INFO  epoch 27 training [time: 68.37s, train loss: 6507.0755]
10 Feb 23:08    INFO  epoch 27 evaluating [time: 0.30s, valid_score: 0.053000]
10 Feb 23:08    INFO  valid result: 
hit@10 : 0.1044    ndcg@10 : 0.053    mrr@10 : 0.0372    recall@10 : 0.1044
10 Feb 23:08    INFO  Saving current: outputs/pswrec_beauty_a100_ce/PSWRec-Feb-10-2026_22-36-17.pth
10 Feb 23:09    INFO  epoch 28 training [time: 68.37s, train loss: 6498.6159]
10 Feb 23:09    INFO  epoch 28 evaluating [time: 0.31s, valid_score: 0.052100]
10 Feb 23:09    INFO  valid result: 
hit@10 : 0.1035    ndcg@10 : 0.0521    mrr@10 : 0.0364    recall@10 : 0.1035
10 Feb 23:10    INFO  epoch 29 training [time: 68.42s, train loss: 6488.6536]
10 Feb 23:10    INFO  epoch 29 evaluating [time: 0.30s, valid_score: 0.052400]
10 Feb 23:10    INFO  valid result: 
hit@10 : 0.1041    ndcg@10 : 0.0524    mrr@10 : 0.0365    recall@10 : 0.1041
10 Feb 23:12    INFO  epoch 30 training [time: 68.33s, train loss: 6479.9013]
10 Feb 23:12    INFO  epoch 30 evaluating [time: 0.30s, valid_score: 0.052300]
10 Feb 23:12    INFO  valid result: 
hit@10 : 0.1039    ndcg@10 : 0.0523    mrr@10 : 0.0365    recall@10 : 0.1039
10 Feb 23:13    INFO  epoch 31 training [time: 68.35s, train loss: 6469.0415]
10 Feb 23:13    INFO  epoch 31 evaluating [time: 0.30s, valid_score: 0.051600]
10 Feb 23:13    INFO  valid result: 
hit@10 : 0.1031    ndcg@10 : 0.0516    mrr@10 : 0.0358    recall@10 : 0.1031
10 Feb 23:14    INFO  epoch 32 training [time: 68.39s, train loss: 6455.3237]
10 Feb 23:14    INFO  epoch 32 evaluating [time: 0.31s, valid_score: 0.052600]
10 Feb 23:14    INFO  valid result: 
hit@10 : 0.1037    ndcg@10 : 0.0526    mrr@10 : 0.0369    recall@10 : 0.1037
10 Feb 23:15    INFO  epoch 33 training [time: 68.36s, train loss: 6451.7591]
10 Feb 23:15    INFO  epoch 33 evaluating [time: 0.29s, valid_score: 0.052700]
10 Feb 23:15    INFO  valid result: 
hit@10 : 0.1037    ndcg@10 : 0.0527    mrr@10 : 0.037    recall@10 : 0.1037
10 Feb 23:16    INFO  epoch 34 training [time: 68.33s, train loss: 6443.2722]
10 Feb 23:16    INFO  epoch 34 evaluating [time: 0.30s, valid_score: 0.051600]
10 Feb 23:16    INFO  valid result: 
hit@10 : 0.1033    ndcg@10 : 0.0516    mrr@10 : 0.0357    recall@10 : 0.1033
10 Feb 23:17    INFO  epoch 35 training [time: 68.34s, train loss: 6438.5475]
10 Feb 23:17    INFO  epoch 35 evaluating [time: 0.30s, valid_score: 0.052500]
10 Feb 23:17    INFO  valid result: 
hit@10 : 0.1041    ndcg@10 : 0.0525    mrr@10 : 0.0366    recall@10 : 0.1041
10 Feb 23:18    INFO  epoch 36 training [time: 68.36s, train loss: 6427.9721]
10 Feb 23:18    INFO  epoch 36 evaluating [time: 0.30s, valid_score: 0.052700]
10 Feb 23:18    INFO  valid result: 
hit@10 : 0.1041    ndcg@10 : 0.0527    mrr@10 : 0.0368    recall@10 : 0.1041
10 Feb 23:20    INFO  epoch 37 training [time: 68.43s, train loss: 6423.4848]
10 Feb 23:20    INFO  epoch 37 evaluating [time: 0.30s, valid_score: 0.051200]
10 Feb 23:20    INFO  valid result: 
hit@10 : 0.1039    ndcg@10 : 0.0512    mrr@10 : 0.0349    recall@10 : 0.1039
10 Feb 23:21    INFO  epoch 38 training [time: 68.33s, train loss: 6420.7298]
10 Feb 23:21    INFO  epoch 38 evaluating [time: 0.30s, valid_score: 0.052900]
10 Feb 23:21    INFO  valid result: 
hit@10 : 0.1051    ndcg@10 : 0.0529    mrr@10 : 0.0369    recall@10 : 0.1051
10 Feb 23:21    INFO  Finished training, best eval result in epoch 27
10 Feb 23:21    INFO  Loading model structure and parameters from outputs/pswrec_beauty_a100_ce/PSWRec-Feb-10-2026_22-36-17.pth
10 Feb 23:21    INFO  The running environment of this training is as follows:
+-------------+------------------+
| Environment |      Usage       |
+=============+==================+
| CPU         |      2.70 %      |
+-------------+------------------+
| GPU         |  2.45 G/79.44 G  |
+-------------+------------------+
| Memory      | 1.58 G/2015.66 G |
+-------------+------------------+
10 Feb 23:21    INFO  best valid : OrderedDict([('hit@10', 0.1044), ('ndcg@10', 0.053), ('mrr@10', 0.0372), ('recall@10', 0.1044)])
10 Feb 23:21    INFO  test result: OrderedDict([('hit@10', 0.0822), ('ndcg@10', 0.0417), ('mrr@10', 0.0293), ('recall@10', 0.0822)])
