command line args [-m pswrecv4 -d amazon-beauty --config_files configs/beauty/beauty_pswrecv4_a100_ce.yaml] will not be used in RecBole
11 Feb 13:31    INFO  ['RecBole/run_recbole.py', '-m', 'pswrecv4', '-d', 'amazon-beauty', '--config_files', 'configs/beauty/beauty_pswrecv4_a100_ce.yaml']
11 Feb 13:31    INFO  
General Hyper Parameters:
gpu_id = 0
use_gpu = True
seed = 2026
state = INFO
reproducibility = True
data_path = /scratch/up63/kd6504/recbole_datasets/amazon-beauty
checkpoint_dir = outputs/pswrecv4_beauty_a100_ce
show_progress = False
save_dataset = False
dataset_save_path = None
save_dataloaders = False
dataloaders_save_path = None
log_wandb = False

Training Hyper Parameters:
epochs = 200
train_batch_size = 128
learner = adam
learning_rate = 0.001
train_neg_sample_args = {'distribution': 'none', 'sample_num': 'none', 'alpha': 'none', 'dynamic': False, 'candidate_num': 0}
eval_step = 1
stopping_step = 10
clip_grad_norm = None
weight_decay = 0.0
loss_decimal_place = 4

Evaluation Hyper Parameters:
eval_args = {'split': {'LS': 'valid_and_test'}, 'order': 'TO', 'group_by': 'user', 'mode': {'valid': 'full', 'test': 'full'}}
repeatable = True
metrics = ['Hit', 'NDCG', 'MRR', 'Recall']
topk = [10]
valid_metric = NDCG@10
valid_metric_bigger = True
eval_batch_size = 4096
metric_decimal_place = 4

Dataset Hyper Parameters:
field_separator = 	
seq_separator =  
USER_ID_FIELD = user_id
ITEM_ID_FIELD = item_id
RATING_FIELD = rating
TIME_FIELD = timestamp
seq_len = None
LABEL_FIELD = label
threshold = None
NEG_PREFIX = neg_
load_col = {'inter': ['user_id', 'item_id', 'rating', 'timestamp']}
unload_col = None
unused_col = {'inter': ['rating']}
additional_feat_suffix = None
rm_dup_inter = None
val_interval = None
filter_inter_by_user_or_item = True
user_inter_num_interval = [5,inf)
item_inter_num_interval = [5,inf)
alias_of_user_id = None
alias_of_item_id = None
alias_of_entity_id = None
alias_of_relation_id = None
preload_weight = None
normalize_field = None
normalize_all = None
ITEM_LIST_LENGTH_FIELD = item_length
LIST_SUFFIX = _list
MAX_ITEM_LIST_LENGTH = 50
POSITION_FIELD = position_id
HEAD_ENTITY_ID_FIELD = head_id
TAIL_ENTITY_ID_FIELD = tail_id
RELATION_ID_FIELD = relation_id
ENTITY_ID_FIELD = entity_id
benchmark_filename = None

Other Hyper Parameters: 
worker = 0
wandb_project = recbole
shuffle = True
require_pow = False
enable_amp = False
enable_scaler = False
transform = None
numerical_features = []
discretization = None
kg_reverse_r = False
entity_kg_num_interval = [0,inf)
relation_kg_num_interval = [0,inf)
MODEL_TYPE = ModelType.SEQUENTIAL
loss_type = CE
n_layers = 2
n_heads = 2
hidden_size = 64
inner_size = 256
hidden_dropout_prob = 0.5
attn_dropout_prob = 0.5
hidden_act = gelu
layer_norm_eps = 1e-12
initializer_range = 0.02
n_bands = 4
band_kernel_sizes = [3, 7, 15, 31]
band_dilations = [1, 2, 4, 8]
phase_bias_scale = 0.1
phase_aux = True
phase_aux_weight = 0.05
MODEL_INPUT_TYPE = InputType.POINTWISE
eval_type = EvaluatorType.RANKING
single_spec = True
local_rank = 0
device = cuda
valid_neg_sample_args = {'distribution': 'uniform', 'sample_num': 'none'}
test_neg_sample_args = {'distribution': 'uniform', 'sample_num': 'none'}


/home/572/kd6504/TRACT/RecBole/recbole/data/dataset/dataset.py:648: ChainedAssignmentError: A value is being set on a copy of a DataFrame or Series through chained assignment using an inplace method.
Such inplace method never works to update the original DataFrame or Series, because the intermediate object on which we are setting values always behaves as a copy (due to Copy-on-Write).

For example, when doing 'df[col].method(value, inplace=True)', try using 'df.method({col: value}, inplace=True)' instead, to perform the operation inplace on the original object, or try to avoid an inplace operation using 'df[col] = df[col].method(value)'.

See the documentation for a more detailed explanation: https://pandas.pydata.org/pandas-docs/stable/user_guide/copy_on_write.html
  feat[field].fillna(value=0, inplace=True)
/home/572/kd6504/TRACT/RecBole/recbole/data/dataset/dataset.py:650: ChainedAssignmentError: A value is being set on a copy of a DataFrame or Series through chained assignment using an inplace method.
Such inplace method never works to update the original DataFrame or Series, because the intermediate object on which we are setting values always behaves as a copy (due to Copy-on-Write).

For example, when doing 'df[col].method(value, inplace=True)', try using 'df.method({col: value}, inplace=True)' instead, to perform the operation inplace on the original object, or try to avoid an inplace operation using 'df[col] = df[col].method(value)'.

See the documentation for a more detailed explanation: https://pandas.pydata.org/pandas-docs/stable/user_guide/copy_on_write.html
  feat[field].fillna(value=feat[field].mean(), inplace=True)
11 Feb 13:31    INFO  amazon-beauty
The number of users: 22364
Average actions of users: 8.876358270357287
The number of items: 12102
Average actions of items: 16.403768283612923
The number of inters: 198502
The sparsity of the dataset: 99.92665707018277%
Remain Fields: ['user_id', 'item_id', 'rating', 'timestamp']
/home/572/kd6504/TRACT/RecBole/recbole/data/dataset/dataset.py:2202: UserWarning: The given NumPy array is not writable, and PyTorch does not support non-writable tensors. This means writing to this tensor will result in undefined behavior. You may want to copy the array to protect its data or make it writable before converting it to a tensor. This type of warning will be suppressed for the rest of this program. (Triggered internally at /pytorch/torch/csrc/utils/tensor_numpy.cpp:203.)
  new_data[k] = torch.LongTensor(value)
11 Feb 13:31    INFO  [Training]: train_batch_size = [128] train_neg_sample_args: [{'distribution': 'none', 'sample_num': 'none', 'alpha': 'none', 'dynamic': False, 'candidate_num': 0}]
11 Feb 13:31    INFO  [Evaluation]: eval_batch_size = [4096] eval_args: [{'split': {'LS': 'valid_and_test'}, 'order': 'TO', 'group_by': 'user', 'mode': {'valid': 'full', 'test': 'full'}}]
11 Feb 13:31    INFO  pswrecv4(
  (item_embedding): Embedding(12102, 64, padding_idx=0)
  (position_embedding): Embedding(50, 64)
  (phase_filter): LocalPhaseFilterBankV4(
    (real_convs): ModuleList(
      (0): Conv1d(64, 64, kernel_size=(3,), stride=(1,), groups=64, bias=False)
      (1): Conv1d(64, 64, kernel_size=(7,), stride=(1,), dilation=(2,), groups=64, bias=False)
      (2): Conv1d(64, 64, kernel_size=(15,), stride=(1,), dilation=(4,), groups=64, bias=False)
      (3): Conv1d(64, 64, kernel_size=(31,), stride=(1,), dilation=(8,), groups=64, bias=False)
    )
    (imag_convs): ModuleList(
      (0): Conv1d(64, 64, kernel_size=(3,), stride=(1,), groups=64, bias=False)
      (1): Conv1d(64, 64, kernel_size=(7,), stride=(1,), dilation=(2,), groups=64, bias=False)
      (2): Conv1d(64, 64, kernel_size=(15,), stride=(1,), dilation=(4,), groups=64, bias=False)
      (3): Conv1d(64, 64, kernel_size=(31,), stride=(1,), dilation=(8,), groups=64, bias=False)
    )
  )
  (encoder): PSWEncoderV4(
    (layers): ModuleList(
      (0-1): 2 x PSWBlockV4(
        (attn): PhaseSyncAttentionV4(
          (query): Linear(in_features=64, out_features=64, bias=True)
          (key): Linear(in_features=64, out_features=64, bias=True)
          (value): Linear(in_features=64, out_features=64, bias=True)
          (attn_dropout): Dropout(p=0.5, inplace=False)
          (out_proj): Linear(in_features=64, out_features=64, bias=True)
          (out_dropout): Dropout(p=0.5, inplace=False)
          (layer_norm): LayerNorm((64,), eps=1e-12, elementwise_affine=True)
        )
        (ffn): FeedForwardV4(
          (dense_1): Linear(in_features=64, out_features=256, bias=True)
          (dense_2): Linear(in_features=256, out_features=64, bias=True)
          (layer_norm): LayerNorm((64,), eps=1e-12, elementwise_affine=True)
          (dropout): Dropout(p=0.5, inplace=False)
        )
      )
    )
  )
  (layer_norm): LayerNorm((64,), eps=1e-12, elementwise_affine=True)
  (dropout): Dropout(p=0.5, inplace=False)
  (loss_fct): CrossEntropyLoss()
)
Trainable parameters: 885012
11 Feb 13:31    INFO  FLOPs: 5312064.0
/home/572/kd6504/TRACT/RecBole/recbole/trainer/trainer.py:235: FutureWarning: `torch.cuda.amp.GradScaler(args...)` is deprecated. Please use `torch.amp.GradScaler('cuda', args...)` instead.
  scaler = amp.GradScaler(enabled=self.enable_scaler)
11 Feb 13:33    INFO  epoch 0 training [time: 69.48s, train loss: 8837.1354]
11 Feb 13:33    INFO  epoch 0 evaluating [time: 0.52s, valid_score: 0.019000]
11 Feb 13:33    INFO  valid result: 
hit@10 : 0.0394    ndcg@10 : 0.019    mrr@10 : 0.0129    recall@10 : 0.0394
11 Feb 13:33    INFO  Saving current: outputs/pswrecv4_beauty_a100_ce/pswrecv4-Feb-11-2026_13-31-47.pth
11 Feb 13:34    INFO  epoch 1 training [time: 67.87s, train loss: 8195.0032]
11 Feb 13:34    INFO  epoch 1 evaluating [time: 0.30s, valid_score: 0.029700]
11 Feb 13:34    INFO  valid result: 
hit@10 : 0.0572    ndcg@10 : 0.0297    mrr@10 : 0.0213    recall@10 : 0.0572
11 Feb 13:34    INFO  Saving current: outputs/pswrecv4_beauty_a100_ce/pswrecv4-Feb-11-2026_13-31-47.pth
11 Feb 13:35    INFO  epoch 2 training [time: 67.81s, train loss: 7906.0731]
11 Feb 13:35    INFO  epoch 2 evaluating [time: 0.30s, valid_score: 0.036300]
11 Feb 13:35    INFO  valid result: 
hit@10 : 0.0705    ndcg@10 : 0.0363    mrr@10 : 0.026    recall@10 : 0.0705
11 Feb 13:35    INFO  Saving current: outputs/pswrecv4_beauty_a100_ce/pswrecv4-Feb-11-2026_13-31-47.pth
11 Feb 13:36    INFO  epoch 3 training [time: 67.81s, train loss: 7685.0125]
11 Feb 13:36    INFO  epoch 3 evaluating [time: 0.30s, valid_score: 0.041000]
11 Feb 13:36    INFO  valid result: 
hit@10 : 0.0826    ndcg@10 : 0.041    mrr@10 : 0.0284    recall@10 : 0.0826
11 Feb 13:36    INFO  Saving current: outputs/pswrecv4_beauty_a100_ce/pswrecv4-Feb-11-2026_13-31-47.pth
11 Feb 13:37    INFO  epoch 4 training [time: 67.76s, train loss: 7496.4606]
11 Feb 13:37    INFO  epoch 4 evaluating [time: 0.29s, valid_score: 0.044900]
11 Feb 13:37    INFO  valid result: 
hit@10 : 0.089    ndcg@10 : 0.0449    mrr@10 : 0.0314    recall@10 : 0.089
11 Feb 13:37    INFO  Saving current: outputs/pswrecv4_beauty_a100_ce/pswrecv4-Feb-11-2026_13-31-47.pth
11 Feb 13:38    INFO  epoch 5 training [time: 67.83s, train loss: 7339.4680]
11 Feb 13:38    INFO  epoch 5 evaluating [time: 0.31s, valid_score: 0.046600]
11 Feb 13:38    INFO  valid result: 
hit@10 : 0.0931    ndcg@10 : 0.0466    mrr@10 : 0.0324    recall@10 : 0.0931
11 Feb 13:38    INFO  Saving current: outputs/pswrecv4_beauty_a100_ce/pswrecv4-Feb-11-2026_13-31-47.pth
11 Feb 13:40    INFO  epoch 6 training [time: 67.78s, train loss: 7204.7528]
11 Feb 13:40    INFO  epoch 6 evaluating [time: 0.31s, valid_score: 0.046600]
11 Feb 13:40    INFO  valid result: 
hit@10 : 0.0931    ndcg@10 : 0.0466    mrr@10 : 0.0324    recall@10 : 0.0931
11 Feb 13:40    INFO  Saving current: outputs/pswrecv4_beauty_a100_ce/pswrecv4-Feb-11-2026_13-31-47.pth
11 Feb 13:41    INFO  epoch 7 training [time: 67.77s, train loss: 7107.5824]
11 Feb 13:41    INFO  epoch 7 evaluating [time: 0.31s, valid_score: 0.048400]
11 Feb 13:41    INFO  valid result: 
hit@10 : 0.0976    ndcg@10 : 0.0484    mrr@10 : 0.0333    recall@10 : 0.0976
11 Feb 13:41    INFO  Saving current: outputs/pswrecv4_beauty_a100_ce/pswrecv4-Feb-11-2026_13-31-47.pth
11 Feb 13:42    INFO  epoch 8 training [time: 67.73s, train loss: 7018.7088]
11 Feb 13:42    INFO  epoch 8 evaluating [time: 0.30s, valid_score: 0.048400]
11 Feb 13:42    INFO  valid result: 
hit@10 : 0.0982    ndcg@10 : 0.0484    mrr@10 : 0.0332    recall@10 : 0.0982
11 Feb 13:42    INFO  Saving current: outputs/pswrecv4_beauty_a100_ce/pswrecv4-Feb-11-2026_13-31-47.pth
11 Feb 13:43    INFO  epoch 9 training [time: 67.75s, train loss: 6952.2827]
11 Feb 13:43    INFO  epoch 9 evaluating [time: 0.29s, valid_score: 0.048600]
11 Feb 13:43    INFO  valid result: 
hit@10 : 0.0992    ndcg@10 : 0.0486    mrr@10 : 0.0331    recall@10 : 0.0992
11 Feb 13:43    INFO  Saving current: outputs/pswrecv4_beauty_a100_ce/pswrecv4-Feb-11-2026_13-31-47.pth
11 Feb 13:44    INFO  epoch 10 training [time: 67.71s, train loss: 6887.8725]
11 Feb 13:44    INFO  epoch 10 evaluating [time: 0.31s, valid_score: 0.049900]
11 Feb 13:44    INFO  valid result: 
hit@10 : 0.1002    ndcg@10 : 0.0499    mrr@10 : 0.0345    recall@10 : 0.1002
11 Feb 13:44    INFO  Saving current: outputs/pswrecv4_beauty_a100_ce/pswrecv4-Feb-11-2026_13-31-47.pth
11 Feb 13:45    INFO  epoch 11 training [time: 67.84s, train loss: 6842.8416]
11 Feb 13:45    INFO  epoch 11 evaluating [time: 0.30s, valid_score: 0.050200]
11 Feb 13:45    INFO  valid result: 
hit@10 : 0.1007    ndcg@10 : 0.0502    mrr@10 : 0.0346    recall@10 : 0.1007
11 Feb 13:45    INFO  Saving current: outputs/pswrecv4_beauty_a100_ce/pswrecv4-Feb-11-2026_13-31-47.pth
11 Feb 13:46    INFO  epoch 12 training [time: 67.76s, train loss: 6806.4983]
11 Feb 13:46    INFO  epoch 12 evaluating [time: 0.31s, valid_score: 0.049700]
11 Feb 13:46    INFO  valid result: 
hit@10 : 0.1003    ndcg@10 : 0.0497    mrr@10 : 0.0342    recall@10 : 0.1003
11 Feb 13:47    INFO  epoch 13 training [time: 67.84s, train loss: 6762.3014]
11 Feb 13:48    INFO  epoch 13 evaluating [time: 0.30s, valid_score: 0.049900]
11 Feb 13:48    INFO  valid result: 
hit@10 : 0.0996    ndcg@10 : 0.0499    mrr@10 : 0.0346    recall@10 : 0.0996
11 Feb 13:49    INFO  epoch 14 training [time: 67.98s, train loss: 6735.1068]
11 Feb 13:49    INFO  epoch 14 evaluating [time: 0.31s, valid_score: 0.050200]
11 Feb 13:49    INFO  valid result: 
hit@10 : 0.102    ndcg@10 : 0.0502    mrr@10 : 0.0343    recall@10 : 0.102
11 Feb 13:49    INFO  Saving current: outputs/pswrecv4_beauty_a100_ce/pswrecv4-Feb-11-2026_13-31-47.pth
11 Feb 13:50    INFO  epoch 15 training [time: 67.86s, train loss: 6706.5403]
11 Feb 13:50    INFO  epoch 15 evaluating [time: 0.30s, valid_score: 0.050100]
11 Feb 13:50    INFO  valid result: 
hit@10 : 0.1012    ndcg@10 : 0.0501    mrr@10 : 0.0344    recall@10 : 0.1012
11 Feb 13:51    INFO  epoch 16 training [time: 67.77s, train loss: 6679.2873]
11 Feb 13:51    INFO  epoch 16 evaluating [time: 0.30s, valid_score: 0.050700]
11 Feb 13:51    INFO  valid result: 
hit@10 : 0.1025    ndcg@10 : 0.0507    mrr@10 : 0.0347    recall@10 : 0.1025
11 Feb 13:51    INFO  Saving current: outputs/pswrecv4_beauty_a100_ce/pswrecv4-Feb-11-2026_13-31-47.pth
11 Feb 13:52    INFO  epoch 17 training [time: 67.78s, train loss: 6659.1314]
11 Feb 13:52    INFO  epoch 17 evaluating [time: 0.31s, valid_score: 0.050300]
11 Feb 13:52    INFO  valid result: 
hit@10 : 0.1004    ndcg@10 : 0.0503    mrr@10 : 0.0348    recall@10 : 0.1004
11 Feb 13:53    INFO  epoch 18 training [time: 67.75s, train loss: 6638.1629]
11 Feb 13:53    INFO  epoch 18 evaluating [time: 0.31s, valid_score: 0.052100]
11 Feb 13:53    INFO  valid result: 
hit@10 : 0.1026    ndcg@10 : 0.0521    mrr@10 : 0.0366    recall@10 : 0.1026
11 Feb 13:53    INFO  Saving current: outputs/pswrecv4_beauty_a100_ce/pswrecv4-Feb-11-2026_13-31-47.pth
11 Feb 13:54    INFO  epoch 19 training [time: 67.76s, train loss: 6617.6802]
11 Feb 13:54    INFO  epoch 19 evaluating [time: 0.30s, valid_score: 0.051000]
11 Feb 13:54    INFO  valid result: 
hit@10 : 0.1024    ndcg@10 : 0.051    mrr@10 : 0.0352    recall@10 : 0.1024
11 Feb 13:55    INFO  epoch 20 training [time: 67.85s, train loss: 6595.6018]
11 Feb 13:55    INFO  epoch 20 evaluating [time: 0.29s, valid_score: 0.051300]
11 Feb 13:55    INFO  valid result: 
hit@10 : 0.1025    ndcg@10 : 0.0513    mrr@10 : 0.0355    recall@10 : 0.1025
11 Feb 13:57    INFO  epoch 21 training [time: 68.04s, train loss: 6581.8403]
11 Feb 13:57    INFO  epoch 21 evaluating [time: 0.30s, valid_score: 0.050900]
11 Feb 13:57    INFO  valid result: 
hit@10 : 0.1018    ndcg@10 : 0.0509    mrr@10 : 0.0352    recall@10 : 0.1018
11 Feb 13:58    INFO  epoch 22 training [time: 67.91s, train loss: 6568.5715]
11 Feb 13:58    INFO  epoch 22 evaluating [time: 0.31s, valid_score: 0.051800]
11 Feb 13:58    INFO  valid result: 
hit@10 : 0.1042    ndcg@10 : 0.0518    mrr@10 : 0.0357    recall@10 : 0.1042
11 Feb 13:59    INFO  epoch 23 training [time: 67.77s, train loss: 6553.5479]
11 Feb 13:59    INFO  epoch 23 evaluating [time: 0.29s, valid_score: 0.050700]
11 Feb 13:59    INFO  valid result: 
hit@10 : 0.1016    ndcg@10 : 0.0507    mrr@10 : 0.035    recall@10 : 0.1016
11 Feb 14:00    INFO  epoch 24 training [time: 67.74s, train loss: 6535.7470]
11 Feb 14:00    INFO  epoch 24 evaluating [time: 0.31s, valid_score: 0.051000]
11 Feb 14:00    INFO  valid result: 
hit@10 : 0.1024    ndcg@10 : 0.051    mrr@10 : 0.0352    recall@10 : 0.1024
11 Feb 14:01    INFO  epoch 25 training [time: 67.83s, train loss: 6530.8279]
11 Feb 14:01    INFO  epoch 25 evaluating [time: 0.30s, valid_score: 0.050500]
11 Feb 14:01    INFO  valid result: 
hit@10 : 0.1024    ndcg@10 : 0.0505    mrr@10 : 0.0346    recall@10 : 0.1024
11 Feb 14:02    INFO  epoch 26 training [time: 67.79s, train loss: 6513.3691]
11 Feb 14:02    INFO  epoch 26 evaluating [time: 0.31s, valid_score: 0.052000]
11 Feb 14:02    INFO  valid result: 
hit@10 : 0.1029    ndcg@10 : 0.052    mrr@10 : 0.0363    recall@10 : 0.1029
11 Feb 14:03    INFO  epoch 27 training [time: 67.79s, train loss: 6502.7285]
11 Feb 14:03    INFO  epoch 27 evaluating [time: 0.30s, valid_score: 0.052600]
11 Feb 14:03    INFO  valid result: 
hit@10 : 0.105    ndcg@10 : 0.0526    mrr@10 : 0.0365    recall@10 : 0.105
11 Feb 14:03    INFO  Saving current: outputs/pswrecv4_beauty_a100_ce/pswrecv4-Feb-11-2026_13-31-47.pth
11 Feb 14:05    INFO  epoch 28 training [time: 67.73s, train loss: 6490.3054]
11 Feb 14:05    INFO  epoch 28 evaluating [time: 0.30s, valid_score: 0.051700]
11 Feb 14:05    INFO  valid result: 
hit@10 : 0.1024    ndcg@10 : 0.0517    mrr@10 : 0.0361    recall@10 : 0.1024
11 Feb 14:06    INFO  epoch 29 training [time: 67.85s, train loss: 6482.5042]
11 Feb 14:06    INFO  epoch 29 evaluating [time: 0.29s, valid_score: 0.050500]
11 Feb 14:06    INFO  valid result: 
hit@10 : 0.1018    ndcg@10 : 0.0505    mrr@10 : 0.0347    recall@10 : 0.1018
11 Feb 14:07    INFO  epoch 30 training [time: 67.75s, train loss: 6474.9981]
11 Feb 14:07    INFO  epoch 30 evaluating [time: 0.30s, valid_score: 0.051400]
11 Feb 14:07    INFO  valid result: 
hit@10 : 0.103    ndcg@10 : 0.0514    mrr@10 : 0.0355    recall@10 : 0.103
11 Feb 14:08    INFO  epoch 31 training [time: 67.93s, train loss: 6466.0368]
11 Feb 14:08    INFO  epoch 31 evaluating [time: 0.30s, valid_score: 0.050800]
11 Feb 14:08    INFO  valid result: 
hit@10 : 0.1022    ndcg@10 : 0.0508    mrr@10 : 0.035    recall@10 : 0.1022
11 Feb 14:09    INFO  epoch 32 training [time: 68.03s, train loss: 6451.6647]
11 Feb 14:09    INFO  epoch 32 evaluating [time: 0.30s, valid_score: 0.052200]
11 Feb 14:09    INFO  valid result: 
hit@10 : 0.104    ndcg@10 : 0.0522    mrr@10 : 0.0363    recall@10 : 0.104
11 Feb 14:10    INFO  epoch 33 training [time: 68.26s, train loss: 6444.0462]
11 Feb 14:10    INFO  epoch 33 evaluating [time: 0.30s, valid_score: 0.051800]
11 Feb 14:10    INFO  valid result: 
hit@10 : 0.1032    ndcg@10 : 0.0518    mrr@10 : 0.0361    recall@10 : 0.1032
11 Feb 14:11    INFO  epoch 34 training [time: 68.11s, train loss: 6434.7055]
11 Feb 14:11    INFO  epoch 34 evaluating [time: 0.31s, valid_score: 0.050600]
11 Feb 14:11    INFO  valid result: 
hit@10 : 0.1011    ndcg@10 : 0.0506    mrr@10 : 0.0351    recall@10 : 0.1011
11 Feb 14:13    INFO  epoch 35 training [time: 68.08s, train loss: 6427.9922]
11 Feb 14:13    INFO  epoch 35 evaluating [time: 0.31s, valid_score: 0.052200]
11 Feb 14:13    INFO  valid result: 
hit@10 : 0.1042    ndcg@10 : 0.0522    mrr@10 : 0.0362    recall@10 : 0.1042
11 Feb 14:14    INFO  epoch 36 training [time: 68.00s, train loss: 6415.8074]
11 Feb 14:14    INFO  epoch 36 evaluating [time: 0.30s, valid_score: 0.052400]
11 Feb 14:14    INFO  valid result: 
hit@10 : 0.1043    ndcg@10 : 0.0524    mrr@10 : 0.0365    recall@10 : 0.1043
11 Feb 14:15    INFO  epoch 37 training [time: 68.13s, train loss: 6414.2786]
11 Feb 14:15    INFO  epoch 37 evaluating [time: 0.29s, valid_score: 0.051500]
11 Feb 14:15    INFO  valid result: 
hit@10 : 0.1029    ndcg@10 : 0.0515    mrr@10 : 0.0357    recall@10 : 0.1029
11 Feb 14:16    INFO  epoch 38 training [time: 68.14s, train loss: 6410.2682]
11 Feb 14:16    INFO  epoch 38 evaluating [time: 0.31s, valid_score: 0.052700]
11 Feb 14:16    INFO  valid result: 
hit@10 : 0.104    ndcg@10 : 0.0527    mrr@10 : 0.037    recall@10 : 0.104
11 Feb 14:16    INFO  Saving current: outputs/pswrecv4_beauty_a100_ce/pswrecv4-Feb-11-2026_13-31-47.pth
11 Feb 14:17    INFO  epoch 39 training [time: 68.09s, train loss: 6402.9143]
11 Feb 14:17    INFO  epoch 39 evaluating [time: 0.30s, valid_score: 0.052300]
11 Feb 14:17    INFO  valid result: 
hit@10 : 0.1046    ndcg@10 : 0.0523    mrr@10 : 0.0362    recall@10 : 0.1046
11 Feb 14:18    INFO  epoch 40 training [time: 68.16s, train loss: 6392.4337]
11 Feb 14:18    INFO  epoch 40 evaluating [time: 0.30s, valid_score: 0.052200]
11 Feb 14:18    INFO  valid result: 
hit@10 : 0.1036    ndcg@10 : 0.0522    mrr@10 : 0.0364    recall@10 : 0.1036
11 Feb 14:19    INFO  epoch 41 training [time: 68.13s, train loss: 6386.5734]
11 Feb 14:19    INFO  epoch 41 evaluating [time: 0.30s, valid_score: 0.052500]
11 Feb 14:19    INFO  valid result: 
hit@10 : 0.1033    ndcg@10 : 0.0525    mrr@10 : 0.0369    recall@10 : 0.1033
11 Feb 14:20    INFO  epoch 42 training [time: 68.15s, train loss: 6381.2626]
11 Feb 14:20    INFO  epoch 42 evaluating [time: 0.31s, valid_score: 0.053300]
11 Feb 14:20    INFO  valid result: 
hit@10 : 0.1057    ndcg@10 : 0.0533    mrr@10 : 0.0373    recall@10 : 0.1057
11 Feb 14:20    INFO  Saving current: outputs/pswrecv4_beauty_a100_ce/pswrecv4-Feb-11-2026_13-31-47.pth
11 Feb 14:22    INFO  epoch 43 training [time: 68.09s, train loss: 6376.6632]
11 Feb 14:22    INFO  epoch 43 evaluating [time: 0.31s, valid_score: 0.052100]
11 Feb 14:22    INFO  valid result: 
hit@10 : 0.1038    ndcg@10 : 0.0521    mrr@10 : 0.0362    recall@10 : 0.1038
11 Feb 14:23    INFO  epoch 44 training [time: 68.03s, train loss: 6364.9613]
11 Feb 14:23    INFO  epoch 44 evaluating [time: 0.31s, valid_score: 0.053100]
11 Feb 14:23    INFO  valid result: 
hit@10 : 0.106    ndcg@10 : 0.0531    mrr@10 : 0.0369    recall@10 : 0.106
11 Feb 14:24    INFO  epoch 45 training [time: 68.30s, train loss: 6365.7646]
11 Feb 14:24    INFO  epoch 45 evaluating [time: 0.30s, valid_score: 0.052800]
11 Feb 14:24    INFO  valid result: 
hit@10 : 0.1047    ndcg@10 : 0.0528    mrr@10 : 0.0369    recall@10 : 0.1047
11 Feb 14:25    INFO  epoch 46 training [time: 68.21s, train loss: 6357.4468]
11 Feb 14:25    INFO  epoch 46 evaluating [time: 0.30s, valid_score: 0.052800]
11 Feb 14:25    INFO  valid result: 
hit@10 : 0.1054    ndcg@10 : 0.0528    mrr@10 : 0.0366    recall@10 : 0.1054
11 Feb 14:26    INFO  epoch 47 training [time: 68.31s, train loss: 6351.5293]
11 Feb 14:26    INFO  epoch 47 evaluating [time: 0.30s, valid_score: 0.052600]
11 Feb 14:26    INFO  valid result: 
hit@10 : 0.1046    ndcg@10 : 0.0526    mrr@10 : 0.0366    recall@10 : 0.1046
11 Feb 14:27    INFO  epoch 48 training [time: 68.08s, train loss: 6343.6992]
11 Feb 14:27    INFO  epoch 48 evaluating [time: 0.30s, valid_score: 0.053000]
11 Feb 14:27    INFO  valid result: 
hit@10 : 0.106    ndcg@10 : 0.053    mrr@10 : 0.0367    recall@10 : 0.106
11 Feb 14:28    INFO  epoch 49 training [time: 68.14s, train loss: 6340.3697]
11 Feb 14:28    INFO  epoch 49 evaluating [time: 0.30s, valid_score: 0.052100]
11 Feb 14:28    INFO  valid result: 
hit@10 : 0.1045    ndcg@10 : 0.0521    mrr@10 : 0.036    recall@10 : 0.1045
11 Feb 14:30    INFO  epoch 50 training [time: 68.11s, train loss: 6339.3923]
11 Feb 14:30    INFO  epoch 50 evaluating [time: 0.29s, valid_score: 0.052800]
11 Feb 14:30    INFO  valid result: 
hit@10 : 0.1054    ndcg@10 : 0.0528    mrr@10 : 0.0366    recall@10 : 0.1054
11 Feb 14:31    INFO  epoch 51 training [time: 68.16s, train loss: 6331.8250]
11 Feb 14:31    INFO  epoch 51 evaluating [time: 0.31s, valid_score: 0.052700]
11 Feb 14:31    INFO  valid result: 
hit@10 : 0.1053    ndcg@10 : 0.0527    mrr@10 : 0.0366    recall@10 : 0.1053
11 Feb 14:32    INFO  epoch 52 training [time: 68.12s, train loss: 6324.9140]
11 Feb 14:32    INFO  epoch 52 evaluating [time: 0.29s, valid_score: 0.053600]
11 Feb 14:32    INFO  valid result: 
hit@10 : 0.1054    ndcg@10 : 0.0536    mrr@10 : 0.0377    recall@10 : 0.1054
11 Feb 14:32    INFO  Saving current: outputs/pswrecv4_beauty_a100_ce/pswrecv4-Feb-11-2026_13-31-47.pth
11 Feb 14:33    INFO  epoch 53 training [time: 68.08s, train loss: 6320.6296]
11 Feb 14:33    INFO  epoch 53 evaluating [time: 0.31s, valid_score: 0.053200]
11 Feb 14:33    INFO  valid result: 
hit@10 : 0.106    ndcg@10 : 0.0532    mrr@10 : 0.037    recall@10 : 0.106
11 Feb 14:34    INFO  epoch 54 training [time: 68.07s, train loss: 6317.8347]
11 Feb 14:34    INFO  epoch 54 evaluating [time: 0.30s, valid_score: 0.052300]
11 Feb 14:34    INFO  valid result: 
hit@10 : 0.1037    ndcg@10 : 0.0523    mrr@10 : 0.0365    recall@10 : 0.1037
11 Feb 14:35    INFO  epoch 55 training [time: 68.01s, train loss: 6314.6758]
11 Feb 14:35    INFO  epoch 55 evaluating [time: 0.30s, valid_score: 0.052900]
11 Feb 14:35    INFO  valid result: 
hit@10 : 0.1054    ndcg@10 : 0.0529    mrr@10 : 0.0368    recall@10 : 0.1054
11 Feb 14:36    INFO  epoch 56 training [time: 67.95s, train loss: 6306.5169]
11 Feb 14:36    INFO  epoch 56 evaluating [time: 0.31s, valid_score: 0.052300]
11 Feb 14:36    INFO  valid result: 
hit@10 : 0.1041    ndcg@10 : 0.0523    mrr@10 : 0.0365    recall@10 : 0.1041
11 Feb 14:38    INFO  epoch 57 training [time: 67.97s, train loss: 6300.0530]
11 Feb 14:38    INFO  epoch 57 evaluating [time: 0.29s, valid_score: 0.052700]
11 Feb 14:38    INFO  valid result: 
hit@10 : 0.1051    ndcg@10 : 0.0527    mrr@10 : 0.0367    recall@10 : 0.1051
11 Feb 14:39    INFO  epoch 58 training [time: 68.08s, train loss: 6305.2467]
11 Feb 14:39    INFO  epoch 58 evaluating [time: 0.31s, valid_score: 0.051900]
11 Feb 14:39    INFO  valid result: 
hit@10 : 0.1031    ndcg@10 : 0.0519    mrr@10 : 0.0361    recall@10 : 0.1031
11 Feb 14:40    INFO  epoch 59 training [time: 68.04s, train loss: 6298.0695]
11 Feb 14:40    INFO  epoch 59 evaluating [time: 0.30s, valid_score: 0.053300]
11 Feb 14:40    INFO  valid result: 
hit@10 : 0.1059    ndcg@10 : 0.0533    mrr@10 : 0.0372    recall@10 : 0.1059
11 Feb 14:41    INFO  epoch 60 training [time: 68.09s, train loss: 6294.3035]
11 Feb 14:41    INFO  epoch 60 evaluating [time: 0.31s, valid_score: 0.052500]
11 Feb 14:41    INFO  valid result: 
hit@10 : 0.1046    ndcg@10 : 0.0525    mrr@10 : 0.0365    recall@10 : 0.1046
11 Feb 14:42    INFO  epoch 61 training [time: 67.92s, train loss: 6288.0756]
11 Feb 14:42    INFO  epoch 61 evaluating [time: 0.30s, valid_score: 0.052900]
11 Feb 14:42    INFO  valid result: 
hit@10 : 0.1043    ndcg@10 : 0.0529    mrr@10 : 0.0371    recall@10 : 0.1043
11 Feb 14:43    INFO  epoch 62 training [time: 67.97s, train loss: 6288.9167]
11 Feb 14:43    INFO  epoch 62 evaluating [time: 0.30s, valid_score: 0.052700]
11 Feb 14:43    INFO  valid result: 
hit@10 : 0.1045    ndcg@10 : 0.0527    mrr@10 : 0.0367    recall@10 : 0.1045
11 Feb 14:44    INFO  epoch 63 training [time: 67.95s, train loss: 6278.4574]
11 Feb 14:44    INFO  epoch 63 evaluating [time: 0.30s, valid_score: 0.053100]
11 Feb 14:44    INFO  valid result: 
hit@10 : 0.106    ndcg@10 : 0.0531    mrr@10 : 0.0369    recall@10 : 0.106
11 Feb 14:44    INFO  Finished training, best eval result in epoch 52
11 Feb 14:44    INFO  Loading model structure and parameters from outputs/pswrecv4_beauty_a100_ce/pswrecv4-Feb-11-2026_13-31-47.pth
11 Feb 14:44    INFO  The running environment of this training is as follows:
+-------------+------------------+
| Environment |      Usage       |
+=============+==================+
| CPU         |      2.80 %      |
+-------------+------------------+
| GPU         |  2.25 G/79.44 G  |
+-------------+------------------+
| Memory      | 1.44 G/2015.66 G |
+-------------+------------------+
11 Feb 14:44    INFO  best valid : OrderedDict([('hit@10', 0.1054), ('ndcg@10', 0.0536), ('mrr@10', 0.0377), ('recall@10', 0.1054)])
11 Feb 14:44    INFO  test result: OrderedDict([('hit@10', 0.0843), ('ndcg@10', 0.0427), ('mrr@10', 0.0299), ('recall@10', 0.0843)])
