command line args [-m wearec -d amazon-beauty --config_files configs/beauty/beauty_wearec_a100_ce.yaml] will not be used in RecBole
11 Feb 17:01    INFO  ['RecBole/run_recbole.py', '-m', 'wearec', '-d', 'amazon-beauty', '--config_files', 'configs/beauty/beauty_wearec_a100_ce.yaml']
11 Feb 17:01    INFO  
General Hyper Parameters:
gpu_id = 0
use_gpu = True
seed = 2026
state = INFO
reproducibility = True
data_path = /scratch/up63/kd6504/recbole_datasets/amazon-beauty
checkpoint_dir = outputs/wearec_beauty_a100_ce
show_progress = False
save_dataset = False
dataset_save_path = None
save_dataloaders = False
dataloaders_save_path = None
log_wandb = False

Training Hyper Parameters:
epochs = 200
train_batch_size = 256
learner = adam
learning_rate = 0.001
train_neg_sample_args = {'distribution': 'none', 'sample_num': 'none', 'alpha': 'none', 'dynamic': False, 'candidate_num': 0}
eval_step = 1
stopping_step = 10
clip_grad_norm = None
weight_decay = 0.0
loss_decimal_place = 4

Evaluation Hyper Parameters:
eval_args = {'split': {'LS': 'valid_and_test'}, 'order': 'TO', 'group_by': 'user', 'mode': {'valid': 'full', 'test': 'full'}}
repeatable = True
metrics = ['Hit', 'NDCG', 'MRR', 'Recall']
topk = [10]
valid_metric = NDCG@10
valid_metric_bigger = True
eval_batch_size = 4096
metric_decimal_place = 4

Dataset Hyper Parameters:
field_separator = 	
seq_separator =  
USER_ID_FIELD = user_id
ITEM_ID_FIELD = item_id
RATING_FIELD = rating
TIME_FIELD = timestamp
seq_len = None
LABEL_FIELD = label
threshold = None
NEG_PREFIX = neg_
load_col = {'inter': ['user_id', 'item_id', 'rating', 'timestamp']}
unload_col = None
unused_col = {'inter': ['rating']}
additional_feat_suffix = None
rm_dup_inter = None
val_interval = None
filter_inter_by_user_or_item = True
user_inter_num_interval = [5,inf)
item_inter_num_interval = [5,inf)
alias_of_user_id = None
alias_of_item_id = None
alias_of_entity_id = None
alias_of_relation_id = None
preload_weight = None
normalize_field = None
normalize_all = None
ITEM_LIST_LENGTH_FIELD = item_length
LIST_SUFFIX = _list
MAX_ITEM_LIST_LENGTH = 50
POSITION_FIELD = position_id
HEAD_ENTITY_ID_FIELD = head_id
TAIL_ENTITY_ID_FIELD = tail_id
RELATION_ID_FIELD = relation_id
ENTITY_ID_FIELD = entity_id
benchmark_filename = None

Other Hyper Parameters: 
worker = 0
wandb_project = recbole
shuffle = True
require_pow = False
enable_amp = False
enable_scaler = False
transform = None
numerical_features = []
discretization = None
kg_reverse_r = False
entity_kg_num_interval = [0,inf)
relation_kg_num_interval = [0,inf)
MODEL_TYPE = ModelType.SEQUENTIAL
loss_type = CE
n_layers = 2
num_heads = 2
hidden_size = 64
alpha = 0.3
hidden_dropout_prob = 0.5
hidden_act = gelu
layer_norm_eps = 1e-12
initializer_range = 0.02
MODEL_INPUT_TYPE = InputType.POINTWISE
eval_type = EvaluatorType.RANKING
single_spec = True
local_rank = 0
device = cuda
valid_neg_sample_args = {'distribution': 'uniform', 'sample_num': 'none'}
test_neg_sample_args = {'distribution': 'uniform', 'sample_num': 'none'}


/home/572/kd6504/TRACT/RecBole/recbole/data/dataset/dataset.py:648: ChainedAssignmentError: A value is being set on a copy of a DataFrame or Series through chained assignment using an inplace method.
Such inplace method never works to update the original DataFrame or Series, because the intermediate object on which we are setting values always behaves as a copy (due to Copy-on-Write).

For example, when doing 'df[col].method(value, inplace=True)', try using 'df.method({col: value}, inplace=True)' instead, to perform the operation inplace on the original object, or try to avoid an inplace operation using 'df[col] = df[col].method(value)'.

See the documentation for a more detailed explanation: https://pandas.pydata.org/pandas-docs/stable/user_guide/copy_on_write.html
  feat[field].fillna(value=0, inplace=True)
/home/572/kd6504/TRACT/RecBole/recbole/data/dataset/dataset.py:650: ChainedAssignmentError: A value is being set on a copy of a DataFrame or Series through chained assignment using an inplace method.
Such inplace method never works to update the original DataFrame or Series, because the intermediate object on which we are setting values always behaves as a copy (due to Copy-on-Write).

For example, when doing 'df[col].method(value, inplace=True)', try using 'df.method({col: value}, inplace=True)' instead, to perform the operation inplace on the original object, or try to avoid an inplace operation using 'df[col] = df[col].method(value)'.

See the documentation for a more detailed explanation: https://pandas.pydata.org/pandas-docs/stable/user_guide/copy_on_write.html
  feat[field].fillna(value=feat[field].mean(), inplace=True)
11 Feb 17:01    INFO  amazon-beauty
The number of users: 22364
Average actions of users: 8.876358270357287
The number of items: 12102
Average actions of items: 16.403768283612923
The number of inters: 198502
The sparsity of the dataset: 99.92665707018277%
Remain Fields: ['user_id', 'item_id', 'rating', 'timestamp']
/home/572/kd6504/TRACT/RecBole/recbole/data/dataset/dataset.py:2202: UserWarning: The given NumPy array is not writable, and PyTorch does not support non-writable tensors. This means writing to this tensor will result in undefined behavior. You may want to copy the array to protect its data or make it writable before converting it to a tensor. This type of warning will be suppressed for the rest of this program. (Triggered internally at /pytorch/torch/csrc/utils/tensor_numpy.cpp:203.)
  new_data[k] = torch.LongTensor(value)
11 Feb 17:01    INFO  [Training]: train_batch_size = [256] train_neg_sample_args: [{'distribution': 'none', 'sample_num': 'none', 'alpha': 'none', 'dynamic': False, 'candidate_num': 0}]
11 Feb 17:01    INFO  [Evaluation]: eval_batch_size = [4096] eval_args: [{'split': {'LS': 'valid_and_test'}, 'order': 'TO', 'group_by': 'user', 'mode': {'valid': 'full', 'test': 'full'}}]
11 Feb 17:01    INFO  wearec(
  (item_embedding): Embedding(12102, 64, padding_idx=0)
  (position_embedding): Embedding(50, 64)
  (LayerNorm): WEARecLayerNorm()
  (dropout): Dropout(p=0.5, inplace=False)
  (item_encoder): WEARecEncoder(
    (blocks): ModuleList(
      (0-1): 2 x WEARecBlock(
        (layer): WEARecLayer(
          (adaptive_mlp): Sequential(
            (0): Linear(in_features=64, out_features=64, bias=True)
            (1): GELU(approximate='none')
            (2): Linear(in_features=64, out_features=104, bias=True)
          )
          (out_dropout): Dropout(p=0.5, inplace=False)
          (LayerNorm): WEARecLayerNorm()
        )
        (feed_forward): WEARecFeedForward(
          (dense_1): Linear(in_features=64, out_features=256, bias=True)
          (dense_2): Linear(in_features=256, out_features=64, bias=True)
          (dropout): Dropout(p=0.5, inplace=False)
          (LayerNorm): WEARecLayerNorm()
        )
      )
    )
  )
  (loss_fct): CrossEntropyLoss()
)
Trainable parameters: 869792
11 Feb 17:01    INFO  FLOPs: 3304768.0
/home/572/kd6504/TRACT/RecBole/recbole/trainer/trainer.py:235: FutureWarning: `torch.cuda.amp.GradScaler(args...)` is deprecated. Please use `torch.amp.GradScaler('cuda', args...)` instead.
  scaler = amp.GradScaler(enabled=self.enable_scaler)
11 Feb 17:02    INFO  epoch 0 training [time: 26.63s, train loss: 4474.8260]
11 Feb 17:02    INFO  epoch 0 evaluating [time: 0.31s, valid_score: 0.016100]
11 Feb 17:02    INFO  valid result: 
hit@10 : 0.0329    ndcg@10 : 0.0161    mrr@10 : 0.011    recall@10 : 0.0329
11 Feb 17:02    INFO  Saving current: outputs/wearec_beauty_a100_ce/wearec-Feb-11-2026_17-01-37.pth
11 Feb 17:02    INFO  epoch 1 training [time: 26.27s, train loss: 4139.3217]
11 Feb 17:02    INFO  epoch 1 evaluating [time: 0.23s, valid_score: 0.027200]
11 Feb 17:02    INFO  valid result: 
hit@10 : 0.0529    ndcg@10 : 0.0272    mrr@10 : 0.0194    recall@10 : 0.0529
11 Feb 17:02    INFO  Saving current: outputs/wearec_beauty_a100_ce/wearec-Feb-11-2026_17-01-37.pth
11 Feb 17:03    INFO  epoch 2 training [time: 26.27s, train loss: 3958.4708]
11 Feb 17:03    INFO  epoch 2 evaluating [time: 0.23s, valid_score: 0.034600]
11 Feb 17:03    INFO  valid result: 
hit@10 : 0.0693    ndcg@10 : 0.0346    mrr@10 : 0.0241    recall@10 : 0.0693
11 Feb 17:03    INFO  Saving current: outputs/wearec_beauty_a100_ce/wearec-Feb-11-2026_17-01-37.pth
11 Feb 17:03    INFO  epoch 3 training [time: 26.29s, train loss: 3820.5590]
11 Feb 17:03    INFO  epoch 3 evaluating [time: 0.23s, valid_score: 0.040400]
11 Feb 17:03    INFO  valid result: 
hit@10 : 0.0824    ndcg@10 : 0.0404    mrr@10 : 0.0277    recall@10 : 0.0824
11 Feb 17:03    INFO  Saving current: outputs/wearec_beauty_a100_ce/wearec-Feb-11-2026_17-01-37.pth
11 Feb 17:04    INFO  epoch 4 training [time: 26.21s, train loss: 3708.0449]
11 Feb 17:04    INFO  epoch 4 evaluating [time: 0.23s, valid_score: 0.043500]
11 Feb 17:04    INFO  valid result: 
hit@10 : 0.0895    ndcg@10 : 0.0435    mrr@10 : 0.0295    recall@10 : 0.0895
11 Feb 17:04    INFO  Saving current: outputs/wearec_beauty_a100_ce/wearec-Feb-11-2026_17-01-37.pth
11 Feb 17:04    INFO  epoch 5 training [time: 26.33s, train loss: 3619.6679]
11 Feb 17:04    INFO  epoch 5 evaluating [time: 0.23s, valid_score: 0.045300]
11 Feb 17:04    INFO  valid result: 
hit@10 : 0.0932    ndcg@10 : 0.0453    mrr@10 : 0.0307    recall@10 : 0.0932
11 Feb 17:04    INFO  Saving current: outputs/wearec_beauty_a100_ce/wearec-Feb-11-2026_17-01-37.pth
11 Feb 17:04    INFO  epoch 6 training [time: 26.27s, train loss: 3546.5548]
11 Feb 17:04    INFO  epoch 6 evaluating [time: 0.23s, valid_score: 0.046000]
11 Feb 17:04    INFO  valid result: 
hit@10 : 0.0953    ndcg@10 : 0.046    mrr@10 : 0.0309    recall@10 : 0.0953
11 Feb 17:04    INFO  Saving current: outputs/wearec_beauty_a100_ce/wearec-Feb-11-2026_17-01-37.pth
11 Feb 17:05    INFO  epoch 7 training [time: 26.29s, train loss: 3489.9179]
11 Feb 17:05    INFO  epoch 7 evaluating [time: 0.22s, valid_score: 0.046700]
11 Feb 17:05    INFO  valid result: 
hit@10 : 0.0968    ndcg@10 : 0.0467    mrr@10 : 0.0315    recall@10 : 0.0968
11 Feb 17:05    INFO  Saving current: outputs/wearec_beauty_a100_ce/wearec-Feb-11-2026_17-01-37.pth
11 Feb 17:05    INFO  epoch 8 training [time: 26.28s, train loss: 3443.1558]
11 Feb 17:05    INFO  epoch 8 evaluating [time: 0.23s, valid_score: 0.047600]
11 Feb 17:05    INFO  valid result: 
hit@10 : 0.0983    ndcg@10 : 0.0476    mrr@10 : 0.0321    recall@10 : 0.0983
11 Feb 17:05    INFO  Saving current: outputs/wearec_beauty_a100_ce/wearec-Feb-11-2026_17-01-37.pth
11 Feb 17:06    INFO  epoch 9 training [time: 26.29s, train loss: 3408.2136]
11 Feb 17:06    INFO  epoch 9 evaluating [time: 0.23s, valid_score: 0.047100]
11 Feb 17:06    INFO  valid result: 
hit@10 : 0.0986    ndcg@10 : 0.0471    mrr@10 : 0.0313    recall@10 : 0.0986
11 Feb 17:06    INFO  epoch 10 training [time: 26.30s, train loss: 3378.7535]
11 Feb 17:06    INFO  epoch 10 evaluating [time: 0.23s, valid_score: 0.048100]
11 Feb 17:06    INFO  valid result: 
hit@10 : 0.0999    ndcg@10 : 0.0481    mrr@10 : 0.0322    recall@10 : 0.0999
11 Feb 17:06    INFO  Saving current: outputs/wearec_beauty_a100_ce/wearec-Feb-11-2026_17-01-37.pth
11 Feb 17:07    INFO  epoch 11 training [time: 26.34s, train loss: 3354.4612]
11 Feb 17:07    INFO  epoch 11 evaluating [time: 0.22s, valid_score: 0.049700]
11 Feb 17:07    INFO  valid result: 
hit@10 : 0.1017    ndcg@10 : 0.0497    mrr@10 : 0.0339    recall@10 : 0.1017
11 Feb 17:07    INFO  Saving current: outputs/wearec_beauty_a100_ce/wearec-Feb-11-2026_17-01-37.pth
11 Feb 17:07    INFO  epoch 12 training [time: 26.20s, train loss: 3329.5571]
11 Feb 17:07    INFO  epoch 12 evaluating [time: 0.23s, valid_score: 0.048600]
11 Feb 17:07    INFO  valid result: 
hit@10 : 0.1006    ndcg@10 : 0.0486    mrr@10 : 0.0327    recall@10 : 0.1006
11 Feb 17:08    INFO  epoch 13 training [time: 26.21s, train loss: 3310.1419]
11 Feb 17:08    INFO  epoch 13 evaluating [time: 0.22s, valid_score: 0.048700]
11 Feb 17:08    INFO  valid result: 
hit@10 : 0.1007    ndcg@10 : 0.0487    mrr@10 : 0.0328    recall@10 : 0.1007
11 Feb 17:08    INFO  epoch 14 training [time: 26.24s, train loss: 3294.5252]
11 Feb 17:08    INFO  epoch 14 evaluating [time: 0.23s, valid_score: 0.048500]
11 Feb 17:08    INFO  valid result: 
hit@10 : 0.1008    ndcg@10 : 0.0485    mrr@10 : 0.0324    recall@10 : 0.1008
11 Feb 17:08    INFO  epoch 15 training [time: 26.27s, train loss: 3282.0162]
11 Feb 17:08    INFO  epoch 15 evaluating [time: 0.22s, valid_score: 0.047800]
11 Feb 17:08    INFO  valid result: 
hit@10 : 0.1002    ndcg@10 : 0.0478    mrr@10 : 0.0318    recall@10 : 0.1002
11 Feb 17:09    INFO  epoch 16 training [time: 26.24s, train loss: 3268.7699]
11 Feb 17:09    INFO  epoch 16 evaluating [time: 0.23s, valid_score: 0.048800]
11 Feb 17:09    INFO  valid result: 
hit@10 : 0.1013    ndcg@10 : 0.0488    mrr@10 : 0.0327    recall@10 : 0.1013
11 Feb 17:09    INFO  epoch 17 training [time: 26.31s, train loss: 3252.1220]
11 Feb 17:09    INFO  epoch 17 evaluating [time: 0.22s, valid_score: 0.048200]
11 Feb 17:09    INFO  valid result: 
hit@10 : 0.1    ndcg@10 : 0.0482    mrr@10 : 0.0324    recall@10 : 0.1
11 Feb 17:10    INFO  epoch 18 training [time: 26.30s, train loss: 3245.5648]
11 Feb 17:10    INFO  epoch 18 evaluating [time: 0.23s, valid_score: 0.050200]
11 Feb 17:10    INFO  valid result: 
hit@10 : 0.1023    ndcg@10 : 0.0502    mrr@10 : 0.0343    recall@10 : 0.1023
11 Feb 17:10    INFO  Saving current: outputs/wearec_beauty_a100_ce/wearec-Feb-11-2026_17-01-37.pth
11 Feb 17:10    INFO  epoch 19 training [time: 26.25s, train loss: 3236.9819]
11 Feb 17:10    INFO  epoch 19 evaluating [time: 0.22s, valid_score: 0.050000]
11 Feb 17:10    INFO  valid result: 
hit@10 : 0.1032    ndcg@10 : 0.05    mrr@10 : 0.0338    recall@10 : 0.1032
11 Feb 17:11    INFO  epoch 20 training [time: 26.18s, train loss: 3229.2095]
11 Feb 17:11    INFO  epoch 20 evaluating [time: 0.22s, valid_score: 0.050200]
11 Feb 17:11    INFO  valid result: 
hit@10 : 0.1029    ndcg@10 : 0.0502    mrr@10 : 0.0341    recall@10 : 0.1029
11 Feb 17:11    INFO  Saving current: outputs/wearec_beauty_a100_ce/wearec-Feb-11-2026_17-01-37.pth
11 Feb 17:11    INFO  epoch 21 training [time: 26.24s, train loss: 3216.2126]
11 Feb 17:11    INFO  epoch 21 evaluating [time: 0.23s, valid_score: 0.049400]
11 Feb 17:11    INFO  valid result: 
hit@10 : 0.1016    ndcg@10 : 0.0494    mrr@10 : 0.0334    recall@10 : 0.1016
11 Feb 17:12    INFO  epoch 22 training [time: 26.22s, train loss: 3210.2619]
11 Feb 17:12    INFO  epoch 22 evaluating [time: 0.22s, valid_score: 0.049300]
11 Feb 17:12    INFO  valid result: 
hit@10 : 0.1037    ndcg@10 : 0.0493    mrr@10 : 0.0327    recall@10 : 0.1037
11 Feb 17:12    INFO  epoch 23 training [time: 26.32s, train loss: 3202.4331]
11 Feb 17:12    INFO  epoch 23 evaluating [time: 0.23s, valid_score: 0.050000]
11 Feb 17:12    INFO  valid result: 
hit@10 : 0.1033    ndcg@10 : 0.05    mrr@10 : 0.0338    recall@10 : 0.1033
11 Feb 17:12    INFO  epoch 24 training [time: 26.52s, train loss: 3196.0629]
11 Feb 17:12    INFO  epoch 24 evaluating [time: 0.22s, valid_score: 0.050100]
11 Feb 17:12    INFO  valid result: 
hit@10 : 0.1033    ndcg@10 : 0.0501    mrr@10 : 0.0338    recall@10 : 0.1033
11 Feb 17:13    INFO  epoch 25 training [time: 26.46s, train loss: 3191.4060]
11 Feb 17:13    INFO  epoch 25 evaluating [time: 0.23s, valid_score: 0.049100]
11 Feb 17:13    INFO  valid result: 
hit@10 : 0.1024    ndcg@10 : 0.0491    mrr@10 : 0.0327    recall@10 : 0.1024
11 Feb 17:13    INFO  epoch 26 training [time: 26.35s, train loss: 3184.4814]
11 Feb 17:13    INFO  epoch 26 evaluating [time: 0.23s, valid_score: 0.050100]
11 Feb 17:13    INFO  valid result: 
hit@10 : 0.1033    ndcg@10 : 0.0501    mrr@10 : 0.0339    recall@10 : 0.1033
11 Feb 17:14    INFO  epoch 27 training [time: 26.35s, train loss: 3178.9261]
11 Feb 17:14    INFO  epoch 27 evaluating [time: 0.22s, valid_score: 0.050700]
11 Feb 17:14    INFO  valid result: 
hit@10 : 0.1034    ndcg@10 : 0.0507    mrr@10 : 0.0346    recall@10 : 0.1034
11 Feb 17:14    INFO  Saving current: outputs/wearec_beauty_a100_ce/wearec-Feb-11-2026_17-01-37.pth
11 Feb 17:14    INFO  epoch 28 training [time: 26.29s, train loss: 3171.4722]
11 Feb 17:14    INFO  epoch 28 evaluating [time: 0.23s, valid_score: 0.051000]
11 Feb 17:14    INFO  valid result: 
hit@10 : 0.1033    ndcg@10 : 0.051    mrr@10 : 0.035    recall@10 : 0.1033
11 Feb 17:14    INFO  Saving current: outputs/wearec_beauty_a100_ce/wearec-Feb-11-2026_17-01-37.pth
11 Feb 17:15    INFO  epoch 29 training [time: 26.26s, train loss: 3169.0906]
11 Feb 17:15    INFO  epoch 29 evaluating [time: 0.22s, valid_score: 0.050300]
11 Feb 17:15    INFO  valid result: 
hit@10 : 0.1033    ndcg@10 : 0.0503    mrr@10 : 0.0341    recall@10 : 0.1033
11 Feb 17:15    INFO  epoch 30 training [time: 26.26s, train loss: 3162.7388]
11 Feb 17:15    INFO  epoch 30 evaluating [time: 0.23s, valid_score: 0.050000]
11 Feb 17:15    INFO  valid result: 
hit@10 : 0.1027    ndcg@10 : 0.05    mrr@10 : 0.0339    recall@10 : 0.1027
11 Feb 17:16    INFO  epoch 31 training [time: 26.25s, train loss: 3156.5823]
11 Feb 17:16    INFO  epoch 31 evaluating [time: 0.22s, valid_score: 0.049900]
11 Feb 17:16    INFO  valid result: 
hit@10 : 0.1032    ndcg@10 : 0.0499    mrr@10 : 0.0336    recall@10 : 0.1032
11 Feb 17:16    INFO  epoch 32 training [time: 26.39s, train loss: 3151.0736]
11 Feb 17:16    INFO  epoch 32 evaluating [time: 0.23s, valid_score: 0.051200]
11 Feb 17:16    INFO  valid result: 
hit@10 : 0.1041    ndcg@10 : 0.0512    mrr@10 : 0.035    recall@10 : 0.1041
11 Feb 17:16    INFO  Saving current: outputs/wearec_beauty_a100_ce/wearec-Feb-11-2026_17-01-37.pth
11 Feb 17:16    INFO  epoch 33 training [time: 26.46s, train loss: 3148.3039]
11 Feb 17:16    INFO  epoch 33 evaluating [time: 0.23s, valid_score: 0.050500]
11 Feb 17:16    INFO  valid result: 
hit@10 : 0.1048    ndcg@10 : 0.0505    mrr@10 : 0.034    recall@10 : 0.1048
11 Feb 17:17    INFO  epoch 34 training [time: 26.47s, train loss: 3140.3219]
11 Feb 17:17    INFO  epoch 34 evaluating [time: 0.22s, valid_score: 0.049700]
11 Feb 17:17    INFO  valid result: 
hit@10 : 0.1028    ndcg@10 : 0.0497    mrr@10 : 0.0335    recall@10 : 0.1028
11 Feb 17:17    INFO  epoch 35 training [time: 26.43s, train loss: 3135.8384]
11 Feb 17:17    INFO  epoch 35 evaluating [time: 0.23s, valid_score: 0.051300]
11 Feb 17:17    INFO  valid result: 
hit@10 : 0.1041    ndcg@10 : 0.0513    mrr@10 : 0.0351    recall@10 : 0.1041
11 Feb 17:17    INFO  Saving current: outputs/wearec_beauty_a100_ce/wearec-Feb-11-2026_17-01-37.pth
11 Feb 17:18    INFO  epoch 36 training [time: 26.50s, train loss: 3133.7620]
11 Feb 17:18    INFO  epoch 36 evaluating [time: 0.22s, valid_score: 0.051000]
11 Feb 17:18    INFO  valid result: 
hit@10 : 0.1042    ndcg@10 : 0.051    mrr@10 : 0.0348    recall@10 : 0.1042
11 Feb 17:18    INFO  epoch 37 training [time: 26.45s, train loss: 3129.9369]
11 Feb 17:18    INFO  epoch 37 evaluating [time: 0.23s, valid_score: 0.049600]
11 Feb 17:18    INFO  valid result: 
hit@10 : 0.1036    ndcg@10 : 0.0496    mrr@10 : 0.0331    recall@10 : 0.1036
11 Feb 17:19    INFO  epoch 38 training [time: 26.45s, train loss: 3124.4308]
11 Feb 17:19    INFO  epoch 38 evaluating [time: 0.22s, valid_score: 0.050900]
11 Feb 17:19    INFO  valid result: 
hit@10 : 0.1036    ndcg@10 : 0.0509    mrr@10 : 0.0349    recall@10 : 0.1036
11 Feb 17:19    INFO  epoch 39 training [time: 26.44s, train loss: 3124.1430]
11 Feb 17:19    INFO  epoch 39 evaluating [time: 0.23s, valid_score: 0.050900]
11 Feb 17:19    INFO  valid result: 
hit@10 : 0.103    ndcg@10 : 0.0509    mrr@10 : 0.035    recall@10 : 0.103
11 Feb 17:20    INFO  epoch 40 training [time: 26.39s, train loss: 3120.6282]
11 Feb 17:20    INFO  epoch 40 evaluating [time: 0.22s, valid_score: 0.050400]
11 Feb 17:20    INFO  valid result: 
hit@10 : 0.1028    ndcg@10 : 0.0504    mrr@10 : 0.0344    recall@10 : 0.1028
11 Feb 17:20    INFO  epoch 41 training [time: 26.55s, train loss: 3112.2945]
11 Feb 17:20    INFO  epoch 41 evaluating [time: 0.22s, valid_score: 0.050700]
11 Feb 17:20    INFO  valid result: 
hit@10 : 0.1039    ndcg@10 : 0.0507    mrr@10 : 0.0345    recall@10 : 0.1039
11 Feb 17:20    INFO  epoch 42 training [time: 26.53s, train loss: 3112.0063]
11 Feb 17:20    INFO  epoch 42 evaluating [time: 0.23s, valid_score: 0.051000]
11 Feb 17:20    INFO  valid result: 
hit@10 : 0.1033    ndcg@10 : 0.051    mrr@10 : 0.035    recall@10 : 0.1033
11 Feb 17:21    INFO  epoch 43 training [time: 26.51s, train loss: 3106.8815]
11 Feb 17:21    INFO  epoch 43 evaluating [time: 0.22s, valid_score: 0.050800]
11 Feb 17:21    INFO  valid result: 
hit@10 : 0.1037    ndcg@10 : 0.0508    mrr@10 : 0.0347    recall@10 : 0.1037
11 Feb 17:21    INFO  epoch 44 training [time: 26.46s, train loss: 3106.0169]
11 Feb 17:21    INFO  epoch 44 evaluating [time: 0.23s, valid_score: 0.050800]
11 Feb 17:21    INFO  valid result: 
hit@10 : 0.1037    ndcg@10 : 0.0508    mrr@10 : 0.0347    recall@10 : 0.1037
11 Feb 17:22    INFO  epoch 45 training [time: 26.49s, train loss: 3102.5180]
11 Feb 17:22    INFO  epoch 45 evaluating [time: 0.22s, valid_score: 0.050700]
11 Feb 17:22    INFO  valid result: 
hit@10 : 0.1026    ndcg@10 : 0.0507    mrr@10 : 0.0348    recall@10 : 0.1026
11 Feb 17:22    INFO  epoch 46 training [time: 26.49s, train loss: 3098.1737]
11 Feb 17:22    INFO  epoch 46 evaluating [time: 0.23s, valid_score: 0.051300]
11 Feb 17:22    INFO  valid result: 
hit@10 : 0.1056    ndcg@10 : 0.0513    mrr@10 : 0.0348    recall@10 : 0.1056
11 Feb 17:22    INFO  Saving current: outputs/wearec_beauty_a100_ce/wearec-Feb-11-2026_17-01-37.pth
11 Feb 17:23    INFO  epoch 47 training [time: 26.44s, train loss: 3095.8771]
11 Feb 17:23    INFO  epoch 47 evaluating [time: 0.23s, valid_score: 0.050900]
11 Feb 17:23    INFO  valid result: 
hit@10 : 0.1043    ndcg@10 : 0.0509    mrr@10 : 0.0346    recall@10 : 0.1043
11 Feb 17:23    INFO  epoch 48 training [time: 26.38s, train loss: 3093.9006]
11 Feb 17:23    INFO  epoch 48 evaluating [time: 0.22s, valid_score: 0.051100]
11 Feb 17:23    INFO  valid result: 
hit@10 : 0.1046    ndcg@10 : 0.0511    mrr@10 : 0.0347    recall@10 : 0.1046
11 Feb 17:24    INFO  epoch 49 training [time: 26.37s, train loss: 3090.0180]
11 Feb 17:24    INFO  epoch 49 evaluating [time: 0.23s, valid_score: 0.050800]
11 Feb 17:24    INFO  valid result: 
hit@10 : 0.1041    ndcg@10 : 0.0508    mrr@10 : 0.0346    recall@10 : 0.1041
11 Feb 17:24    INFO  epoch 50 training [time: 26.34s, train loss: 3088.4832]
11 Feb 17:24    INFO  epoch 50 evaluating [time: 0.22s, valid_score: 0.051500]
11 Feb 17:24    INFO  valid result: 
hit@10 : 0.1052    ndcg@10 : 0.0515    mrr@10 : 0.0351    recall@10 : 0.1052
11 Feb 17:24    INFO  Saving current: outputs/wearec_beauty_a100_ce/wearec-Feb-11-2026_17-01-37.pth
11 Feb 17:24    INFO  epoch 51 training [time: 26.43s, train loss: 3082.6996]
11 Feb 17:24    INFO  epoch 51 evaluating [time: 0.23s, valid_score: 0.050200]
11 Feb 17:24    INFO  valid result: 
hit@10 : 0.103    ndcg@10 : 0.0502    mrr@10 : 0.0341    recall@10 : 0.103
11 Feb 17:25    INFO  epoch 52 training [time: 26.38s, train loss: 3082.3986]
11 Feb 17:25    INFO  epoch 52 evaluating [time: 0.22s, valid_score: 0.052000]
11 Feb 17:25    INFO  valid result: 
hit@10 : 0.1051    ndcg@10 : 0.052    mrr@10 : 0.0358    recall@10 : 0.1051
11 Feb 17:25    INFO  Saving current: outputs/wearec_beauty_a100_ce/wearec-Feb-11-2026_17-01-37.pth
11 Feb 17:25    INFO  epoch 53 training [time: 26.36s, train loss: 3079.0173]
11 Feb 17:25    INFO  epoch 53 evaluating [time: 0.23s, valid_score: 0.050500]
11 Feb 17:25    INFO  valid result: 
hit@10 : 0.104    ndcg@10 : 0.0505    mrr@10 : 0.0342    recall@10 : 0.104
11 Feb 17:26    INFO  epoch 54 training [time: 26.28s, train loss: 3074.0994]
11 Feb 17:26    INFO  epoch 54 evaluating [time: 0.22s, valid_score: 0.050200]
11 Feb 17:26    INFO  valid result: 
hit@10 : 0.103    ndcg@10 : 0.0502    mrr@10 : 0.0341    recall@10 : 0.103
11 Feb 17:26    INFO  epoch 55 training [time: 26.33s, train loss: 3075.2454]
11 Feb 17:26    INFO  epoch 55 evaluating [time: 0.23s, valid_score: 0.051000]
11 Feb 17:26    INFO  valid result: 
hit@10 : 0.1029    ndcg@10 : 0.051    mrr@10 : 0.0352    recall@10 : 0.1029
11 Feb 17:27    INFO  epoch 56 training [time: 26.20s, train loss: 3072.2190]
11 Feb 17:27    INFO  epoch 56 evaluating [time: 0.23s, valid_score: 0.051100]
11 Feb 17:27    INFO  valid result: 
hit@10 : 0.1029    ndcg@10 : 0.0511    mrr@10 : 0.0353    recall@10 : 0.1029
11 Feb 17:27    INFO  epoch 57 training [time: 26.25s, train loss: 3069.6004]
11 Feb 17:27    INFO  epoch 57 evaluating [time: 0.22s, valid_score: 0.050100]
11 Feb 17:27    INFO  valid result: 
hit@10 : 0.1031    ndcg@10 : 0.0501    mrr@10 : 0.034    recall@10 : 0.1031
11 Feb 17:27    INFO  epoch 58 training [time: 26.21s, train loss: 3067.9670]
11 Feb 17:27    INFO  epoch 58 evaluating [time: 0.23s, valid_score: 0.050700]
11 Feb 17:27    INFO  valid result: 
hit@10 : 0.1022    ndcg@10 : 0.0507    mrr@10 : 0.0349    recall@10 : 0.1022
11 Feb 17:28    INFO  epoch 59 training [time: 26.17s, train loss: 3063.2951]
11 Feb 17:28    INFO  epoch 59 evaluating [time: 0.22s, valid_score: 0.051000]
11 Feb 17:28    INFO  valid result: 
hit@10 : 0.1035    ndcg@10 : 0.051    mrr@10 : 0.035    recall@10 : 0.1035
11 Feb 17:28    INFO  epoch 60 training [time: 26.20s, train loss: 3060.6171]
11 Feb 17:28    INFO  epoch 60 evaluating [time: 0.23s, valid_score: 0.051400]
11 Feb 17:28    INFO  valid result: 
hit@10 : 0.1045    ndcg@10 : 0.0514    mrr@10 : 0.0352    recall@10 : 0.1045
11 Feb 17:29    INFO  epoch 61 training [time: 26.22s, train loss: 3058.9522]
11 Feb 17:29    INFO  epoch 61 evaluating [time: 0.22s, valid_score: 0.050900]
11 Feb 17:29    INFO  valid result: 
hit@10 : 0.1032    ndcg@10 : 0.0509    mrr@10 : 0.0349    recall@10 : 0.1032
11 Feb 17:29    INFO  epoch 62 training [time: 26.17s, train loss: 3055.4664]
11 Feb 17:29    INFO  epoch 62 evaluating [time: 0.23s, valid_score: 0.050900]
11 Feb 17:29    INFO  valid result: 
hit@10 : 0.1025    ndcg@10 : 0.0509    mrr@10 : 0.035    recall@10 : 0.1025
11 Feb 17:30    INFO  epoch 63 training [time: 26.21s, train loss: 3053.2676]
11 Feb 17:30    INFO  epoch 63 evaluating [time: 0.22s, valid_score: 0.050500]
11 Feb 17:30    INFO  valid result: 
hit@10 : 0.1027    ndcg@10 : 0.0505    mrr@10 : 0.0345    recall@10 : 0.1027
11 Feb 17:30    INFO  Finished training, best eval result in epoch 52
11 Feb 17:30    INFO  Loading model structure and parameters from outputs/wearec_beauty_a100_ce/wearec-Feb-11-2026_17-01-37.pth
11 Feb 17:30    INFO  The running environment of this training is as follows:
+-------------+------------------+
| Environment |      Usage       |
+=============+==================+
| CPU         |      2.20 %      |
+-------------+------------------+
| GPU         |  2.31 G/79.44 G  |
+-------------+------------------+
| Memory      | 1.57 G/2015.66 G |
+-------------+------------------+
11 Feb 17:30    INFO  best valid : OrderedDict([('hit@10', 0.1051), ('ndcg@10', 0.052), ('mrr@10', 0.0358), ('recall@10', 0.1051)])
11 Feb 17:30    INFO  test result: OrderedDict([('hit@10', 0.0821), ('ndcg@10', 0.0417), ('mrr@10', 0.0294), ('recall@10', 0.0821)])
