command line args [-m GRU4Rec -d lastfm --config_files configs/lastfm/lastfm_GRU4Rec.yaml] will not be used in RecBole
12 Feb 12:30    INFO  ['RecBole/run_recbole.py', '-m', 'GRU4Rec', '-d', 'lastfm', '--config_files', 'configs/lastfm/lastfm_GRU4Rec.yaml']
12 Feb 12:30    INFO  
General Hyper Parameters:
gpu_id = 0
use_gpu = True
seed = 2026
state = INFO
reproducibility = True
data_path = /scratch/up63/kd6504/recbole_datasets/lastfm
checkpoint_dir = outputs/gru4rec_lastfm
show_progress = False
save_dataset = False
dataset_save_path = None
save_dataloaders = False
dataloaders_save_path = None
log_wandb = False

Training Hyper Parameters:
epochs = 200
train_batch_size = 128
learner = adam
learning_rate = 0.001
train_neg_sample_args = {'distribution': 'none', 'sample_num': 'none', 'alpha': 'none', 'dynamic': False, 'candidate_num': 0}
eval_step = 1
stopping_step = 10
clip_grad_norm = None
weight_decay = 0.0
loss_decimal_place = 4

Evaluation Hyper Parameters:
eval_args = {'split': {'LS': 'valid_and_test'}, 'order': 'TO', 'group_by': 'user', 'mode': {'valid': 'full', 'test': 'full'}}
repeatable = True
metrics = ['Hit', 'NDCG', 'MRR']
topk = [1, 5, 10, 20]
valid_metric = NDCG@10
valid_metric_bigger = True
eval_batch_size = 4096
metric_decimal_place = 4

Dataset Hyper Parameters:
field_separator = 	
seq_separator =  
USER_ID_FIELD = user_id
ITEM_ID_FIELD = artist_id
RATING_FIELD = rating
TIME_FIELD = timestamp
seq_len = None
LABEL_FIELD = label
threshold = None
NEG_PREFIX = neg_
load_col = {'inter': ['user_id', 'artist_id', 'timestamp']}
unload_col = None
unused_col = None
additional_feat_suffix = None
rm_dup_inter = None
val_interval = None
filter_inter_by_user_or_item = True
user_inter_num_interval = [5,inf)
item_inter_num_interval = [5,inf)
alias_of_user_id = None
alias_of_item_id = None
alias_of_entity_id = None
alias_of_relation_id = None
preload_weight = None
normalize_field = None
normalize_all = None
ITEM_LIST_LENGTH_FIELD = item_length
LIST_SUFFIX = _list
MAX_ITEM_LIST_LENGTH = 50
POSITION_FIELD = position_id
HEAD_ENTITY_ID_FIELD = head_id
TAIL_ENTITY_ID_FIELD = tail_id
RELATION_ID_FIELD = relation_id
ENTITY_ID_FIELD = entity_id
benchmark_filename = None

Other Hyper Parameters: 
worker = 0
wandb_project = recbole
shuffle = True
require_pow = False
enable_amp = False
enable_scaler = False
transform = None
embedding_size = 64
hidden_size = 128
num_layers = 1
dropout_prob = 0.3
loss_type = CE
numerical_features = []
discretization = None
kg_reverse_r = False
entity_kg_num_interval = [0,inf)
relation_kg_num_interval = [0,inf)
MODEL_TYPE = ModelType.SEQUENTIAL
MODEL_INPUT_TYPE = InputType.POINTWISE
eval_type = EvaluatorType.RANKING
single_spec = True
local_rank = 0
device = cuda
valid_neg_sample_args = {'distribution': 'uniform', 'sample_num': 'none'}
test_neg_sample_args = {'distribution': 'uniform', 'sample_num': 'none'}


/home/572/kd6504/TRACT/RecBole/recbole/data/dataset/dataset.py:648: ChainedAssignmentError: A value is being set on a copy of a DataFrame or Series through chained assignment using an inplace method.
Such inplace method never works to update the original DataFrame or Series, because the intermediate object on which we are setting values always behaves as a copy (due to Copy-on-Write).

For example, when doing 'df[col].method(value, inplace=True)', try using 'df.method({col: value}, inplace=True)' instead, to perform the operation inplace on the original object, or try to avoid an inplace operation using 'df[col] = df[col].method(value)'.

See the documentation for a more detailed explanation: https://pandas.pydata.org/pandas-docs/stable/user_guide/copy_on_write.html
  feat[field].fillna(value=0, inplace=True)
/home/572/kd6504/TRACT/RecBole/recbole/data/dataset/dataset.py:650: ChainedAssignmentError: A value is being set on a copy of a DataFrame or Series through chained assignment using an inplace method.
Such inplace method never works to update the original DataFrame or Series, because the intermediate object on which we are setting values always behaves as a copy (due to Copy-on-Write).

For example, when doing 'df[col].method(value, inplace=True)', try using 'df.method({col: value}, inplace=True)' instead, to perform the operation inplace on the original object, or try to avoid an inplace operation using 'df[col] = df[col].method(value)'.

See the documentation for a more detailed explanation: https://pandas.pydata.org/pandas-docs/stable/user_guide/copy_on_write.html
  feat[field].fillna(value=feat[field].mean(), inplace=True)
12 Feb 12:30    INFO  lastfm
The number of users: 1091
Average actions of users: 48.21192660550459
The number of items: 3647
Average actions of items: 14.413329676357652
The number of inters: 52551
The sparsity of the dataset: 98.67925045182346%
Remain Fields: ['user_id', 'artist_id', 'timestamp']
/home/572/kd6504/TRACT/RecBole/recbole/data/dataset/dataset.py:2202: UserWarning: The given NumPy array is not writable, and PyTorch does not support non-writable tensors. This means writing to this tensor will result in undefined behavior. You may want to copy the array to protect its data or make it writable before converting it to a tensor. This type of warning will be suppressed for the rest of this program. (Triggered internally at /pytorch/torch/csrc/utils/tensor_numpy.cpp:203.)
  new_data[k] = torch.LongTensor(value)
12 Feb 12:30    INFO  [Training]: train_batch_size = [128] train_neg_sample_args: [{'distribution': 'none', 'sample_num': 'none', 'alpha': 'none', 'dynamic': False, 'candidate_num': 0}]
12 Feb 12:30    INFO  [Evaluation]: eval_batch_size = [4096] eval_args: [{'split': {'LS': 'valid_and_test'}, 'order': 'TO', 'group_by': 'user', 'mode': {'valid': 'full', 'test': 'full'}}]
12 Feb 12:30    INFO  GRU4Rec(
  (item_embedding): Embedding(3647, 64, padding_idx=0)
  (emb_dropout): Dropout(p=0.3, inplace=False)
  (gru_layers): GRU(64, 128, bias=False, batch_first=True)
  (dense): Linear(in_features=128, out_features=64, bias=True)
  (loss_fct): CrossEntropyLoss()
)
Trainable parameters: 315392
/scratch/up63/kd6504/venvs/hopper-cu124/lib64/python3.11/site-packages/torch/nn/modules/rnn.py:1393: UserWarning: RNN module weights are not part of single contiguous chunk of memory. This means they need to be compacted at every call, possibly greatly increasing memory usage. To compact weights again call flatten_parameters(). (Triggered internally at /pytorch/aten/src/ATen/native/cudnn/RNN.cpp:1412.)
  result = _VF.gru(
12 Feb 12:30    INFO  FLOPs: 4144064.0
/home/572/kd6504/TRACT/RecBole/recbole/trainer/trainer.py:235: FutureWarning: `torch.cuda.amp.GradScaler(args...)` is deprecated. Please use `torch.amp.GradScaler('cuda', args...)` instead.
  scaler = amp.GradScaler(enabled=self.enable_scaler)
12 Feb 12:31    INFO  epoch 0 training [time: 2.64s, train loss: 2986.0754]
12 Feb 12:31    INFO  epoch 0 evaluating [time: 0.05s, valid_score: 0.013200]
12 Feb 12:31    INFO  valid result: 
hit@1 : 0.0037    hit@5 : 0.0165    hit@10 : 0.0266    hit@20 : 0.0404    ndcg@1 : 0.0037    ndcg@5 : 0.0099    ndcg@10 : 0.0132    ndcg@20 : 0.0166    mrr@1 : 0.0037    mrr@5 : 0.0078    mrr@10 : 0.0091    mrr@20 : 0.01
12 Feb 12:31    INFO  Saving current: outputs/gru4rec_lastfm/GRU4Rec-Feb-12-2026_12-30-55.pth
12 Feb 12:31    INFO  epoch 1 training [time: 2.16s, train loss: 2773.5578]
12 Feb 12:31    INFO  epoch 1 evaluating [time: 0.01s, valid_score: 0.022800]
12 Feb 12:31    INFO  valid result: 
hit@1 : 0.0083    hit@5 : 0.0257    hit@10 : 0.0404    hit@20 : 0.0615    ndcg@1 : 0.0083    ndcg@5 : 0.018    ndcg@10 : 0.0228    ndcg@20 : 0.028    mrr@1 : 0.0083    mrr@5 : 0.0154    mrr@10 : 0.0174    mrr@20 : 0.0188
12 Feb 12:31    INFO  Saving current: outputs/gru4rec_lastfm/GRU4Rec-Feb-12-2026_12-30-55.pth
12 Feb 12:31    INFO  epoch 2 training [time: 2.15s, train loss: 2675.9010]
12 Feb 12:31    INFO  epoch 2 evaluating [time: 0.01s, valid_score: 0.029900]
12 Feb 12:31    INFO  valid result: 
hit@1 : 0.0083    hit@5 : 0.0394    hit@10 : 0.0578    hit@20 : 0.0826    ndcg@1 : 0.0083    ndcg@5 : 0.0241    ndcg@10 : 0.0299    ndcg@20 : 0.036    mrr@1 : 0.0083    mrr@5 : 0.019    mrr@10 : 0.0214    mrr@20 : 0.023
12 Feb 12:31    INFO  Saving current: outputs/gru4rec_lastfm/GRU4Rec-Feb-12-2026_12-30-55.pth
12 Feb 12:31    INFO  epoch 3 training [time: 2.15s, train loss: 2578.4836]
12 Feb 12:31    INFO  epoch 3 evaluating [time: 0.01s, valid_score: 0.031300]
12 Feb 12:31    INFO  valid result: 
hit@1 : 0.0128    hit@5 : 0.0358    hit@10 : 0.0578    hit@20 : 0.0945    ndcg@1 : 0.0128    ndcg@5 : 0.0241    ndcg@10 : 0.0313    ndcg@20 : 0.0405    mrr@1 : 0.0128    mrr@5 : 0.0203    mrr@10 : 0.0233    mrr@20 : 0.0258
12 Feb 12:31    INFO  Saving current: outputs/gru4rec_lastfm/GRU4Rec-Feb-12-2026_12-30-55.pth
12 Feb 12:31    INFO  epoch 4 training [time: 2.15s, train loss: 2504.3766]
12 Feb 12:31    INFO  epoch 4 evaluating [time: 0.01s, valid_score: 0.033900]
12 Feb 12:31    INFO  valid result: 
hit@1 : 0.0119    hit@5 : 0.0413    hit@10 : 0.0633    hit@20 : 0.1    ndcg@1 : 0.0119    ndcg@5 : 0.0269    ndcg@10 : 0.0339    ndcg@20 : 0.0432    mrr@1 : 0.0119    mrr@5 : 0.0222    mrr@10 : 0.0251    mrr@20 : 0.0276
12 Feb 12:31    INFO  Saving current: outputs/gru4rec_lastfm/GRU4Rec-Feb-12-2026_12-30-55.pth
12 Feb 12:31    INFO  epoch 5 training [time: 2.16s, train loss: 2438.4001]
12 Feb 12:31    INFO  epoch 5 evaluating [time: 0.01s, valid_score: 0.033800]
12 Feb 12:31    INFO  valid result: 
hit@1 : 0.0119    hit@5 : 0.0413    hit@10 : 0.0624    hit@20 : 0.0963    ndcg@1 : 0.0119    ndcg@5 : 0.027    ndcg@10 : 0.0338    ndcg@20 : 0.0422    mrr@1 : 0.0119    mrr@5 : 0.0223    mrr@10 : 0.0251    mrr@20 : 0.0273
12 Feb 12:31    INFO  epoch 6 training [time: 2.15s, train loss: 2376.7041]
12 Feb 12:31    INFO  epoch 6 evaluating [time: 0.01s, valid_score: 0.036300]
12 Feb 12:31    INFO  valid result: 
hit@1 : 0.0083    hit@5 : 0.0413    hit@10 : 0.0761    hit@20 : 0.1018    ndcg@1 : 0.0083    ndcg@5 : 0.0253    ndcg@10 : 0.0363    ndcg@20 : 0.0427    mrr@1 : 0.0083    mrr@5 : 0.02    mrr@10 : 0.0244    mrr@20 : 0.0261
12 Feb 12:31    INFO  Saving current: outputs/gru4rec_lastfm/GRU4Rec-Feb-12-2026_12-30-55.pth
12 Feb 12:31    INFO  epoch 7 training [time: 2.14s, train loss: 2329.1677]
12 Feb 12:31    INFO  epoch 7 evaluating [time: 0.01s, valid_score: 0.036500]
12 Feb 12:31    INFO  valid result: 
hit@1 : 0.0128    hit@5 : 0.044    hit@10 : 0.0716    hit@20 : 0.111    ndcg@1 : 0.0128    ndcg@5 : 0.0276    ndcg@10 : 0.0365    ndcg@20 : 0.0464    mrr@1 : 0.0128    mrr@5 : 0.0223    mrr@10 : 0.026    mrr@20 : 0.0287
12 Feb 12:31    INFO  Saving current: outputs/gru4rec_lastfm/GRU4Rec-Feb-12-2026_12-30-55.pth
12 Feb 12:31    INFO  epoch 8 training [time: 2.13s, train loss: 2279.4585]
12 Feb 12:31    INFO  epoch 8 evaluating [time: 0.01s, valid_score: 0.042300]
12 Feb 12:31    INFO  valid result: 
hit@1 : 0.0165    hit@5 : 0.0505    hit@10 : 0.0798    hit@20 : 0.1211    ndcg@1 : 0.0165    ndcg@5 : 0.0329    ndcg@10 : 0.0423    ndcg@20 : 0.0526    mrr@1 : 0.0165    mrr@5 : 0.0272    mrr@10 : 0.0311    mrr@20 : 0.0338
12 Feb 12:31    INFO  Saving current: outputs/gru4rec_lastfm/GRU4Rec-Feb-12-2026_12-30-55.pth
12 Feb 12:31    INFO  epoch 9 training [time: 2.13s, train loss: 2240.5238]
12 Feb 12:31    INFO  epoch 9 evaluating [time: 0.01s, valid_score: 0.035400]
12 Feb 12:31    INFO  valid result: 
hit@1 : 0.0083    hit@5 : 0.0477    hit@10 : 0.0697    hit@20 : 0.1165    ndcg@1 : 0.0083    ndcg@5 : 0.0284    ndcg@10 : 0.0354    ndcg@20 : 0.047    mrr@1 : 0.0083    mrr@5 : 0.022    mrr@10 : 0.0249    mrr@20 : 0.0279
12 Feb 12:31    INFO  epoch 10 training [time: 2.13s, train loss: 2200.5448]
12 Feb 12:31    INFO  epoch 10 evaluating [time: 0.01s, valid_score: 0.036400]
12 Feb 12:31    INFO  valid result: 
hit@1 : 0.0119    hit@5 : 0.0468    hit@10 : 0.0679    hit@20 : 0.1138    ndcg@1 : 0.0119    ndcg@5 : 0.0296    ndcg@10 : 0.0364    ndcg@20 : 0.0479    mrr@1 : 0.0119    mrr@5 : 0.0239    mrr@10 : 0.0267    mrr@20 : 0.0299
12 Feb 12:31    INFO  epoch 11 training [time: 2.14s, train loss: 2166.0301]
12 Feb 12:31    INFO  epoch 11 evaluating [time: 0.01s, valid_score: 0.038800]
12 Feb 12:31    INFO  valid result: 
hit@1 : 0.0147    hit@5 : 0.0404    hit@10 : 0.0743    hit@20 : 0.1211    ndcg@1 : 0.0147    ndcg@5 : 0.028    ndcg@10 : 0.0388    ndcg@20 : 0.0507    mrr@1 : 0.0147    mrr@5 : 0.024    mrr@10 : 0.0283    mrr@20 : 0.0316
12 Feb 12:31    INFO  epoch 12 training [time: 2.22s, train loss: 2134.1971]
12 Feb 12:31    INFO  epoch 12 evaluating [time: 0.01s, valid_score: 0.035800]
12 Feb 12:31    INFO  valid result: 
hit@1 : 0.0073    hit@5 : 0.0413    hit@10 : 0.0743    hit@20 : 0.1211    ndcg@1 : 0.0073    ndcg@5 : 0.0253    ndcg@10 : 0.0358    ndcg@20 : 0.0476    mrr@1 : 0.0073    mrr@5 : 0.0199    mrr@10 : 0.0242    mrr@20 : 0.0274
12 Feb 12:31    INFO  epoch 13 training [time: 2.48s, train loss: 2102.2746]
12 Feb 12:31    INFO  epoch 13 evaluating [time: 0.09s, valid_score: 0.038500]
12 Feb 12:31    INFO  valid result: 
hit@1 : 0.0128    hit@5 : 0.0422    hit@10 : 0.0771    hit@20 : 0.1257    ndcg@1 : 0.0128    ndcg@5 : 0.0272    ndcg@10 : 0.0385    ndcg@20 : 0.0506    mrr@1 : 0.0128    mrr@5 : 0.0224    mrr@10 : 0.027    mrr@20 : 0.0303
12 Feb 12:31    INFO  epoch 14 training [time: 2.13s, train loss: 2075.9972]
12 Feb 12:31    INFO  epoch 14 evaluating [time: 0.01s, valid_score: 0.042200]
12 Feb 12:31    INFO  valid result: 
hit@1 : 0.0128    hit@5 : 0.0477    hit@10 : 0.0862    hit@20 : 0.1349    ndcg@1 : 0.0128    ndcg@5 : 0.0299    ndcg@10 : 0.0422    ndcg@20 : 0.0544    mrr@1 : 0.0128    mrr@5 : 0.0241    mrr@10 : 0.0291    mrr@20 : 0.0324
12 Feb 12:31    INFO  epoch 15 training [time: 2.14s, train loss: 2049.0916]
12 Feb 12:31    INFO  epoch 15 evaluating [time: 0.01s, valid_score: 0.037100]
12 Feb 12:31    INFO  valid result: 
hit@1 : 0.0101    hit@5 : 0.045    hit@10 : 0.0752    hit@20 : 0.1239    ndcg@1 : 0.0101    ndcg@5 : 0.0274    ndcg@10 : 0.0371    ndcg@20 : 0.0493    mrr@1 : 0.0101    mrr@5 : 0.0216    mrr@10 : 0.0256    mrr@20 : 0.0289
12 Feb 12:31    INFO  epoch 16 training [time: 2.13s, train loss: 2022.7028]
12 Feb 12:31    INFO  epoch 16 evaluating [time: 0.01s, valid_score: 0.036400]
12 Feb 12:31    INFO  valid result: 
hit@1 : 0.011    hit@5 : 0.0422    hit@10 : 0.0734    hit@20 : 0.1275    ndcg@1 : 0.011    ndcg@5 : 0.0262    ndcg@10 : 0.0364    ndcg@20 : 0.05    mrr@1 : 0.011    mrr@5 : 0.0209    mrr@10 : 0.0252    mrr@20 : 0.0289
12 Feb 12:31    INFO  epoch 17 training [time: 2.12s, train loss: 1996.8274]
12 Feb 12:31    INFO  epoch 17 evaluating [time: 0.01s, valid_score: 0.043800]
12 Feb 12:31    INFO  valid result: 
hit@1 : 0.0147    hit@5 : 0.0523    hit@10 : 0.0853    hit@20 : 0.1294    ndcg@1 : 0.0147    ndcg@5 : 0.0332    ndcg@10 : 0.0438    ndcg@20 : 0.0551    mrr@1 : 0.0147    mrr@5 : 0.027    mrr@10 : 0.0314    mrr@20 : 0.0345
12 Feb 12:31    INFO  Saving current: outputs/gru4rec_lastfm/GRU4Rec-Feb-12-2026_12-30-55.pth
12 Feb 12:31    INFO  epoch 18 training [time: 2.12s, train loss: 1972.5633]
12 Feb 12:31    INFO  epoch 18 evaluating [time: 0.01s, valid_score: 0.043300]
12 Feb 12:31    INFO  valid result: 
hit@1 : 0.0128    hit@5 : 0.0486    hit@10 : 0.0881    hit@20 : 0.1303    ndcg@1 : 0.0128    ndcg@5 : 0.0308    ndcg@10 : 0.0433    ndcg@20 : 0.0539    mrr@1 : 0.0128    mrr@5 : 0.0249    mrr@10 : 0.03    mrr@20 : 0.0329
12 Feb 12:31    INFO  epoch 19 training [time: 2.12s, train loss: 1950.4836]
12 Feb 12:31    INFO  epoch 19 evaluating [time: 0.01s, valid_score: 0.039200]
12 Feb 12:31    INFO  valid result: 
hit@1 : 0.0147    hit@5 : 0.044    hit@10 : 0.0743    hit@20 : 0.1321    ndcg@1 : 0.0147    ndcg@5 : 0.0293    ndcg@10 : 0.0392    ndcg@20 : 0.0539    mrr@1 : 0.0147    mrr@5 : 0.0245    mrr@10 : 0.0287    mrr@20 : 0.0327
12 Feb 12:31    INFO  epoch 20 training [time: 2.12s, train loss: 1930.9772]
12 Feb 12:31    INFO  epoch 20 evaluating [time: 0.01s, valid_score: 0.042900]
12 Feb 12:31    INFO  valid result: 
hit@1 : 0.0138    hit@5 : 0.0495    hit@10 : 0.0835    hit@20 : 0.1321    ndcg@1 : 0.0138    ndcg@5 : 0.0318    ndcg@10 : 0.0429    ndcg@20 : 0.0552    mrr@1 : 0.0138    mrr@5 : 0.0261    mrr@10 : 0.0307    mrr@20 : 0.034
12 Feb 12:31    INFO  epoch 21 training [time: 2.12s, train loss: 1904.2069]
12 Feb 12:31    INFO  epoch 21 evaluating [time: 0.01s, valid_score: 0.041700]
12 Feb 12:31    INFO  valid result: 
hit@1 : 0.0128    hit@5 : 0.0532    hit@10 : 0.0798    hit@20 : 0.1174    ndcg@1 : 0.0128    ndcg@5 : 0.0332    ndcg@10 : 0.0417    ndcg@20 : 0.0512    mrr@1 : 0.0128    mrr@5 : 0.0266    mrr@10 : 0.0301    mrr@20 : 0.0327
12 Feb 12:31    INFO  epoch 22 training [time: 2.12s, train loss: 1883.5048]
12 Feb 12:31    INFO  epoch 22 evaluating [time: 0.01s, valid_score: 0.037700]
12 Feb 12:31    INFO  valid result: 
hit@1 : 0.011    hit@5 : 0.0413    hit@10 : 0.0734    hit@20 : 0.122    ndcg@1 : 0.011    ndcg@5 : 0.0275    ndcg@10 : 0.0377    ndcg@20 : 0.0499    mrr@1 : 0.011    mrr@5 : 0.0228    mrr@10 : 0.0269    mrr@20 : 0.0302
12 Feb 12:31    INFO  epoch 23 training [time: 2.15s, train loss: 1863.2209]
12 Feb 12:31    INFO  epoch 23 evaluating [time: 0.01s, valid_score: 0.036000]
12 Feb 12:31    INFO  valid result: 
hit@1 : 0.011    hit@5 : 0.0413    hit@10 : 0.0734    hit@20 : 0.1229    ndcg@1 : 0.011    ndcg@5 : 0.0257    ndcg@10 : 0.036    ndcg@20 : 0.0485    mrr@1 : 0.011    mrr@5 : 0.0207    mrr@10 : 0.0248    mrr@20 : 0.0282
12 Feb 12:31    INFO  epoch 24 training [time: 2.14s, train loss: 1842.9652]
12 Feb 12:31    INFO  epoch 24 evaluating [time: 0.01s, valid_score: 0.036400]
12 Feb 12:31    INFO  valid result: 
hit@1 : 0.0119    hit@5 : 0.0431    hit@10 : 0.0706    hit@20 : 0.1165    ndcg@1 : 0.0119    ndcg@5 : 0.0278    ndcg@10 : 0.0364    ndcg@20 : 0.0479    mrr@1 : 0.0119    mrr@5 : 0.0227    mrr@10 : 0.0262    mrr@20 : 0.0292
12 Feb 12:31    INFO  epoch 25 training [time: 2.13s, train loss: 1818.2067]
12 Feb 12:31    INFO  epoch 25 evaluating [time: 0.01s, valid_score: 0.037100]
12 Feb 12:31    INFO  valid result: 
hit@1 : 0.0083    hit@5 : 0.0459    hit@10 : 0.0789    hit@20 : 0.122    ndcg@1 : 0.0083    ndcg@5 : 0.0264    ndcg@10 : 0.0371    ndcg@20 : 0.048    mrr@1 : 0.0083    mrr@5 : 0.0201    mrr@10 : 0.0246    mrr@20 : 0.0275
12 Feb 12:31    INFO  epoch 26 training [time: 2.12s, train loss: 1795.5734]
12 Feb 12:31    INFO  epoch 26 evaluating [time: 0.01s, valid_score: 0.037000]
12 Feb 12:31    INFO  valid result: 
hit@1 : 0.0092    hit@5 : 0.045    hit@10 : 0.0743    hit@20 : 0.1165    ndcg@1 : 0.0092    ndcg@5 : 0.0273    ndcg@10 : 0.037    ndcg@20 : 0.0477    mrr@1 : 0.0092    mrr@5 : 0.0216    mrr@10 : 0.0257    mrr@20 : 0.0286
12 Feb 12:32    INFO  epoch 27 training [time: 2.12s, train loss: 1773.2752]
12 Feb 12:32    INFO  epoch 27 evaluating [time: 0.01s, valid_score: 0.038200]
12 Feb 12:32    INFO  valid result: 
hit@1 : 0.0119    hit@5 : 0.0431    hit@10 : 0.0752    hit@20 : 0.1147    ndcg@1 : 0.0119    ndcg@5 : 0.0281    ndcg@10 : 0.0382    ndcg@20 : 0.0482    mrr@1 : 0.0119    mrr@5 : 0.0231    mrr@10 : 0.0271    mrr@20 : 0.0299
12 Feb 12:32    INFO  epoch 28 training [time: 2.13s, train loss: 1757.2842]
12 Feb 12:32    INFO  epoch 28 evaluating [time: 0.01s, valid_score: 0.035200]
12 Feb 12:32    INFO  valid result: 
hit@1 : 0.0101    hit@5 : 0.0431    hit@10 : 0.0697    hit@20 : 0.1174    ndcg@1 : 0.0101    ndcg@5 : 0.0269    ndcg@10 : 0.0352    ndcg@20 : 0.0471    mrr@1 : 0.0101    mrr@5 : 0.0215    mrr@10 : 0.0248    mrr@20 : 0.028
12 Feb 12:32    INFO  Finished training, best eval result in epoch 17
12 Feb 12:32    INFO  Loading model structure and parameters from outputs/gru4rec_lastfm/GRU4Rec-Feb-12-2026_12-30-55.pth
12 Feb 12:32    INFO  The running environment of this training is as follows:
+-------------+------------------+
| Environment |      Usage       |
+=============+==================+
| CPU         |      1.90 %      |
+-------------+------------------+
| GPU         |  0.63 G/79.44 G  |
+-------------+------------------+
| Memory      | 1.22 G/2015.66 G |
+-------------+------------------+
12 Feb 12:32    INFO  best valid : OrderedDict([('hit@1', 0.0147), ('hit@5', 0.0523), ('hit@10', 0.0853), ('hit@20', 0.1294), ('ndcg@1', 0.0147), ('ndcg@5', 0.0332), ('ndcg@10', 0.0438), ('ndcg@20', 0.0551), ('mrr@1', 0.0147), ('mrr@5', 0.027), ('mrr@10', 0.0314), ('mrr@20', 0.0345)])
12 Feb 12:32    INFO  test result: OrderedDict([('hit@1', 0.0101), ('hit@5', 0.0303), ('hit@10', 0.0413), ('hit@20', 0.0761), ('ndcg@1', 0.0101), ('ndcg@5', 0.0196), ('ndcg@10', 0.0233), ('ndcg@20', 0.0321), ('mrr@1', 0.0101), ('mrr@5', 0.0161), ('mrr@10', 0.0177), ('mrr@20', 0.0202)])
