command line args [-m pswrecv5 -d amazon-beauty --config_files configs/beauty/beauty_pswrecv5.yaml] will not be used in RecBole
12 Feb 13:28    INFO  ['RecBole/run_recbole.py', '-m', 'pswrecv5', '-d', 'amazon-beauty', '--config_files', 'configs/beauty/beauty_pswrecv5.yaml']
12 Feb 13:28    INFO  
General Hyper Parameters:
gpu_id = 0
use_gpu = True
seed = 2026
state = INFO
reproducibility = True
data_path = /scratch/up63/kd6504/recbole_datasets/amazon-beauty
checkpoint_dir = outputs/pswrecv5_beauty
show_progress = False
save_dataset = False
dataset_save_path = None
save_dataloaders = False
dataloaders_save_path = None
log_wandb = False

Training Hyper Parameters:
epochs = 200
train_batch_size = 128
learner = adam
learning_rate = 0.001
train_neg_sample_args = {'distribution': 'none', 'sample_num': 'none', 'alpha': 'none', 'dynamic': False, 'candidate_num': 0}
eval_step = 1
stopping_step = 10
clip_grad_norm = None
weight_decay = 0.0
loss_decimal_place = 4

Evaluation Hyper Parameters:
eval_args = {'split': {'LS': 'valid_and_test'}, 'order': 'TO', 'group_by': 'user', 'mode': {'valid': 'full', 'test': 'full'}}
repeatable = True
metrics = ['Hit', 'NDCG', 'MRR']
topk = [1, 5, 10, 20]
valid_metric = NDCG@10
valid_metric_bigger = True
eval_batch_size = 4096
metric_decimal_place = 4

Dataset Hyper Parameters:
field_separator = 	
seq_separator =  
USER_ID_FIELD = user_id
ITEM_ID_FIELD = item_id
RATING_FIELD = rating
TIME_FIELD = timestamp
seq_len = None
LABEL_FIELD = label
threshold = None
NEG_PREFIX = neg_
load_col = {'inter': ['user_id', 'item_id', 'rating', 'timestamp']}
unload_col = None
unused_col = {'inter': ['rating']}
additional_feat_suffix = None
rm_dup_inter = None
val_interval = None
filter_inter_by_user_or_item = True
user_inter_num_interval = [5,inf)
item_inter_num_interval = [5,inf)
alias_of_user_id = None
alias_of_item_id = None
alias_of_entity_id = None
alias_of_relation_id = None
preload_weight = None
normalize_field = None
normalize_all = None
ITEM_LIST_LENGTH_FIELD = item_length
LIST_SUFFIX = _list
MAX_ITEM_LIST_LENGTH = 50
POSITION_FIELD = position_id
HEAD_ENTITY_ID_FIELD = head_id
TAIL_ENTITY_ID_FIELD = tail_id
RELATION_ID_FIELD = relation_id
ENTITY_ID_FIELD = entity_id
benchmark_filename = None

Other Hyper Parameters: 
worker = 0
wandb_project = recbole
shuffle = True
require_pow = False
enable_amp = False
enable_scaler = False
transform = None
n_layers = 2
n_heads = 2
hidden_size = 64
inner_size = 256
hidden_dropout_prob = 0.5
attn_dropout_prob = 0.5
hidden_act = gelu
layer_norm_eps = 1e-12
initializer_range = 0.02
loss_type = CE
n_bands = 4
band_kernel_sizes = [3, 7, 15, 31]
band_dilations = [1, 2, 4, 8]
phase_bias_scale = 0.1
phase_gate_scale = 1.0
phase_aux = True
phase_aux_weight = 0.05
numerical_features = []
discretization = None
kg_reverse_r = False
entity_kg_num_interval = [0,inf)
relation_kg_num_interval = [0,inf)
MODEL_TYPE = ModelType.SEQUENTIAL
MODEL_INPUT_TYPE = InputType.POINTWISE
eval_type = EvaluatorType.RANKING
single_spec = True
local_rank = 0
device = cuda
valid_neg_sample_args = {'distribution': 'uniform', 'sample_num': 'none'}
test_neg_sample_args = {'distribution': 'uniform', 'sample_num': 'none'}


/home/572/kd6504/TRACT/RecBole/recbole/data/dataset/dataset.py:648: ChainedAssignmentError: A value is being set on a copy of a DataFrame or Series through chained assignment using an inplace method.
Such inplace method never works to update the original DataFrame or Series, because the intermediate object on which we are setting values always behaves as a copy (due to Copy-on-Write).

For example, when doing 'df[col].method(value, inplace=True)', try using 'df.method({col: value}, inplace=True)' instead, to perform the operation inplace on the original object, or try to avoid an inplace operation using 'df[col] = df[col].method(value)'.

See the documentation for a more detailed explanation: https://pandas.pydata.org/pandas-docs/stable/user_guide/copy_on_write.html
  feat[field].fillna(value=0, inplace=True)
/home/572/kd6504/TRACT/RecBole/recbole/data/dataset/dataset.py:650: ChainedAssignmentError: A value is being set on a copy of a DataFrame or Series through chained assignment using an inplace method.
Such inplace method never works to update the original DataFrame or Series, because the intermediate object on which we are setting values always behaves as a copy (due to Copy-on-Write).

For example, when doing 'df[col].method(value, inplace=True)', try using 'df.method({col: value}, inplace=True)' instead, to perform the operation inplace on the original object, or try to avoid an inplace operation using 'df[col] = df[col].method(value)'.

See the documentation for a more detailed explanation: https://pandas.pydata.org/pandas-docs/stable/user_guide/copy_on_write.html
  feat[field].fillna(value=feat[field].mean(), inplace=True)
12 Feb 13:29    INFO  amazon-beauty
The number of users: 22364
Average actions of users: 8.876358270357287
The number of items: 12102
Average actions of items: 16.403768283612923
The number of inters: 198502
The sparsity of the dataset: 99.92665707018277%
Remain Fields: ['user_id', 'item_id', 'rating', 'timestamp']
/home/572/kd6504/TRACT/RecBole/recbole/data/dataset/dataset.py:2202: UserWarning: The given NumPy array is not writable, and PyTorch does not support non-writable tensors. This means writing to this tensor will result in undefined behavior. You may want to copy the array to protect its data or make it writable before converting it to a tensor. This type of warning will be suppressed for the rest of this program. (Triggered internally at /pytorch/torch/csrc/utils/tensor_numpy.cpp:203.)
  new_data[k] = torch.LongTensor(value)
12 Feb 13:29    INFO  [Training]: train_batch_size = [128] train_neg_sample_args: [{'distribution': 'none', 'sample_num': 'none', 'alpha': 'none', 'dynamic': False, 'candidate_num': 0}]
12 Feb 13:29    INFO  [Evaluation]: eval_batch_size = [4096] eval_args: [{'split': {'LS': 'valid_and_test'}, 'order': 'TO', 'group_by': 'user', 'mode': {'valid': 'full', 'test': 'full'}}]
12 Feb 13:29    INFO  pswrecv5(
  (item_embedding): Embedding(12102, 64, padding_idx=0)
  (position_embedding): Embedding(50, 64)
  (phase_filter): LocalPhaseFilterBankV5(
    (real_convs): ModuleList(
      (0): Conv1d(64, 64, kernel_size=(3,), stride=(1,), groups=64, bias=False)
      (1): Conv1d(64, 64, kernel_size=(7,), stride=(1,), dilation=(2,), groups=64, bias=False)
      (2): Conv1d(64, 64, kernel_size=(15,), stride=(1,), dilation=(4,), groups=64, bias=False)
      (3): Conv1d(64, 64, kernel_size=(31,), stride=(1,), dilation=(8,), groups=64, bias=False)
    )
    (imag_convs): ModuleList(
      (0): Conv1d(64, 64, kernel_size=(3,), stride=(1,), groups=64, bias=False)
      (1): Conv1d(64, 64, kernel_size=(7,), stride=(1,), dilation=(2,), groups=64, bias=False)
      (2): Conv1d(64, 64, kernel_size=(15,), stride=(1,), dilation=(4,), groups=64, bias=False)
      (3): Conv1d(64, 64, kernel_size=(31,), stride=(1,), dilation=(8,), groups=64, bias=False)
    )
  )
  (encoder): PSWEncoderV5(
    (layers): ModuleList(
      (0-1): 2 x PSWBlockV5(
        (attn): PhaseSyncAttentionV5(
          (query): Linear(in_features=64, out_features=64, bias=True)
          (key): Linear(in_features=64, out_features=64, bias=True)
          (value): Linear(in_features=64, out_features=64, bias=True)
          (attn_dropout): Dropout(p=0.5, inplace=False)
          (out_proj): Linear(in_features=64, out_features=64, bias=True)
          (out_dropout): Dropout(p=0.5, inplace=False)
          (layer_norm): LayerNorm((64,), eps=1e-12, elementwise_affine=True)
        )
        (ffn): FeedForwardV5(
          (dense_1): Linear(in_features=64, out_features=256, bias=True)
          (dense_2): Linear(in_features=256, out_features=64, bias=True)
          (layer_norm): LayerNorm((64,), eps=1e-12, elementwise_affine=True)
          (dropout): Dropout(p=0.5, inplace=False)
        )
      )
    )
  )
  (layer_norm): LayerNorm((64,), eps=1e-12, elementwise_affine=True)
  (dropout): Dropout(p=0.5, inplace=False)
  (loss_fct): CrossEntropyLoss()
)
Trainable parameters: 885014.0
12 Feb 13:29    INFO  FLOPs: 5312064.0
/home/572/kd6504/TRACT/RecBole/recbole/trainer/trainer.py:235: FutureWarning: `torch.cuda.amp.GradScaler(args...)` is deprecated. Please use `torch.amp.GradScaler('cuda', args...)` instead.
  scaler = amp.GradScaler(enabled=self.enable_scaler)
12 Feb 13:30    INFO  epoch 0 training [time: 73.36s, train loss: 8825.9977]
12 Feb 13:30    INFO  epoch 0 evaluating [time: 0.37s, valid_score: 0.019600]
12 Feb 13:30    INFO  valid result: 
hit@1 : 0.0057    hit@5 : 0.0219    hit@10 : 0.0394    hit@20 : 0.0641    ndcg@1 : 0.0057    ndcg@5 : 0.014    ndcg@10 : 0.0196    ndcg@20 : 0.0258    mrr@1 : 0.0057    mrr@5 : 0.0114    mrr@10 : 0.0137    mrr@20 : 0.0154
12 Feb 13:30    INFO  Saving current: outputs/pswrecv5_beauty/pswrecv5-Feb-12-2026_13-29-08.pth
12 Feb 13:31    INFO  epoch 1 training [time: 73.05s, train loss: 8166.8690]
12 Feb 13:31    INFO  epoch 1 evaluating [time: 0.32s, valid_score: 0.030300]
12 Feb 13:31    INFO  valid result: 
hit@1 : 0.0096    hit@5 : 0.0375    hit@10 : 0.0585    hit@20 : 0.088    ndcg@1 : 0.0096    ndcg@5 : 0.0236    ndcg@10 : 0.0303    ndcg@20 : 0.0378    mrr@1 : 0.0096    mrr@5 : 0.019    mrr@10 : 0.0218    mrr@20 : 0.0238
12 Feb 13:31    INFO  Saving current: outputs/pswrecv5_beauty/pswrecv5-Feb-12-2026_13-29-08.pth
12 Feb 13:32    INFO  epoch 2 training [time: 73.18s, train loss: 7864.9333]
12 Feb 13:32    INFO  epoch 2 evaluating [time: 0.32s, valid_score: 0.036600]
12 Feb 13:32    INFO  valid result: 
hit@1 : 0.0114    hit@5 : 0.0449    hit@10 : 0.0711    hit@20 : 0.107    ndcg@1 : 0.0114    ndcg@5 : 0.0282    ndcg@10 : 0.0366    ndcg@20 : 0.0457    mrr@1 : 0.0114    mrr@5 : 0.0227    mrr@10 : 0.0262    mrr@20 : 0.0287
12 Feb 13:32    INFO  Saving current: outputs/pswrecv5_beauty/pswrecv5-Feb-12-2026_13-29-08.pth
12 Feb 13:34    INFO  epoch 3 training [time: 73.03s, train loss: 7633.1096]
12 Feb 13:34    INFO  epoch 3 evaluating [time: 0.34s, valid_score: 0.042300]
12 Feb 13:34    INFO  valid result: 
hit@1 : 0.0113    hit@5 : 0.0525    hit@10 : 0.0848    hit@20 : 0.1223    ndcg@1 : 0.0113    ndcg@5 : 0.0318    ndcg@10 : 0.0423    ndcg@20 : 0.0517    mrr@1 : 0.0113    mrr@5 : 0.0251    mrr@10 : 0.0294    mrr@20 : 0.0319
12 Feb 13:34    INFO  Saving current: outputs/pswrecv5_beauty/pswrecv5-Feb-12-2026_13-29-08.pth
12 Feb 13:35    INFO  epoch 4 training [time: 72.99s, train loss: 7438.5474]
12 Feb 13:35    INFO  epoch 4 evaluating [time: 0.34s, valid_score: 0.045700]
12 Feb 13:35    INFO  valid result: 
hit@1 : 0.0109    hit@5 : 0.0602    hit@10 : 0.0912    hit@20 : 0.1317    ndcg@1 : 0.0109    ndcg@5 : 0.0357    ndcg@10 : 0.0457    ndcg@20 : 0.0559    mrr@1 : 0.0109    mrr@5 : 0.0277    mrr@10 : 0.0318    mrr@20 : 0.0346
12 Feb 13:35    INFO  Saving current: outputs/pswrecv5_beauty/pswrecv5-Feb-12-2026_13-29-08.pth
12 Feb 13:36    INFO  epoch 5 training [time: 73.02s, train loss: 7285.5599]
12 Feb 13:36    INFO  epoch 5 evaluating [time: 0.32s, valid_score: 0.047600]
12 Feb 13:36    INFO  valid result: 
hit@1 : 0.011    hit@5 : 0.0624    hit@10 : 0.0945    hit@20 : 0.1344    ndcg@1 : 0.011    ndcg@5 : 0.0373    ndcg@10 : 0.0476    ndcg@20 : 0.0576    mrr@1 : 0.011    mrr@5 : 0.029    mrr@10 : 0.0333    mrr@20 : 0.036
12 Feb 13:36    INFO  Saving current: outputs/pswrecv5_beauty/pswrecv5-Feb-12-2026_13-29-08.pth
12 Feb 13:37    INFO  epoch 6 training [time: 74.03s, train loss: 7155.1332]
12 Feb 13:37    INFO  epoch 6 evaluating [time: 0.34s, valid_score: 0.047600]
12 Feb 13:37    INFO  valid result: 
hit@1 : 0.0106    hit@5 : 0.0632    hit@10 : 0.0956    hit@20 : 0.1368    ndcg@1 : 0.0106    ndcg@5 : 0.0372    ndcg@10 : 0.0476    ndcg@20 : 0.058    mrr@1 : 0.0106    mrr@5 : 0.0286    mrr@10 : 0.033    mrr@20 : 0.0358
12 Feb 13:37    INFO  Saving current: outputs/pswrecv5_beauty/pswrecv5-Feb-12-2026_13-29-08.pth
12 Feb 13:38    INFO  epoch 7 training [time: 74.66s, train loss: 7062.8255]
12 Feb 13:39    INFO  epoch 7 evaluating [time: 0.32s, valid_score: 0.048900]
12 Feb 13:39    INFO  valid result: 
hit@1 : 0.0102    hit@5 : 0.065    hit@10 : 0.0983    hit@20 : 0.1408    ndcg@1 : 0.0102    ndcg@5 : 0.0382    ndcg@10 : 0.0489    ndcg@20 : 0.0597    mrr@1 : 0.0102    mrr@5 : 0.0294    mrr@10 : 0.0338    mrr@20 : 0.0367
12 Feb 13:39    INFO  Saving current: outputs/pswrecv5_beauty/pswrecv5-Feb-12-2026_13-29-08.pth
12 Feb 13:40    INFO  epoch 8 training [time: 74.32s, train loss: 6978.7682]
12 Feb 13:40    INFO  epoch 8 evaluating [time: 0.33s, valid_score: 0.048700]
12 Feb 13:40    INFO  valid result: 
hit@1 : 0.0095    hit@5 : 0.0659    hit@10 : 0.0985    hit@20 : 0.1388    ndcg@1 : 0.0095    ndcg@5 : 0.0382    ndcg@10 : 0.0487    ndcg@20 : 0.0589    mrr@1 : 0.0095    mrr@5 : 0.0291    mrr@10 : 0.0334    mrr@20 : 0.0362
12 Feb 13:41    INFO  epoch 9 training [time: 74.53s, train loss: 6915.7388]
12 Feb 13:41    INFO  epoch 9 evaluating [time: 0.32s, valid_score: 0.049100]
12 Feb 13:41    INFO  valid result: 
hit@1 : 0.0093    hit@5 : 0.0653    hit@10 : 0.0998    hit@20 : 0.1413    ndcg@1 : 0.0093    ndcg@5 : 0.038    ndcg@10 : 0.0491    ndcg@20 : 0.0596    mrr@1 : 0.0093    mrr@5 : 0.029    mrr@10 : 0.0336    mrr@20 : 0.0365
12 Feb 13:41    INFO  Saving current: outputs/pswrecv5_beauty/pswrecv5-Feb-12-2026_13-29-08.pth
12 Feb 13:42    INFO  epoch 10 training [time: 74.64s, train loss: 6850.8550]
12 Feb 13:42    INFO  epoch 10 evaluating [time: 0.34s, valid_score: 0.049800]
12 Feb 13:42    INFO  valid result: 
hit@1 : 0.01    hit@5 : 0.0673    hit@10 : 0.0997    hit@20 : 0.1411    ndcg@1 : 0.01    ndcg@5 : 0.0394    ndcg@10 : 0.0498    ndcg@20 : 0.0602    mrr@1 : 0.01    mrr@5 : 0.0301    mrr@10 : 0.0344    mrr@20 : 0.0373
12 Feb 13:42    INFO  Saving current: outputs/pswrecv5_beauty/pswrecv5-Feb-12-2026_13-29-08.pth
12 Feb 13:43    INFO  epoch 11 training [time: 74.51s, train loss: 6812.3922]
12 Feb 13:43    INFO  epoch 11 evaluating [time: 0.34s, valid_score: 0.050500]
12 Feb 13:43    INFO  valid result: 
hit@1 : 0.0101    hit@5 : 0.0675    hit@10 : 0.1014    hit@20 : 0.1432    ndcg@1 : 0.0101    ndcg@5 : 0.0396    ndcg@10 : 0.0505    ndcg@20 : 0.0611    mrr@1 : 0.0101    mrr@5 : 0.0304    mrr@10 : 0.0349    mrr@20 : 0.0378
12 Feb 13:43    INFO  Saving current: outputs/pswrecv5_beauty/pswrecv5-Feb-12-2026_13-29-08.pth
12 Feb 13:45    INFO  epoch 12 training [time: 74.27s, train loss: 6775.0634]
12 Feb 13:45    INFO  epoch 12 evaluating [time: 0.32s, valid_score: 0.050900]
12 Feb 13:45    INFO  valid result: 
hit@1 : 0.01    hit@5 : 0.0679    hit@10 : 0.1023    hit@20 : 0.1431    ndcg@1 : 0.01    ndcg@5 : 0.0397    ndcg@10 : 0.0509    ndcg@20 : 0.0612    mrr@1 : 0.01    mrr@5 : 0.0305    mrr@10 : 0.0351    mrr@20 : 0.0379
12 Feb 13:45    INFO  Saving current: outputs/pswrecv5_beauty/pswrecv5-Feb-12-2026_13-29-08.pth
12 Feb 13:46    INFO  epoch 13 training [time: 74.39s, train loss: 6731.9651]
12 Feb 13:46    INFO  epoch 13 evaluating [time: 0.33s, valid_score: 0.050600]
12 Feb 13:46    INFO  valid result: 
hit@1 : 0.0104    hit@5 : 0.0688    hit@10 : 0.1008    hit@20 : 0.1426    ndcg@1 : 0.0104    ndcg@5 : 0.0403    ndcg@10 : 0.0506    ndcg@20 : 0.0611    mrr@1 : 0.0104    mrr@5 : 0.0309    mrr@10 : 0.0351    mrr@20 : 0.038
12 Feb 13:47    INFO  epoch 14 training [time: 74.52s, train loss: 6706.6134]
12 Feb 13:47    INFO  epoch 14 evaluating [time: 0.33s, valid_score: 0.051200]
12 Feb 13:47    INFO  valid result: 
hit@1 : 0.0098    hit@5 : 0.0691    hit@10 : 0.1027    hit@20 : 0.145    ndcg@1 : 0.0098    ndcg@5 : 0.0404    ndcg@10 : 0.0512    ndcg@20 : 0.0619    mrr@1 : 0.0098    mrr@5 : 0.0309    mrr@10 : 0.0353    mrr@20 : 0.0383
12 Feb 13:47    INFO  Saving current: outputs/pswrecv5_beauty/pswrecv5-Feb-12-2026_13-29-08.pth
12 Feb 13:48    INFO  epoch 15 training [time: 74.20s, train loss: 6683.9429]
12 Feb 13:48    INFO  epoch 15 evaluating [time: 0.34s, valid_score: 0.050200]
12 Feb 13:48    INFO  valid result: 
hit@1 : 0.0098    hit@5 : 0.0686    hit@10 : 0.1007    hit@20 : 0.144    ndcg@1 : 0.0098    ndcg@5 : 0.0399    ndcg@10 : 0.0502    ndcg@20 : 0.0611    mrr@1 : 0.0098    mrr@5 : 0.0304    mrr@10 : 0.0347    mrr@20 : 0.0376
12 Feb 13:50    INFO  epoch 16 training [time: 74.71s, train loss: 6652.9827]
12 Feb 13:50    INFO  epoch 16 evaluating [time: 0.33s, valid_score: 0.051100]
12 Feb 13:50    INFO  valid result: 
hit@1 : 0.009    hit@5 : 0.0695    hit@10 : 0.1042    hit@20 : 0.1442    ndcg@1 : 0.009    ndcg@5 : 0.0399    ndcg@10 : 0.0511    ndcg@20 : 0.0611    mrr@1 : 0.009    mrr@5 : 0.0302    mrr@10 : 0.0347    mrr@20 : 0.0375
12 Feb 13:51    INFO  epoch 17 training [time: 74.85s, train loss: 6635.2733]
12 Feb 13:51    INFO  epoch 17 evaluating [time: 0.32s, valid_score: 0.050800]
12 Feb 13:51    INFO  valid result: 
hit@1 : 0.0106    hit@5 : 0.0681    hit@10 : 0.1012    hit@20 : 0.1441    ndcg@1 : 0.0106    ndcg@5 : 0.0401    ndcg@10 : 0.0508    ndcg@20 : 0.0616    mrr@1 : 0.0106    mrr@5 : 0.0309    mrr@10 : 0.0353    mrr@20 : 0.0383
12 Feb 13:52    INFO  epoch 18 training [time: 74.51s, train loss: 6614.2693]
12 Feb 13:52    INFO  epoch 18 evaluating [time: 0.32s, valid_score: 0.052500]
12 Feb 13:52    INFO  valid result: 
hit@1 : 0.0122    hit@5 : 0.0697    hit@10 : 0.103    hit@20 : 0.1452    ndcg@1 : 0.0122    ndcg@5 : 0.0417    ndcg@10 : 0.0525    ndcg@20 : 0.0631    mrr@1 : 0.0122    mrr@5 : 0.0325    mrr@10 : 0.0369    mrr@20 : 0.0398
12 Feb 13:52    INFO  Saving current: outputs/pswrecv5_beauty/pswrecv5-Feb-12-2026_13-29-08.pth
12 Feb 13:53    INFO  epoch 19 training [time: 74.66s, train loss: 6593.1310]
12 Feb 13:53    INFO  epoch 19 evaluating [time: 0.33s, valid_score: 0.051100]
12 Feb 13:53    INFO  valid result: 
hit@1 : 0.0102    hit@5 : 0.0683    hit@10 : 0.1022    hit@20 : 0.1463    ndcg@1 : 0.0102    ndcg@5 : 0.0402    ndcg@10 : 0.0511    ndcg@20 : 0.0622    mrr@1 : 0.0102    mrr@5 : 0.031    mrr@10 : 0.0354    mrr@20 : 0.0385
12 Feb 13:55    INFO  epoch 20 training [time: 74.09s, train loss: 6574.9155]
12 Feb 13:55    INFO  epoch 20 evaluating [time: 0.33s, valid_score: 0.052200]
12 Feb 13:55    INFO  valid result: 
hit@1 : 0.0111    hit@5 : 0.0697    hit@10 : 0.1039    hit@20 : 0.1466    ndcg@1 : 0.0111    ndcg@5 : 0.0412    ndcg@10 : 0.0522    ndcg@20 : 0.0629    mrr@1 : 0.0111    mrr@5 : 0.0318    mrr@10 : 0.0363    mrr@20 : 0.0392
12 Feb 13:56    INFO  epoch 21 training [time: 74.86s, train loss: 6559.7316]
12 Feb 13:56    INFO  epoch 21 evaluating [time: 0.33s, valid_score: 0.051300]
12 Feb 13:56    INFO  valid result: 
hit@1 : 0.0096    hit@5 : 0.0687    hit@10 : 0.1039    hit@20 : 0.1463    ndcg@1 : 0.0096    ndcg@5 : 0.0399    ndcg@10 : 0.0513    ndcg@20 : 0.0621    mrr@1 : 0.0096    mrr@5 : 0.0304    mrr@10 : 0.0352    mrr@20 : 0.0381
12 Feb 13:57    INFO  epoch 22 training [time: 74.70s, train loss: 6544.3849]
12 Feb 13:57    INFO  epoch 22 evaluating [time: 0.32s, valid_score: 0.051700]
12 Feb 13:57    INFO  valid result: 
hit@1 : 0.0102    hit@5 : 0.0705    hit@10 : 0.1041    hit@20 : 0.1485    ndcg@1 : 0.0102    ndcg@5 : 0.0409    ndcg@10 : 0.0517    ndcg@20 : 0.0629    mrr@1 : 0.0102    mrr@5 : 0.0311    mrr@10 : 0.0356    mrr@20 : 0.0386
12 Feb 13:58    INFO  epoch 23 training [time: 74.23s, train loss: 6532.8095]
12 Feb 13:58    INFO  epoch 23 evaluating [time: 0.32s, valid_score: 0.051200]
12 Feb 13:58    INFO  valid result: 
hit@1 : 0.0097    hit@5 : 0.0679    hit@10 : 0.1034    hit@20 : 0.1456    ndcg@1 : 0.0097    ndcg@5 : 0.0397    ndcg@10 : 0.0512    ndcg@20 : 0.0619    mrr@1 : 0.0097    mrr@5 : 0.0305    mrr@10 : 0.0352    mrr@20 : 0.0381
12 Feb 14:00    INFO  epoch 24 training [time: 74.18s, train loss: 6517.7761]
12 Feb 14:00    INFO  epoch 24 evaluating [time: 0.33s, valid_score: 0.051800]
12 Feb 14:00    INFO  valid result: 
hit@1 : 0.0105    hit@5 : 0.069    hit@10 : 0.1035    hit@20 : 0.1472    ndcg@1 : 0.0105    ndcg@5 : 0.0407    ndcg@10 : 0.0518    ndcg@20 : 0.0628    mrr@1 : 0.0105    mrr@5 : 0.0314    mrr@10 : 0.036    mrr@20 : 0.039
12 Feb 14:01    INFO  epoch 25 training [time: 74.30s, train loss: 6510.1703]
12 Feb 14:01    INFO  epoch 25 evaluating [time: 0.32s, valid_score: 0.051500]
12 Feb 14:01    INFO  valid result: 
hit@1 : 0.0106    hit@5 : 0.0687    hit@10 : 0.1031    hit@20 : 0.145    ndcg@1 : 0.0106    ndcg@5 : 0.0404    ndcg@10 : 0.0515    ndcg@20 : 0.0621    mrr@1 : 0.0106    mrr@5 : 0.0311    mrr@10 : 0.0357    mrr@20 : 0.0385
12 Feb 14:02    INFO  epoch 26 training [time: 74.00s, train loss: 6494.4206]
12 Feb 14:02    INFO  epoch 26 evaluating [time: 0.32s, valid_score: 0.052200]
12 Feb 14:02    INFO  valid result: 
hit@1 : 0.0116    hit@5 : 0.0707    hit@10 : 0.1024    hit@20 : 0.1458    ndcg@1 : 0.0116    ndcg@5 : 0.042    ndcg@10 : 0.0522    ndcg@20 : 0.0632    mrr@1 : 0.0116    mrr@5 : 0.0325    mrr@10 : 0.0367    mrr@20 : 0.0397
12 Feb 14:03    INFO  epoch 27 training [time: 73.44s, train loss: 6489.3449]
12 Feb 14:03    INFO  epoch 27 evaluating [time: 0.33s, valid_score: 0.052800]
12 Feb 14:03    INFO  valid result: 
hit@1 : 0.0114    hit@5 : 0.0693    hit@10 : 0.1054    hit@20 : 0.1467    ndcg@1 : 0.0114    ndcg@5 : 0.0411    ndcg@10 : 0.0528    ndcg@20 : 0.0632    mrr@1 : 0.0114    mrr@5 : 0.0319    mrr@10 : 0.0367    mrr@20 : 0.0395
12 Feb 14:03    INFO  Saving current: outputs/pswrecv5_beauty/pswrecv5-Feb-12-2026_13-29-08.pth
12 Feb 14:05    INFO  epoch 28 training [time: 75.46s, train loss: 6469.0861]
12 Feb 14:05    INFO  epoch 28 evaluating [time: 0.32s, valid_score: 0.052100]
12 Feb 14:05    INFO  valid result: 
hit@1 : 0.0116    hit@5 : 0.0689    hit@10 : 0.103    hit@20 : 0.1458    ndcg@1 : 0.0116    ndcg@5 : 0.041    ndcg@10 : 0.0521    ndcg@20 : 0.0628    mrr@1 : 0.0116    mrr@5 : 0.0319    mrr@10 : 0.0364    mrr@20 : 0.0394
12 Feb 14:06    INFO  epoch 29 training [time: 75.34s, train loss: 6464.5173]
12 Feb 14:06    INFO  epoch 29 evaluating [time: 0.33s, valid_score: 0.051400]
12 Feb 14:06    INFO  valid result: 
hit@1 : 0.0105    hit@5 : 0.0687    hit@10 : 0.1027    hit@20 : 0.1454    ndcg@1 : 0.0105    ndcg@5 : 0.0404    ndcg@10 : 0.0514    ndcg@20 : 0.0622    mrr@1 : 0.0105    mrr@5 : 0.031    mrr@10 : 0.0356    mrr@20 : 0.0385
12 Feb 14:07    INFO  epoch 30 training [time: 75.02s, train loss: 6457.3886]
12 Feb 14:07    INFO  epoch 30 evaluating [time: 0.33s, valid_score: 0.052100]
12 Feb 14:07    INFO  valid result: 
hit@1 : 0.0117    hit@5 : 0.0691    hit@10 : 0.1032    hit@20 : 0.1456    ndcg@1 : 0.0117    ndcg@5 : 0.0411    ndcg@10 : 0.0521    ndcg@20 : 0.0628    mrr@1 : 0.0117    mrr@5 : 0.0319    mrr@10 : 0.0364    mrr@20 : 0.0394
12 Feb 14:08    INFO  epoch 31 training [time: 74.94s, train loss: 6443.6076]
12 Feb 14:08    INFO  epoch 31 evaluating [time: 0.31s, valid_score: 0.051000]
12 Feb 14:08    INFO  valid result: 
hit@1 : 0.01    hit@5 : 0.0688    hit@10 : 0.102    hit@20 : 0.1439    ndcg@1 : 0.01    ndcg@5 : 0.0403    ndcg@10 : 0.051    ndcg@20 : 0.0616    mrr@1 : 0.01    mrr@5 : 0.0309    mrr@10 : 0.0353    mrr@20 : 0.0382
12 Feb 14:10    INFO  epoch 32 training [time: 74.98s, train loss: 6433.1814]
12 Feb 14:10    INFO  epoch 32 evaluating [time: 0.33s, valid_score: 0.052900]
12 Feb 14:10    INFO  valid result: 
hit@1 : 0.0117    hit@5 : 0.0705    hit@10 : 0.1045    hit@20 : 0.1461    ndcg@1 : 0.0117    ndcg@5 : 0.0419    ndcg@10 : 0.0529    ndcg@20 : 0.0634    mrr@1 : 0.0117    mrr@5 : 0.0325    mrr@10 : 0.037    mrr@20 : 0.0399
12 Feb 14:10    INFO  Saving current: outputs/pswrecv5_beauty/pswrecv5-Feb-12-2026_13-29-08.pth
12 Feb 14:11    INFO  epoch 33 training [time: 74.96s, train loss: 6429.9293]
12 Feb 14:11    INFO  epoch 33 evaluating [time: 0.33s, valid_score: 0.052100]
12 Feb 14:11    INFO  valid result: 
hit@1 : 0.0106    hit@5 : 0.0709    hit@10 : 0.1037    hit@20 : 0.1465    ndcg@1 : 0.0106    ndcg@5 : 0.0416    ndcg@10 : 0.0521    ndcg@20 : 0.0629    mrr@1 : 0.0106    mrr@5 : 0.0319    mrr@10 : 0.0363    mrr@20 : 0.0392
12 Feb 14:12    INFO  epoch 34 training [time: 74.91s, train loss: 6417.7899]
12 Feb 14:12    INFO  epoch 34 evaluating [time: 0.33s, valid_score: 0.051800]
12 Feb 14:12    INFO  valid result: 
hit@1 : 0.0107    hit@5 : 0.0695    hit@10 : 0.1033    hit@20 : 0.1447    ndcg@1 : 0.0107    ndcg@5 : 0.041    ndcg@10 : 0.0518    ndcg@20 : 0.0622    mrr@1 : 0.0107    mrr@5 : 0.0315    mrr@10 : 0.036    mrr@20 : 0.0388
12 Feb 14:13    INFO  epoch 35 training [time: 74.96s, train loss: 6412.6130]
12 Feb 14:13    INFO  epoch 35 evaluating [time: 0.33s, valid_score: 0.053100]
12 Feb 14:13    INFO  valid result: 
hit@1 : 0.0117    hit@5 : 0.0712    hit@10 : 0.1048    hit@20 : 0.1475    ndcg@1 : 0.0117    ndcg@5 : 0.0423    ndcg@10 : 0.0531    ndcg@20 : 0.0639    mrr@1 : 0.0117    mrr@5 : 0.0328    mrr@10 : 0.0372    mrr@20 : 0.0402
12 Feb 14:13    INFO  Saving current: outputs/pswrecv5_beauty/pswrecv5-Feb-12-2026_13-29-08.pth
12 Feb 14:15    INFO  epoch 36 training [time: 75.71s, train loss: 6401.7494]
12 Feb 14:15    INFO  epoch 36 evaluating [time: 0.33s, valid_score: 0.053000]
12 Feb 14:15    INFO  valid result: 
hit@1 : 0.0112    hit@5 : 0.0707    hit@10 : 0.1056    hit@20 : 0.1457    ndcg@1 : 0.0112    ndcg@5 : 0.0418    ndcg@10 : 0.053    ndcg@20 : 0.0631    mrr@1 : 0.0112    mrr@5 : 0.0322    mrr@10 : 0.0369    mrr@20 : 0.0396
12 Feb 14:16    INFO  epoch 37 training [time: 75.89s, train loss: 6395.7026]
12 Feb 14:16    INFO  epoch 37 evaluating [time: 0.32s, valid_score: 0.052200]
12 Feb 14:16    INFO  valid result: 
hit@1 : 0.0108    hit@5 : 0.0692    hit@10 : 0.1046    hit@20 : 0.1467    ndcg@1 : 0.0108    ndcg@5 : 0.0408    ndcg@10 : 0.0522    ndcg@20 : 0.0628    mrr@1 : 0.0108    mrr@5 : 0.0314    mrr@10 : 0.0361    mrr@20 : 0.039
12 Feb 14:17    INFO  epoch 38 training [time: 75.96s, train loss: 6387.7964]
12 Feb 14:17    INFO  epoch 38 evaluating [time: 0.33s, valid_score: 0.052900]
12 Feb 14:17    INFO  valid result: 
hit@1 : 0.0123    hit@5 : 0.0704    hit@10 : 0.1042    hit@20 : 0.1468    ndcg@1 : 0.0123    ndcg@5 : 0.042    ndcg@10 : 0.0529    ndcg@20 : 0.0637    mrr@1 : 0.0123    mrr@5 : 0.0327    mrr@10 : 0.0372    mrr@20 : 0.0401
12 Feb 14:19    INFO  epoch 39 training [time: 75.94s, train loss: 6383.8061]
12 Feb 14:19    INFO  epoch 39 evaluating [time: 0.32s, valid_score: 0.052200]
12 Feb 14:19    INFO  valid result: 
hit@1 : 0.0114    hit@5 : 0.0701    hit@10 : 0.1027    hit@20 : 0.1459    ndcg@1 : 0.0114    ndcg@5 : 0.0417    ndcg@10 : 0.0522    ndcg@20 : 0.0631    mrr@1 : 0.0114    mrr@5 : 0.0323    mrr@10 : 0.0366    mrr@20 : 0.0396
12 Feb 14:20    INFO  epoch 40 training [time: 74.04s, train loss: 6372.9163]
12 Feb 14:20    INFO  epoch 40 evaluating [time: 0.32s, valid_score: 0.052700]
12 Feb 14:20    INFO  valid result: 
hit@1 : 0.0126    hit@5 : 0.0697    hit@10 : 0.1041    hit@20 : 0.1472    ndcg@1 : 0.0126    ndcg@5 : 0.0416    ndcg@10 : 0.0527    ndcg@20 : 0.0636    mrr@1 : 0.0126    mrr@5 : 0.0324    mrr@10 : 0.0369    mrr@20 : 0.0399
12 Feb 14:21    INFO  epoch 41 training [time: 73.70s, train loss: 6368.8085]
12 Feb 14:21    INFO  epoch 41 evaluating [time: 0.34s, valid_score: 0.052600]
12 Feb 14:21    INFO  valid result: 
hit@1 : 0.0122    hit@5 : 0.0696    hit@10 : 0.1037    hit@20 : 0.1469    ndcg@1 : 0.0122    ndcg@5 : 0.0416    ndcg@10 : 0.0526    ndcg@20 : 0.0635    mrr@1 : 0.0122    mrr@5 : 0.0324    mrr@10 : 0.0369    mrr@20 : 0.0399
12 Feb 14:22    INFO  epoch 42 training [time: 74.05s, train loss: 6361.5055]
12 Feb 14:22    INFO  epoch 42 evaluating [time: 0.33s, valid_score: 0.053700]
12 Feb 14:22    INFO  valid result: 
hit@1 : 0.0129    hit@5 : 0.0706    hit@10 : 0.1058    hit@20 : 0.1475    ndcg@1 : 0.0129    ndcg@5 : 0.0424    ndcg@10 : 0.0537    ndcg@20 : 0.0642    mrr@1 : 0.0129    mrr@5 : 0.0331    mrr@10 : 0.0377    mrr@20 : 0.0406
12 Feb 14:22    INFO  Saving current: outputs/pswrecv5_beauty/pswrecv5-Feb-12-2026_13-29-08.pth
12 Feb 14:24    INFO  epoch 43 training [time: 73.74s, train loss: 6356.4005]
12 Feb 14:24    INFO  epoch 43 evaluating [time: 0.32s, valid_score: 0.052700]
12 Feb 14:24    INFO  valid result: 
hit@1 : 0.0114    hit@5 : 0.0698    hit@10 : 0.1048    hit@20 : 0.1458    ndcg@1 : 0.0114    ndcg@5 : 0.0414    ndcg@10 : 0.0527    ndcg@20 : 0.063    mrr@1 : 0.0114    mrr@5 : 0.032    mrr@10 : 0.0367    mrr@20 : 0.0395
12 Feb 14:25    INFO  epoch 44 training [time: 73.92s, train loss: 6345.7746]
12 Feb 14:25    INFO  epoch 44 evaluating [time: 0.34s, valid_score: 0.053500]
12 Feb 14:25    INFO  valid result: 
hit@1 : 0.0126    hit@5 : 0.0718    hit@10 : 0.1047    hit@20 : 0.1473    ndcg@1 : 0.0126    ndcg@5 : 0.0429    ndcg@10 : 0.0535    ndcg@20 : 0.0643    mrr@1 : 0.0126    mrr@5 : 0.0334    mrr@10 : 0.0378    mrr@20 : 0.0407
12 Feb 14:26    INFO  epoch 45 training [time: 73.85s, train loss: 6347.5769]
12 Feb 14:26    INFO  epoch 45 evaluating [time: 0.33s, valid_score: 0.053300]
12 Feb 14:26    INFO  valid result: 
hit@1 : 0.013    hit@5 : 0.07    hit@10 : 0.1046    hit@20 : 0.1466    ndcg@1 : 0.013    ndcg@5 : 0.0421    ndcg@10 : 0.0533    ndcg@20 : 0.0639    mrr@1 : 0.013    mrr@5 : 0.033    mrr@10 : 0.0376    mrr@20 : 0.0405
12 Feb 14:27    INFO  epoch 46 training [time: 73.90s, train loss: 6335.9170]
12 Feb 14:27    INFO  epoch 46 evaluating [time: 0.32s, valid_score: 0.053200]
12 Feb 14:27    INFO  valid result: 
hit@1 : 0.012    hit@5 : 0.071    hit@10 : 0.1055    hit@20 : 0.1477    ndcg@1 : 0.012    ndcg@5 : 0.0421    ndcg@10 : 0.0532    ndcg@20 : 0.0639    mrr@1 : 0.012    mrr@5 : 0.0326    mrr@10 : 0.0372    mrr@20 : 0.0401
12 Feb 14:28    INFO  epoch 47 training [time: 73.88s, train loss: 6329.9044]
12 Feb 14:28    INFO  epoch 47 evaluating [time: 0.33s, valid_score: 0.052500]
12 Feb 14:28    INFO  valid result: 
hit@1 : 0.0122    hit@5 : 0.0696    hit@10 : 0.1027    hit@20 : 0.1469    ndcg@1 : 0.0122    ndcg@5 : 0.0418    ndcg@10 : 0.0525    ndcg@20 : 0.0637    mrr@1 : 0.0122    mrr@5 : 0.0327    mrr@10 : 0.0371    mrr@20 : 0.0401
12 Feb 14:30    INFO  epoch 48 training [time: 73.79s, train loss: 6322.5648]
12 Feb 14:30    INFO  epoch 48 evaluating [time: 0.32s, valid_score: 0.053400]
12 Feb 14:30    INFO  valid result: 
hit@1 : 0.0118    hit@5 : 0.0714    hit@10 : 0.1055    hit@20 : 0.1504    ndcg@1 : 0.0118    ndcg@5 : 0.0424    ndcg@10 : 0.0534    ndcg@20 : 0.0647    mrr@1 : 0.0118    mrr@5 : 0.0328    mrr@10 : 0.0373    mrr@20 : 0.0404
12 Feb 14:31    INFO  epoch 49 training [time: 74.02s, train loss: 6319.5869]
12 Feb 14:31    INFO  epoch 49 evaluating [time: 0.32s, valid_score: 0.053500]
12 Feb 14:31    INFO  valid result: 
hit@1 : 0.0119    hit@5 : 0.0707    hit@10 : 0.1063    hit@20 : 0.1484    ndcg@1 : 0.0119    ndcg@5 : 0.042    ndcg@10 : 0.0535    ndcg@20 : 0.0641    mrr@1 : 0.0119    mrr@5 : 0.0325    mrr@10 : 0.0373    mrr@20 : 0.0402
12 Feb 14:32    INFO  epoch 50 training [time: 73.80s, train loss: 6313.5088]
12 Feb 14:32    INFO  epoch 50 evaluating [time: 0.33s, valid_score: 0.054200]
12 Feb 14:32    INFO  valid result: 
hit@1 : 0.0123    hit@5 : 0.0711    hit@10 : 0.1074    hit@20 : 0.1477    ndcg@1 : 0.0123    ndcg@5 : 0.0425    ndcg@10 : 0.0542    ndcg@20 : 0.0644    mrr@1 : 0.0123    mrr@5 : 0.0331    mrr@10 : 0.0379    mrr@20 : 0.0407
12 Feb 14:32    INFO  Saving current: outputs/pswrecv5_beauty/pswrecv5-Feb-12-2026_13-29-08.pth
12 Feb 14:33    INFO  epoch 51 training [time: 73.80s, train loss: 6307.3292]
12 Feb 14:33    INFO  epoch 51 evaluating [time: 0.33s, valid_score: 0.053300]
12 Feb 14:33    INFO  valid result: 
hit@1 : 0.0123    hit@5 : 0.0711    hit@10 : 0.1047    hit@20 : 0.1468    ndcg@1 : 0.0123    ndcg@5 : 0.0425    ndcg@10 : 0.0533    ndcg@20 : 0.0639    mrr@1 : 0.0123    mrr@5 : 0.0331    mrr@10 : 0.0375    mrr@20 : 0.0404
12 Feb 14:35    INFO  epoch 52 training [time: 73.86s, train loss: 6303.1298]
12 Feb 14:35    INFO  epoch 52 evaluating [time: 0.33s, valid_score: 0.054500]
12 Feb 14:35    INFO  valid result: 
hit@1 : 0.0129    hit@5 : 0.0718    hit@10 : 0.1067    hit@20 : 0.1484    ndcg@1 : 0.0129    ndcg@5 : 0.0433    ndcg@10 : 0.0545    ndcg@20 : 0.065    mrr@1 : 0.0129    mrr@5 : 0.0339    mrr@10 : 0.0385    mrr@20 : 0.0414
12 Feb 14:35    INFO  Saving current: outputs/pswrecv5_beauty/pswrecv5-Feb-12-2026_13-29-08.pth
12 Feb 14:36    INFO  epoch 53 training [time: 73.85s, train loss: 6300.8427]
12 Feb 14:36    INFO  epoch 53 evaluating [time: 0.32s, valid_score: 0.053400]
12 Feb 14:36    INFO  valid result: 
hit@1 : 0.0118    hit@5 : 0.0707    hit@10 : 0.105    hit@20 : 0.1488    ndcg@1 : 0.0118    ndcg@5 : 0.0423    ndcg@10 : 0.0534    ndcg@20 : 0.0644    mrr@1 : 0.0118    mrr@5 : 0.0329    mrr@10 : 0.0375    mrr@20 : 0.0405
12 Feb 14:37    INFO  epoch 54 training [time: 73.78s, train loss: 6295.7719]
12 Feb 14:37    INFO  epoch 54 evaluating [time: 0.33s, valid_score: 0.052600]
12 Feb 14:37    INFO  valid result: 
hit@1 : 0.0121    hit@5 : 0.0706    hit@10 : 0.1038    hit@20 : 0.1457    ndcg@1 : 0.0121    ndcg@5 : 0.0419    ndcg@10 : 0.0526    ndcg@20 : 0.0632    mrr@1 : 0.0121    mrr@5 : 0.0325    mrr@10 : 0.0369    mrr@20 : 0.0398
12 Feb 14:38    INFO  epoch 55 training [time: 73.82s, train loss: 6291.0587]
12 Feb 14:38    INFO  epoch 55 evaluating [time: 0.32s, valid_score: 0.053500]
12 Feb 14:38    INFO  valid result: 
hit@1 : 0.013    hit@5 : 0.0713    hit@10 : 0.1043    hit@20 : 0.1478    ndcg@1 : 0.013    ndcg@5 : 0.0428    ndcg@10 : 0.0535    ndcg@20 : 0.0644    mrr@1 : 0.013    mrr@5 : 0.0334    mrr@10 : 0.0378    mrr@20 : 0.0408
12 Feb 14:40    INFO  epoch 56 training [time: 73.82s, train loss: 6283.9502]
12 Feb 14:40    INFO  epoch 56 evaluating [time: 0.33s, valid_score: 0.053000]
12 Feb 14:40    INFO  valid result: 
hit@1 : 0.0123    hit@5 : 0.0695    hit@10 : 0.1045    hit@20 : 0.1458    ndcg@1 : 0.0123    ndcg@5 : 0.0417    ndcg@10 : 0.053    ndcg@20 : 0.0634    mrr@1 : 0.0123    mrr@5 : 0.0326    mrr@10 : 0.0372    mrr@20 : 0.0401
12 Feb 14:41    INFO  epoch 57 training [time: 73.83s, train loss: 6278.0351]
12 Feb 14:41    INFO  epoch 57 evaluating [time: 0.33s, valid_score: 0.053400]
12 Feb 14:41    INFO  valid result: 
hit@1 : 0.0115    hit@5 : 0.0701    hit@10 : 0.1066    hit@20 : 0.1475    ndcg@1 : 0.0115    ndcg@5 : 0.0416    ndcg@10 : 0.0534    ndcg@20 : 0.0637    mrr@1 : 0.0115    mrr@5 : 0.0322    mrr@10 : 0.037    mrr@20 : 0.0399
12 Feb 14:42    INFO  epoch 58 training [time: 74.06s, train loss: 6281.4135]
12 Feb 14:42    INFO  epoch 58 evaluating [time: 0.32s, valid_score: 0.052900]
12 Feb 14:42    INFO  valid result: 
hit@1 : 0.0122    hit@5 : 0.0706    hit@10 : 0.1034    hit@20 : 0.1456    ndcg@1 : 0.0122    ndcg@5 : 0.0423    ndcg@10 : 0.0529    ndcg@20 : 0.0636    mrr@1 : 0.0122    mrr@5 : 0.033    mrr@10 : 0.0374    mrr@20 : 0.0403
12 Feb 14:43    INFO  epoch 59 training [time: 73.85s, train loss: 6274.5236]
12 Feb 14:43    INFO  epoch 59 evaluating [time: 0.33s, valid_score: 0.053400]
12 Feb 14:43    INFO  valid result: 
hit@1 : 0.0119    hit@5 : 0.0687    hit@10 : 0.1064    hit@20 : 0.147    ndcg@1 : 0.0119    ndcg@5 : 0.0413    ndcg@10 : 0.0534    ndcg@20 : 0.0637    mrr@1 : 0.0119    mrr@5 : 0.0322    mrr@10 : 0.0372    mrr@20 : 0.04
12 Feb 14:45    INFO  epoch 60 training [time: 74.07s, train loss: 6265.9102]
12 Feb 14:45    INFO  epoch 60 evaluating [time: 0.32s, valid_score: 0.053300]
12 Feb 14:45    INFO  valid result: 
hit@1 : 0.0123    hit@5 : 0.0702    hit@10 : 0.1059    hit@20 : 0.1472    ndcg@1 : 0.0123    ndcg@5 : 0.0418    ndcg@10 : 0.0533    ndcg@20 : 0.0637    mrr@1 : 0.0123    mrr@5 : 0.0325    mrr@10 : 0.0372    mrr@20 : 0.04
12 Feb 14:46    INFO  epoch 61 training [time: 74.06s, train loss: 6265.2167]
12 Feb 14:46    INFO  epoch 61 evaluating [time: 0.32s, valid_score: 0.053300]
12 Feb 14:46    INFO  valid result: 
hit@1 : 0.0128    hit@5 : 0.0702    hit@10 : 0.105    hit@20 : 0.1467    ndcg@1 : 0.0128    ndcg@5 : 0.0421    ndcg@10 : 0.0533    ndcg@20 : 0.0638    mrr@1 : 0.0128    mrr@5 : 0.0328    mrr@10 : 0.0374    mrr@20 : 0.0403
12 Feb 14:47    INFO  epoch 62 training [time: 74.03s, train loss: 6264.4022]
12 Feb 14:47    INFO  epoch 62 evaluating [time: 0.33s, valid_score: 0.052900]
12 Feb 14:47    INFO  valid result: 
hit@1 : 0.0115    hit@5 : 0.0711    hit@10 : 0.1049    hit@20 : 0.1478    ndcg@1 : 0.0115    ndcg@5 : 0.042    ndcg@10 : 0.0529    ndcg@20 : 0.0637    mrr@1 : 0.0115    mrr@5 : 0.0324    mrr@10 : 0.037    mrr@20 : 0.0399
12 Feb 14:48    INFO  epoch 63 training [time: 73.83s, train loss: 6254.5958]
12 Feb 14:48    INFO  epoch 63 evaluating [time: 0.32s, valid_score: 0.053700]
12 Feb 14:48    INFO  valid result: 
hit@1 : 0.0118    hit@5 : 0.0703    hit@10 : 0.1066    hit@20 : 0.1479    ndcg@1 : 0.0118    ndcg@5 : 0.042    ndcg@10 : 0.0537    ndcg@20 : 0.0641    mrr@1 : 0.0118    mrr@5 : 0.0326    mrr@10 : 0.0375    mrr@20 : 0.0403
12 Feb 14:48    INFO  Finished training, best eval result in epoch 52
12 Feb 14:48    INFO  Loading model structure and parameters from outputs/pswrecv5_beauty/pswrecv5-Feb-12-2026_13-29-08.pth
12 Feb 14:48    INFO  The running environment of this training is as follows:
+-------------+------------------+
| Environment |      Usage       |
+=============+==================+
| CPU         |      2.50 %      |
+-------------+------------------+
| GPU         |  2.67 G/79.44 G  |
+-------------+------------------+
| Memory      | 1.61 G/2015.66 G |
+-------------+------------------+
12 Feb 14:48    INFO  best valid : OrderedDict([('hit@1', 0.0129), ('hit@5', 0.0718), ('hit@10', 0.1067), ('hit@20', 0.1484), ('ndcg@1', 0.0129), ('ndcg@5', 0.0433), ('ndcg@10', 0.0545), ('ndcg@20', 0.065), ('mrr@1', 0.0129), ('mrr@5', 0.0339), ('mrr@10', 0.0385), ('mrr@20', 0.0414)])
12 Feb 14:48    INFO  test result: OrderedDict([('hit@1', 0.0112), ('hit@5', 0.0571), ('hit@10', 0.0863), ('hit@20', 0.1225), ('ndcg@1', 0.0112), ('ndcg@5', 0.0346), ('ndcg@10', 0.0441), ('ndcg@20', 0.0531), ('mrr@1', 0.0112), ('mrr@5', 0.0273), ('mrr@10', 0.0311), ('mrr@20', 0.0336)])
