command line args [-m pswrecv4h -d amazon-beauty --config_files configs/beauty/beauty_pswrecv4h.yaml] will not be used in RecBole
12 Feb 00:10    INFO  ['RecBole/run_recbole.py', '-m', 'pswrecv4h', '-d', 'amazon-beauty', '--config_files', 'configs/beauty/beauty_pswrecv4h.yaml']
12 Feb 00:10    INFO  
General Hyper Parameters:
gpu_id = 0
use_gpu = True
seed = 2026
state = INFO
reproducibility = True
data_path = /scratch/up63/kd6504/recbole_datasets/amazon-beauty
checkpoint_dir = outputs/pswrecv4h_beauty
show_progress = False
save_dataset = False
dataset_save_path = None
save_dataloaders = False
dataloaders_save_path = None
log_wandb = False

Training Hyper Parameters:
epochs = 200
train_batch_size = 128
learner = adam
learning_rate = 0.001
train_neg_sample_args = {'distribution': 'none', 'sample_num': 'none', 'alpha': 'none', 'dynamic': False, 'candidate_num': 0}
eval_step = 1
stopping_step = 10
clip_grad_norm = None
weight_decay = 0.0
loss_decimal_place = 4

Evaluation Hyper Parameters:
eval_args = {'split': {'LS': 'valid_and_test'}, 'order': 'TO', 'group_by': 'user', 'mode': {'valid': 'full', 'test': 'full'}}
repeatable = True
metrics = ['Hit', 'NDCG', 'MRR']
topk = [1, 5, 10, 20]
valid_metric = NDCG@10
valid_metric_bigger = True
eval_batch_size = 4096
metric_decimal_place = 4

Dataset Hyper Parameters:
field_separator = 	
seq_separator =  
USER_ID_FIELD = user_id
ITEM_ID_FIELD = item_id
RATING_FIELD = rating
TIME_FIELD = timestamp
seq_len = None
LABEL_FIELD = label
threshold = None
NEG_PREFIX = neg_
load_col = {'inter': ['user_id', 'item_id', 'rating', 'timestamp']}
unload_col = None
unused_col = {'inter': ['rating']}
additional_feat_suffix = None
rm_dup_inter = None
val_interval = None
filter_inter_by_user_or_item = True
user_inter_num_interval = [5,inf)
item_inter_num_interval = [5,inf)
alias_of_user_id = None
alias_of_item_id = None
alias_of_entity_id = None
alias_of_relation_id = None
preload_weight = None
normalize_field = None
normalize_all = None
ITEM_LIST_LENGTH_FIELD = item_length
LIST_SUFFIX = _list
MAX_ITEM_LIST_LENGTH = 50
POSITION_FIELD = position_id
HEAD_ENTITY_ID_FIELD = head_id
TAIL_ENTITY_ID_FIELD = tail_id
RELATION_ID_FIELD = relation_id
ENTITY_ID_FIELD = entity_id
benchmark_filename = None

Other Hyper Parameters: 
worker = 0
wandb_project = recbole
shuffle = True
require_pow = False
enable_amp = False
enable_scaler = False
transform = None
numerical_features = []
discretization = None
kg_reverse_r = False
entity_kg_num_interval = [0,inf)
relation_kg_num_interval = [0,inf)
MODEL_TYPE = ModelType.SEQUENTIAL
loss_type = CE
n_layers = 2
n_heads = 2
hidden_size = 64
inner_size = 256
hidden_dropout_prob = 0.5
attn_dropout_prob = 0.5
hidden_act = gelu
layer_norm_eps = 1e-12
initializer_range = 0.02
n_bands = 4
band_kernel_sizes = [3, 7, 15, 31]
band_dilations = [1, 2, 4, 8]
phase_bias_scale = 0.1
phase_aux = True
phase_aux_weight = 0.05
MODEL_INPUT_TYPE = InputType.POINTWISE
eval_type = EvaluatorType.RANKING
single_spec = True
local_rank = 0
device = cuda
valid_neg_sample_args = {'distribution': 'uniform', 'sample_num': 'none'}
test_neg_sample_args = {'distribution': 'uniform', 'sample_num': 'none'}


/home/572/kd6504/TRACT/RecBole/recbole/data/dataset/dataset.py:648: ChainedAssignmentError: A value is being set on a copy of a DataFrame or Series through chained assignment using an inplace method.
Such inplace method never works to update the original DataFrame or Series, because the intermediate object on which we are setting values always behaves as a copy (due to Copy-on-Write).

For example, when doing 'df[col].method(value, inplace=True)', try using 'df.method({col: value}, inplace=True)' instead, to perform the operation inplace on the original object, or try to avoid an inplace operation using 'df[col] = df[col].method(value)'.

See the documentation for a more detailed explanation: https://pandas.pydata.org/pandas-docs/stable/user_guide/copy_on_write.html
  feat[field].fillna(value=0, inplace=True)
/home/572/kd6504/TRACT/RecBole/recbole/data/dataset/dataset.py:650: ChainedAssignmentError: A value is being set on a copy of a DataFrame or Series through chained assignment using an inplace method.
Such inplace method never works to update the original DataFrame or Series, because the intermediate object on which we are setting values always behaves as a copy (due to Copy-on-Write).

For example, when doing 'df[col].method(value, inplace=True)', try using 'df.method({col: value}, inplace=True)' instead, to perform the operation inplace on the original object, or try to avoid an inplace operation using 'df[col] = df[col].method(value)'.

See the documentation for a more detailed explanation: https://pandas.pydata.org/pandas-docs/stable/user_guide/copy_on_write.html
  feat[field].fillna(value=feat[field].mean(), inplace=True)
12 Feb 00:10    INFO  amazon-beauty
The number of users: 22364
Average actions of users: 8.876358270357287
The number of items: 12102
Average actions of items: 16.403768283612923
The number of inters: 198502
The sparsity of the dataset: 99.92665707018277%
Remain Fields: ['user_id', 'item_id', 'rating', 'timestamp']
/home/572/kd6504/TRACT/RecBole/recbole/data/dataset/dataset.py:2202: UserWarning: The given NumPy array is not writable, and PyTorch does not support non-writable tensors. This means writing to this tensor will result in undefined behavior. You may want to copy the array to protect its data or make it writable before converting it to a tensor. This type of warning will be suppressed for the rest of this program. (Triggered internally at /pytorch/torch/csrc/utils/tensor_numpy.cpp:203.)
  new_data[k] = torch.LongTensor(value)
12 Feb 00:10    INFO  [Training]: train_batch_size = [128] train_neg_sample_args: [{'distribution': 'none', 'sample_num': 'none', 'alpha': 'none', 'dynamic': False, 'candidate_num': 0}]
12 Feb 00:10    INFO  [Evaluation]: eval_batch_size = [4096] eval_args: [{'split': {'LS': 'valid_and_test'}, 'order': 'TO', 'group_by': 'user', 'mode': {'valid': 'full', 'test': 'full'}}]
12 Feb 00:10    INFO  pswrecv4h(
  (item_embedding): Embedding(12102, 64, padding_idx=0)
  (position_embedding): Embedding(50, 64)
  (phase_filter): LocalPhaseFilterBankV4H(
    (real_convs): ModuleList(
      (0): Conv1d(64, 64, kernel_size=(3,), stride=(1,), groups=64, bias=False)
      (1): Conv1d(64, 64, kernel_size=(7,), stride=(1,), dilation=(2,), groups=64, bias=False)
      (2): Conv1d(64, 64, kernel_size=(15,), stride=(1,), dilation=(4,), groups=64, bias=False)
      (3): Conv1d(64, 64, kernel_size=(31,), stride=(1,), dilation=(8,), groups=64, bias=False)
    )
    (imag_convs): ModuleList(
      (0): Conv1d(64, 64, kernel_size=(3,), stride=(1,), groups=64, bias=False)
      (1): Conv1d(64, 64, kernel_size=(7,), stride=(1,), dilation=(2,), groups=64, bias=False)
      (2): Conv1d(64, 64, kernel_size=(15,), stride=(1,), dilation=(4,), groups=64, bias=False)
      (3): Conv1d(64, 64, kernel_size=(31,), stride=(1,), dilation=(8,), groups=64, bias=False)
    )
  )
  (encoder): PSWEncoderV4H(
    (layers): ModuleList(
      (0-1): 2 x PSWBlockV4H(
        (attn): PhaseSyncAttentionV4H(
          (query): Linear(in_features=64, out_features=64, bias=True)
          (key): Linear(in_features=64, out_features=64, bias=True)
          (value): Linear(in_features=64, out_features=64, bias=True)
          (attn_dropout): Dropout(p=0.5, inplace=False)
          (out_proj): Linear(in_features=64, out_features=64, bias=True)
          (out_dropout): Dropout(p=0.5, inplace=False)
          (layer_norm): LayerNorm((64,), eps=1e-12, elementwise_affine=True)
        )
        (ffn): FeedForwardV4H(
          (dense_1): Linear(in_features=64, out_features=256, bias=True)
          (dense_2): Linear(in_features=256, out_features=64, bias=True)
          (layer_norm): LayerNorm((64,), eps=1e-12, elementwise_affine=True)
          (dropout): Dropout(p=0.5, inplace=False)
        )
      )
    )
  )
  (layer_norm): LayerNorm((64,), eps=1e-12, elementwise_affine=True)
  (dropout): Dropout(p=0.5, inplace=False)
  (loss_fct): CrossEntropyLoss()
)
Trainable parameters: 885012
12 Feb 00:10    INFO  FLOPs: 5312064.0
/home/572/kd6504/TRACT/RecBole/recbole/trainer/trainer.py:235: FutureWarning: `torch.cuda.amp.GradScaler(args...)` is deprecated. Please use `torch.amp.GradScaler('cuda', args...)` instead.
  scaler = amp.GradScaler(enabled=self.enable_scaler)
12 Feb 00:12    INFO  epoch 0 training [time: 72.07s, train loss: 8837.2089]
12 Feb 00:12    INFO  epoch 0 evaluating [time: 0.37s, valid_score: 0.019000]
12 Feb 00:12    INFO  valid result: 
hit@1 : 0.0051    hit@5 : 0.0218    hit@10 : 0.0393    hit@20 : 0.064    ndcg@1 : 0.0051    ndcg@5 : 0.0135    ndcg@10 : 0.019    ndcg@20 : 0.0252    mrr@1 : 0.0051    mrr@5 : 0.0107    mrr@10 : 0.013    mrr@20 : 0.0147
12 Feb 00:12    INFO  Saving current: outputs/pswrecv4h_beauty/pswrecv4h-Feb-12-2026_00-10-46.pth
12 Feb 00:13    INFO  epoch 1 training [time: 71.73s, train loss: 8195.2386]
12 Feb 00:13    INFO  epoch 1 evaluating [time: 0.32s, valid_score: 0.029600]
12 Feb 00:13    INFO  valid result: 
hit@1 : 0.0096    hit@5 : 0.0369    hit@10 : 0.0572    hit@20 : 0.0855    ndcg@1 : 0.0096    ndcg@5 : 0.0231    ndcg@10 : 0.0296    ndcg@20 : 0.0368    mrr@1 : 0.0096    mrr@5 : 0.0186    mrr@10 : 0.0213    mrr@20 : 0.0232
12 Feb 00:13    INFO  Saving current: outputs/pswrecv4h_beauty/pswrecv4h-Feb-12-2026_00-10-46.pth
12 Feb 00:14    INFO  epoch 2 training [time: 71.69s, train loss: 7906.4243]
12 Feb 00:14    INFO  epoch 2 evaluating [time: 0.32s, valid_score: 0.036300]
12 Feb 00:14    INFO  valid result: 
hit@1 : 0.0114    hit@5 : 0.0451    hit@10 : 0.0706    hit@20 : 0.104    ndcg@1 : 0.0114    ndcg@5 : 0.0281    ndcg@10 : 0.0363    ndcg@20 : 0.0447    mrr@1 : 0.0114    mrr@5 : 0.0226    mrr@10 : 0.0259    mrr@20 : 0.0282
12 Feb 00:14    INFO  Saving current: outputs/pswrecv4h_beauty/pswrecv4h-Feb-12-2026_00-10-46.pth
12 Feb 00:15    INFO  epoch 3 training [time: 71.67s, train loss: 7685.4088]
12 Feb 00:15    INFO  epoch 3 evaluating [time: 0.31s, valid_score: 0.041100]
12 Feb 00:15    INFO  valid result: 
hit@1 : 0.0109    hit@5 : 0.0503    hit@10 : 0.0828    hit@20 : 0.1198    ndcg@1 : 0.0109    ndcg@5 : 0.0306    ndcg@10 : 0.0411    ndcg@20 : 0.0504    mrr@1 : 0.0109    mrr@5 : 0.0242    mrr@10 : 0.0285    mrr@20 : 0.031
12 Feb 00:15    INFO  Saving current: outputs/pswrecv4h_beauty/pswrecv4h-Feb-12-2026_00-10-46.pth
12 Feb 00:16    INFO  epoch 4 training [time: 71.75s, train loss: 7496.7516]
12 Feb 00:16    INFO  epoch 4 evaluating [time: 0.31s, valid_score: 0.044900]
12 Feb 00:16    INFO  valid result: 
hit@1 : 0.0109    hit@5 : 0.0587    hit@10 : 0.0892    hit@20 : 0.1274    ndcg@1 : 0.0109    ndcg@5 : 0.0351    ndcg@10 : 0.0449    ndcg@20 : 0.0545    mrr@1 : 0.0109    mrr@5 : 0.0273    mrr@10 : 0.0314    mrr@20 : 0.034
12 Feb 00:16    INFO  Saving current: outputs/pswrecv4h_beauty/pswrecv4h-Feb-12-2026_00-10-46.pth
12 Feb 00:18    INFO  epoch 5 training [time: 71.67s, train loss: 7339.8387]
12 Feb 00:18    INFO  epoch 5 evaluating [time: 0.32s, valid_score: 0.046600]
12 Feb 00:18    INFO  valid result: 
hit@1 : 0.0102    hit@5 : 0.0617    hit@10 : 0.0931    hit@20 : 0.1321    ndcg@1 : 0.0102    ndcg@5 : 0.0365    ndcg@10 : 0.0466    ndcg@20 : 0.0564    mrr@1 : 0.0102    mrr@5 : 0.0282    mrr@10 : 0.0324    mrr@20 : 0.035
12 Feb 00:18    INFO  Saving current: outputs/pswrecv4h_beauty/pswrecv4h-Feb-12-2026_00-10-46.pth
12 Feb 00:19    INFO  epoch 6 training [time: 71.76s, train loss: 7205.0241]
12 Feb 00:19    INFO  epoch 6 evaluating [time: 0.31s, valid_score: 0.046900]
12 Feb 00:19    INFO  valid result: 
hit@1 : 0.0107    hit@5 : 0.0618    hit@10 : 0.0941    hit@20 : 0.1346    ndcg@1 : 0.0107    ndcg@5 : 0.0365    ndcg@10 : 0.0469    ndcg@20 : 0.0571    mrr@1 : 0.0107    mrr@5 : 0.0282    mrr@10 : 0.0325    mrr@20 : 0.0353
12 Feb 00:19    INFO  Saving current: outputs/pswrecv4h_beauty/pswrecv4h-Feb-12-2026_00-10-46.pth
12 Feb 00:20    INFO  epoch 7 training [time: 71.69s, train loss: 7108.2627]
12 Feb 00:20    INFO  epoch 7 evaluating [time: 0.32s, valid_score: 0.048500]
12 Feb 00:20    INFO  valid result: 
hit@1 : 0.01    hit@5 : 0.0637    hit@10 : 0.0979    hit@20 : 0.1404    ndcg@1 : 0.01    ndcg@5 : 0.0374    ndcg@10 : 0.0485    ndcg@20 : 0.0592    mrr@1 : 0.01    mrr@5 : 0.0288    mrr@10 : 0.0333    mrr@20 : 0.0362
12 Feb 00:20    INFO  Saving current: outputs/pswrecv4h_beauty/pswrecv4h-Feb-12-2026_00-10-46.pth
12 Feb 00:21    INFO  epoch 8 training [time: 71.70s, train loss: 7019.0972]
12 Feb 00:21    INFO  epoch 8 evaluating [time: 0.31s, valid_score: 0.048300]
12 Feb 00:21    INFO  valid result: 
hit@1 : 0.0093    hit@5 : 0.0652    hit@10 : 0.0978    hit@20 : 0.139    ndcg@1 : 0.0093    ndcg@5 : 0.0378    ndcg@10 : 0.0483    ndcg@20 : 0.0587    mrr@1 : 0.0093    mrr@5 : 0.0288    mrr@10 : 0.0331    mrr@20 : 0.0359
12 Feb 00:22    INFO  epoch 9 training [time: 71.70s, train loss: 6952.2861]
12 Feb 00:22    INFO  epoch 9 evaluating [time: 0.31s, valid_score: 0.048500]
12 Feb 00:22    INFO  valid result: 
hit@1 : 0.0092    hit@5 : 0.0644    hit@10 : 0.099    hit@20 : 0.1411    ndcg@1 : 0.0092    ndcg@5 : 0.0373    ndcg@10 : 0.0485    ndcg@20 : 0.0591    mrr@1 : 0.0092    mrr@5 : 0.0285    mrr@10 : 0.0331    mrr@20 : 0.036
12 Feb 00:22    INFO  Saving current: outputs/pswrecv4h_beauty/pswrecv4h-Feb-12-2026_00-10-46.pth
12 Feb 00:24    INFO  epoch 10 training [time: 71.79s, train loss: 6888.0962]
12 Feb 00:24    INFO  epoch 10 evaluating [time: 0.31s, valid_score: 0.049900]
12 Feb 00:24    INFO  valid result: 
hit@1 : 0.0099    hit@5 : 0.0663    hit@10 : 0.1006    hit@20 : 0.1406    ndcg@1 : 0.0099    ndcg@5 : 0.0388    ndcg@10 : 0.0499    ndcg@20 : 0.0599    mrr@1 : 0.0099    mrr@5 : 0.0298    mrr@10 : 0.0343    mrr@20 : 0.037
12 Feb 00:24    INFO  Saving current: outputs/pswrecv4h_beauty/pswrecv4h-Feb-12-2026_00-10-46.pth
12 Feb 00:25    INFO  epoch 11 training [time: 71.73s, train loss: 6843.4661]
12 Feb 00:25    INFO  epoch 11 evaluating [time: 0.31s, valid_score: 0.050100]
12 Feb 00:25    INFO  valid result: 
hit@1 : 0.0102    hit@5 : 0.0673    hit@10 : 0.1003    hit@20 : 0.1418    ndcg@1 : 0.0102    ndcg@5 : 0.0394    ndcg@10 : 0.0501    ndcg@20 : 0.0605    mrr@1 : 0.0102    mrr@5 : 0.0302    mrr@10 : 0.0346    mrr@20 : 0.0375
12 Feb 00:25    INFO  Saving current: outputs/pswrecv4h_beauty/pswrecv4h-Feb-12-2026_00-10-46.pth
12 Feb 00:26    INFO  epoch 12 training [time: 71.82s, train loss: 6806.7153]
12 Feb 00:26    INFO  epoch 12 evaluating [time: 0.32s, valid_score: 0.049800]
12 Feb 00:26    INFO  valid result: 
hit@1 : 0.0096    hit@5 : 0.0673    hit@10 : 0.1006    hit@20 : 0.1421    ndcg@1 : 0.0096    ndcg@5 : 0.0391    ndcg@10 : 0.0498    ndcg@20 : 0.0603    mrr@1 : 0.0096    mrr@5 : 0.0298    mrr@10 : 0.0342    mrr@20 : 0.0371
12 Feb 00:27    INFO  epoch 13 training [time: 71.67s, train loss: 6763.6242]
12 Feb 00:27    INFO  epoch 13 evaluating [time: 0.31s, valid_score: 0.050000]
12 Feb 00:27    INFO  valid result: 
hit@1 : 0.0098    hit@5 : 0.0686    hit@10 : 0.1    hit@20 : 0.142    ndcg@1 : 0.0098    ndcg@5 : 0.0399    ndcg@10 : 0.05    ndcg@20 : 0.0605    mrr@1 : 0.0098    mrr@5 : 0.0304    mrr@10 : 0.0346    mrr@20 : 0.0374
12 Feb 00:28    INFO  epoch 14 training [time: 71.73s, train loss: 6735.6325]
12 Feb 00:28    INFO  epoch 14 evaluating [time: 0.32s, valid_score: 0.050100]
12 Feb 00:28    INFO  valid result: 
hit@1 : 0.0088    hit@5 : 0.0678    hit@10 : 0.1023    hit@20 : 0.1419    ndcg@1 : 0.0088    ndcg@5 : 0.0391    ndcg@10 : 0.0501    ndcg@20 : 0.0601    mrr@1 : 0.0088    mrr@5 : 0.0296    mrr@10 : 0.0341    mrr@20 : 0.0369
12 Feb 00:28    INFO  Saving current: outputs/pswrecv4h_beauty/pswrecv4h-Feb-12-2026_00-10-46.pth
12 Feb 00:30    INFO  epoch 15 training [time: 71.76s, train loss: 6707.9840]
12 Feb 00:30    INFO  epoch 15 evaluating [time: 0.32s, valid_score: 0.049900]
12 Feb 00:30    INFO  valid result: 
hit@1 : 0.0093    hit@5 : 0.0675    hit@10 : 0.1011    hit@20 : 0.144    ndcg@1 : 0.0093    ndcg@5 : 0.0391    ndcg@10 : 0.0499    ndcg@20 : 0.0607    mrr@1 : 0.0093    mrr@5 : 0.0297    mrr@10 : 0.0342    mrr@20 : 0.0371
12 Feb 00:31    INFO  epoch 16 training [time: 71.80s, train loss: 6681.4124]
12 Feb 00:31    INFO  epoch 16 evaluating [time: 0.31s, valid_score: 0.050800]
12 Feb 00:31    INFO  valid result: 
hit@1 : 0.009    hit@5 : 0.0697    hit@10 : 0.1029    hit@20 : 0.1424    ndcg@1 : 0.009    ndcg@5 : 0.0401    ndcg@10 : 0.0508    ndcg@20 : 0.0607    mrr@1 : 0.009    mrr@5 : 0.0303    mrr@10 : 0.0347    mrr@20 : 0.0374
12 Feb 00:31    INFO  Saving current: outputs/pswrecv4h_beauty/pswrecv4h-Feb-12-2026_00-10-46.pth
12 Feb 00:32    INFO  epoch 17 training [time: 71.79s, train loss: 6660.3346]
12 Feb 00:32    INFO  epoch 17 evaluating [time: 0.31s, valid_score: 0.050200]
12 Feb 00:32    INFO  valid result: 
hit@1 : 0.0103    hit@5 : 0.0665    hit@10 : 0.1007    hit@20 : 0.1439    ndcg@1 : 0.0103    ndcg@5 : 0.0391    ndcg@10 : 0.0502    ndcg@20 : 0.0611    mrr@1 : 0.0103    mrr@5 : 0.0301    mrr@10 : 0.0347    mrr@20 : 0.0377
12 Feb 00:33    INFO  epoch 18 training [time: 71.76s, train loss: 6638.8143]
12 Feb 00:33    INFO  epoch 18 evaluating [time: 0.32s, valid_score: 0.051700]
12 Feb 00:33    INFO  valid result: 
hit@1 : 0.0116    hit@5 : 0.0693    hit@10 : 0.1019    hit@20 : 0.1433    ndcg@1 : 0.0116    ndcg@5 : 0.0411    ndcg@10 : 0.0517    ndcg@20 : 0.0621    mrr@1 : 0.0116    mrr@5 : 0.0318    mrr@10 : 0.0362    mrr@20 : 0.0391
12 Feb 00:33    INFO  Saving current: outputs/pswrecv4h_beauty/pswrecv4h-Feb-12-2026_00-10-46.pth
12 Feb 00:34    INFO  epoch 19 training [time: 71.79s, train loss: 6619.5288]
12 Feb 00:34    INFO  epoch 19 evaluating [time: 0.32s, valid_score: 0.051000]
12 Feb 00:34    INFO  valid result: 
hit@1 : 0.0098    hit@5 : 0.0678    hit@10 : 0.102    hit@20 : 0.1437    ndcg@1 : 0.0098    ndcg@5 : 0.0399    ndcg@10 : 0.051    ndcg@20 : 0.0615    mrr@1 : 0.0098    mrr@5 : 0.0307    mrr@10 : 0.0353    mrr@20 : 0.0381
12 Feb 00:36    INFO  epoch 20 training [time: 71.73s, train loss: 6597.0058]
12 Feb 00:36    INFO  epoch 20 evaluating [time: 0.30s, valid_score: 0.051500]
12 Feb 00:36    INFO  valid result: 
hit@1 : 0.0104    hit@5 : 0.0689    hit@10 : 0.1033    hit@20 : 0.146    ndcg@1 : 0.0104    ndcg@5 : 0.0404    ndcg@10 : 0.0515    ndcg@20 : 0.0623    mrr@1 : 0.0104    mrr@5 : 0.031    mrr@10 : 0.0356    mrr@20 : 0.0386
12 Feb 00:37    INFO  epoch 21 training [time: 71.80s, train loss: 6584.8206]
12 Feb 00:37    INFO  epoch 21 evaluating [time: 0.32s, valid_score: 0.051000]
12 Feb 00:37    INFO  valid result: 
hit@1 : 0.0094    hit@5 : 0.0688    hit@10 : 0.1027    hit@20 : 0.1457    ndcg@1 : 0.0094    ndcg@5 : 0.04    ndcg@10 : 0.051    ndcg@20 : 0.0618    mrr@1 : 0.0094    mrr@5 : 0.0305    mrr@10 : 0.035    mrr@20 : 0.038
12 Feb 00:38    INFO  epoch 22 training [time: 71.82s, train loss: 6569.8145]
12 Feb 00:38    INFO  epoch 22 evaluating [time: 0.31s, valid_score: 0.051600]
12 Feb 00:38    INFO  valid result: 
hit@1 : 0.0099    hit@5 : 0.069    hit@10 : 0.1041    hit@20 : 0.1461    ndcg@1 : 0.0099    ndcg@5 : 0.0403    ndcg@10 : 0.0516    ndcg@20 : 0.0622    mrr@1 : 0.0099    mrr@5 : 0.0308    mrr@10 : 0.0355    mrr@20 : 0.0384
12 Feb 00:39    INFO  epoch 23 training [time: 71.79s, train loss: 6555.1579]
12 Feb 00:39    INFO  epoch 23 evaluating [time: 0.32s, valid_score: 0.050500]
12 Feb 00:39    INFO  valid result: 
hit@1 : 0.0097    hit@5 : 0.0674    hit@10 : 0.1019    hit@20 : 0.1442    ndcg@1 : 0.0097    ndcg@5 : 0.0393    ndcg@10 : 0.0505    ndcg@20 : 0.0612    mrr@1 : 0.0097    mrr@5 : 0.0301    mrr@10 : 0.0347    mrr@20 : 0.0376
12 Feb 00:40    INFO  epoch 24 training [time: 71.77s, train loss: 6538.5686]
12 Feb 00:40    INFO  epoch 24 evaluating [time: 0.32s, valid_score: 0.050800]
12 Feb 00:40    INFO  valid result: 
hit@1 : 0.0097    hit@5 : 0.0694    hit@10 : 0.1015    hit@20 : 0.146    ndcg@1 : 0.0097    ndcg@5 : 0.0405    ndcg@10 : 0.0508    ndcg@20 : 0.0621    mrr@1 : 0.0097    mrr@5 : 0.031    mrr@10 : 0.0352    mrr@20 : 0.0383
12 Feb 00:42    INFO  epoch 25 training [time: 71.73s, train loss: 6532.6508]
12 Feb 00:42    INFO  epoch 25 evaluating [time: 0.31s, valid_score: 0.050500]
12 Feb 00:42    INFO  valid result: 
hit@1 : 0.0094    hit@5 : 0.0669    hit@10 : 0.102    hit@20 : 0.1453    ndcg@1 : 0.0094    ndcg@5 : 0.0391    ndcg@10 : 0.0505    ndcg@20 : 0.0614    mrr@1 : 0.0094    mrr@5 : 0.03    mrr@10 : 0.0346    mrr@20 : 0.0376
12 Feb 00:43    INFO  epoch 26 training [time: 71.70s, train loss: 6516.6769]
12 Feb 00:43    INFO  epoch 26 evaluating [time: 0.32s, valid_score: 0.052100]
12 Feb 00:43    INFO  valid result: 
hit@1 : 0.0117    hit@5 : 0.069    hit@10 : 0.1028    hit@20 : 0.1464    ndcg@1 : 0.0117    ndcg@5 : 0.0412    ndcg@10 : 0.0521    ndcg@20 : 0.063    mrr@1 : 0.0117    mrr@5 : 0.032    mrr@10 : 0.0365    mrr@20 : 0.0395
12 Feb 00:43    INFO  Saving current: outputs/pswrecv4h_beauty/pswrecv4h-Feb-12-2026_00-10-46.pth
12 Feb 00:44    INFO  epoch 27 training [time: 71.08s, train loss: 6504.3465]
12 Feb 00:44    INFO  epoch 27 evaluating [time: 0.32s, valid_score: 0.051900]
12 Feb 00:44    INFO  valid result: 
hit@1 : 0.0105    hit@5 : 0.0687    hit@10 : 0.1037    hit@20 : 0.1452    ndcg@1 : 0.0105    ndcg@5 : 0.0406    ndcg@10 : 0.0519    ndcg@20 : 0.0623    mrr@1 : 0.0105    mrr@5 : 0.0313    mrr@10 : 0.036    mrr@20 : 0.0388
12 Feb 00:45    INFO  epoch 28 training [time: 69.86s, train loss: 6491.8706]
12 Feb 00:45    INFO  epoch 28 evaluating [time: 0.32s, valid_score: 0.051300]
12 Feb 00:45    INFO  valid result: 
hit@1 : 0.0106    hit@5 : 0.0699    hit@10 : 0.1019    hit@20 : 0.146    ndcg@1 : 0.0106    ndcg@5 : 0.041    ndcg@10 : 0.0513    ndcg@20 : 0.0624    mrr@1 : 0.0106    mrr@5 : 0.0315    mrr@10 : 0.0357    mrr@20 : 0.0387
12 Feb 00:46    INFO  epoch 29 training [time: 69.79s, train loss: 6485.6757]
12 Feb 00:46    INFO  epoch 29 evaluating [time: 0.32s, valid_score: 0.050700]
12 Feb 00:46    INFO  valid result: 
hit@1 : 0.0093    hit@5 : 0.0683    hit@10 : 0.1027    hit@20 : 0.1444    ndcg@1 : 0.0093    ndcg@5 : 0.0396    ndcg@10 : 0.0507    ndcg@20 : 0.0612    mrr@1 : 0.0093    mrr@5 : 0.0301    mrr@10 : 0.0347    mrr@20 : 0.0375
12 Feb 00:47    INFO  epoch 30 training [time: 69.89s, train loss: 6476.8000]
12 Feb 00:47    INFO  epoch 30 evaluating [time: 0.32s, valid_score: 0.052100]
12 Feb 00:47    INFO  valid result: 
hit@1 : 0.0114    hit@5 : 0.0691    hit@10 : 0.1041    hit@20 : 0.146    ndcg@1 : 0.0114    ndcg@5 : 0.0408    ndcg@10 : 0.0521    ndcg@20 : 0.0626    mrr@1 : 0.0114    mrr@5 : 0.0315    mrr@10 : 0.0362    mrr@20 : 0.039
12 Feb 00:47    INFO  Saving current: outputs/pswrecv4h_beauty/pswrecv4h-Feb-12-2026_00-10-46.pth
12 Feb 00:49    INFO  epoch 31 training [time: 69.84s, train loss: 6466.4203]
12 Feb 00:49    INFO  epoch 31 evaluating [time: 0.31s, valid_score: 0.051100]
12 Feb 00:49    INFO  valid result: 
hit@1 : 0.0097    hit@5 : 0.0693    hit@10 : 0.1027    hit@20 : 0.1446    ndcg@1 : 0.0097    ndcg@5 : 0.0403    ndcg@10 : 0.0511    ndcg@20 : 0.0617    mrr@1 : 0.0097    mrr@5 : 0.0308    mrr@10 : 0.0352    mrr@20 : 0.0381
12 Feb 00:50    INFO  epoch 32 training [time: 69.95s, train loss: 6452.7823]
12 Feb 00:50    INFO  epoch 32 evaluating [time: 0.32s, valid_score: 0.052800]
12 Feb 00:50    INFO  valid result: 
hit@1 : 0.0117    hit@5 : 0.0698    hit@10 : 0.1042    hit@20 : 0.1447    ndcg@1 : 0.0117    ndcg@5 : 0.0417    ndcg@10 : 0.0528    ndcg@20 : 0.063    mrr@1 : 0.0117    mrr@5 : 0.0324    mrr@10 : 0.037    mrr@20 : 0.0398
12 Feb 00:50    INFO  Saving current: outputs/pswrecv4h_beauty/pswrecv4h-Feb-12-2026_00-10-46.pth
12 Feb 00:51    INFO  epoch 33 training [time: 70.01s, train loss: 6446.7184]
12 Feb 00:51    INFO  epoch 33 evaluating [time: 0.31s, valid_score: 0.052200]
12 Feb 00:51    INFO  valid result: 
hit@1 : 0.0114    hit@5 : 0.0705    hit@10 : 0.1036    hit@20 : 0.1446    ndcg@1 : 0.0114    ndcg@5 : 0.0415    ndcg@10 : 0.0522    ndcg@20 : 0.0625    mrr@1 : 0.0114    mrr@5 : 0.032    mrr@10 : 0.0364    mrr@20 : 0.0392
12 Feb 00:52    INFO  epoch 34 training [time: 69.96s, train loss: 6435.0215]
12 Feb 00:52    INFO  epoch 34 evaluating [time: 0.32s, valid_score: 0.050800]
12 Feb 00:52    INFO  valid result: 
hit@1 : 0.0092    hit@5 : 0.0691    hit@10 : 0.1025    hit@20 : 0.1452    ndcg@1 : 0.0092    ndcg@5 : 0.0401    ndcg@10 : 0.0508    ndcg@20 : 0.0616    mrr@1 : 0.0092    mrr@5 : 0.0305    mrr@10 : 0.0349    mrr@20 : 0.0378
12 Feb 00:53    INFO  epoch 35 training [time: 69.79s, train loss: 6429.8267]
12 Feb 00:53    INFO  epoch 35 evaluating [time: 0.31s, valid_score: 0.052300]
12 Feb 00:53    INFO  valid result: 
hit@1 : 0.0121    hit@5 : 0.069    hit@10 : 0.1031    hit@20 : 0.1471    ndcg@1 : 0.0121    ndcg@5 : 0.0413    ndcg@10 : 0.0523    ndcg@20 : 0.0634    mrr@1 : 0.0121    mrr@5 : 0.0322    mrr@10 : 0.0367    mrr@20 : 0.0397
12 Feb 00:54    INFO  epoch 36 training [time: 69.78s, train loss: 6418.1406]
12 Feb 00:54    INFO  epoch 36 evaluating [time: 0.32s, valid_score: 0.052300]
12 Feb 00:54    INFO  valid result: 
hit@1 : 0.0115    hit@5 : 0.0704    hit@10 : 0.1032    hit@20 : 0.1464    ndcg@1 : 0.0115    ndcg@5 : 0.0417    ndcg@10 : 0.0523    ndcg@20 : 0.0632    mrr@1 : 0.0115    mrr@5 : 0.0323    mrr@10 : 0.0366    mrr@20 : 0.0396
12 Feb 00:56    INFO  epoch 37 training [time: 69.74s, train loss: 6415.7578]
12 Feb 00:56    INFO  epoch 37 evaluating [time: 0.31s, valid_score: 0.051200]
12 Feb 00:56    INFO  valid result: 
hit@1 : 0.0098    hit@5 : 0.0694    hit@10 : 0.1024    hit@20 : 0.1449    ndcg@1 : 0.0098    ndcg@5 : 0.0405    ndcg@10 : 0.0512    ndcg@20 : 0.0619    mrr@1 : 0.0098    mrr@5 : 0.031    mrr@10 : 0.0354    mrr@20 : 0.0384
12 Feb 00:57    INFO  epoch 38 training [time: 69.83s, train loss: 6412.3952]
12 Feb 00:57    INFO  epoch 38 evaluating [time: 0.32s, valid_score: 0.053200]
12 Feb 00:57    INFO  valid result: 
hit@1 : 0.0124    hit@5 : 0.0685    hit@10 : 0.105    hit@20 : 0.1452    ndcg@1 : 0.0124    ndcg@5 : 0.0414    ndcg@10 : 0.0532    ndcg@20 : 0.0633    mrr@1 : 0.0124    mrr@5 : 0.0324    mrr@10 : 0.0373    mrr@20 : 0.04
12 Feb 00:57    INFO  Saving current: outputs/pswrecv4h_beauty/pswrecv4h-Feb-12-2026_00-10-46.pth
12 Feb 00:58    INFO  epoch 39 training [time: 69.89s, train loss: 6404.6500]
12 Feb 00:58    INFO  epoch 39 evaluating [time: 0.31s, valid_score: 0.052000]
12 Feb 00:58    INFO  valid result: 
hit@1 : 0.0112    hit@5 : 0.069    hit@10 : 0.1035    hit@20 : 0.1446    ndcg@1 : 0.0112    ndcg@5 : 0.0409    ndcg@10 : 0.052    ndcg@20 : 0.0623    mrr@1 : 0.0112    mrr@5 : 0.0316    mrr@10 : 0.0361    mrr@20 : 0.039
12 Feb 00:59    INFO  epoch 40 training [time: 69.97s, train loss: 6393.3993]
12 Feb 00:59    INFO  epoch 40 evaluating [time: 0.32s, valid_score: 0.052200]
12 Feb 00:59    INFO  valid result: 
hit@1 : 0.0118    hit@5 : 0.0695    hit@10 : 0.1026    hit@20 : 0.1458    ndcg@1 : 0.0118    ndcg@5 : 0.0415    ndcg@10 : 0.0522    ndcg@20 : 0.0631    mrr@1 : 0.0118    mrr@5 : 0.0323    mrr@10 : 0.0367    mrr@20 : 0.0397
12 Feb 01:00    INFO  epoch 41 training [time: 70.01s, train loss: 6387.1722]
12 Feb 01:00    INFO  epoch 41 evaluating [time: 0.31s, valid_score: 0.052400]
12 Feb 01:00    INFO  valid result: 
hit@1 : 0.0117    hit@5 : 0.0697    hit@10 : 0.1036    hit@20 : 0.1454    ndcg@1 : 0.0117    ndcg@5 : 0.0414    ndcg@10 : 0.0524    ndcg@20 : 0.0629    mrr@1 : 0.0117    mrr@5 : 0.0321    mrr@10 : 0.0366    mrr@20 : 0.0395
12 Feb 01:02    INFO  epoch 42 training [time: 69.86s, train loss: 6383.5475]
12 Feb 01:02    INFO  epoch 42 evaluating [time: 0.31s, valid_score: 0.053300]
12 Feb 01:02    INFO  valid result: 
hit@1 : 0.0122    hit@5 : 0.0696    hit@10 : 0.1058    hit@20 : 0.1481    ndcg@1 : 0.0122    ndcg@5 : 0.0416    ndcg@10 : 0.0533    ndcg@20 : 0.064    mrr@1 : 0.0122    mrr@5 : 0.0324    mrr@10 : 0.0373    mrr@20 : 0.0402
12 Feb 01:02    INFO  Saving current: outputs/pswrecv4h_beauty/pswrecv4h-Feb-12-2026_00-10-46.pth
12 Feb 01:03    INFO  epoch 43 training [time: 69.83s, train loss: 6377.3535]
12 Feb 01:03    INFO  epoch 43 evaluating [time: 0.31s, valid_score: 0.052100]
12 Feb 01:03    INFO  valid result: 
hit@1 : 0.0115    hit@5 : 0.0684    hit@10 : 0.1039    hit@20 : 0.1459    ndcg@1 : 0.0115    ndcg@5 : 0.0406    ndcg@10 : 0.0521    ndcg@20 : 0.0626    mrr@1 : 0.0115    mrr@5 : 0.0314    mrr@10 : 0.0362    mrr@20 : 0.0391
12 Feb 01:04    INFO  epoch 44 training [time: 69.93s, train loss: 6365.7743]
12 Feb 01:04    INFO  epoch 44 evaluating [time: 0.32s, valid_score: 0.052800]
12 Feb 01:04    INFO  valid result: 
hit@1 : 0.0113    hit@5 : 0.0719    hit@10 : 0.1047    hit@20 : 0.1471    ndcg@1 : 0.0113    ndcg@5 : 0.0423    ndcg@10 : 0.0528    ndcg@20 : 0.0636    mrr@1 : 0.0113    mrr@5 : 0.0325    mrr@10 : 0.0369    mrr@20 : 0.0398
12 Feb 01:05    INFO  epoch 45 training [time: 69.78s, train loss: 6366.9865]
12 Feb 01:05    INFO  epoch 45 evaluating [time: 0.32s, valid_score: 0.053200]
12 Feb 01:05    INFO  valid result: 
hit@1 : 0.0121    hit@5 : 0.0694    hit@10 : 0.1055    hit@20 : 0.1469    ndcg@1 : 0.0121    ndcg@5 : 0.0415    ndcg@10 : 0.0532    ndcg@20 : 0.0636    mrr@1 : 0.0121    mrr@5 : 0.0324    mrr@10 : 0.0372    mrr@20 : 0.04
12 Feb 01:06    INFO  epoch 46 training [time: 69.79s, train loss: 6359.0214]
12 Feb 01:06    INFO  epoch 46 evaluating [time: 0.32s, valid_score: 0.052500]
12 Feb 01:06    INFO  valid result: 
hit@1 : 0.011    hit@5 : 0.0694    hit@10 : 0.1049    hit@20 : 0.1482    ndcg@1 : 0.011    ndcg@5 : 0.041    ndcg@10 : 0.0525    ndcg@20 : 0.0634    mrr@1 : 0.011    mrr@5 : 0.0316    mrr@10 : 0.0364    mrr@20 : 0.0393
12 Feb 01:07    INFO  epoch 47 training [time: 69.75s, train loss: 6353.5327]
12 Feb 01:07    INFO  epoch 47 evaluating [time: 0.31s, valid_score: 0.052400]
12 Feb 01:07    INFO  valid result: 
hit@1 : 0.0114    hit@5 : 0.069    hit@10 : 0.1042    hit@20 : 0.1458    ndcg@1 : 0.0114    ndcg@5 : 0.041    ndcg@10 : 0.0524    ndcg@20 : 0.0628    mrr@1 : 0.0114    mrr@5 : 0.0318    mrr@10 : 0.0364    mrr@20 : 0.0393
12 Feb 01:09    INFO  epoch 48 training [time: 69.81s, train loss: 6345.6672]
12 Feb 01:09    INFO  epoch 48 evaluating [time: 0.32s, valid_score: 0.051900]
12 Feb 01:09    INFO  valid result: 
hit@1 : 0.0102    hit@5 : 0.0701    hit@10 : 0.1042    hit@20 : 0.1465    ndcg@1 : 0.0102    ndcg@5 : 0.0409    ndcg@10 : 0.0519    ndcg@20 : 0.0626    mrr@1 : 0.0102    mrr@5 : 0.0313    mrr@10 : 0.0359    mrr@20 : 0.0388
12 Feb 01:10    INFO  epoch 49 training [time: 69.76s, train loss: 6341.9358]
12 Feb 01:10    INFO  epoch 49 evaluating [time: 0.32s, valid_score: 0.051600]
12 Feb 01:10    INFO  valid result: 
hit@1 : 0.0099    hit@5 : 0.0692    hit@10 : 0.1039    hit@20 : 0.1456    ndcg@1 : 0.0099    ndcg@5 : 0.0404    ndcg@10 : 0.0516    ndcg@20 : 0.0621    mrr@1 : 0.0099    mrr@5 : 0.0309    mrr@10 : 0.0355    mrr@20 : 0.0384
12 Feb 01:11    INFO  epoch 50 training [time: 69.85s, train loss: 6340.0590]
12 Feb 01:11    INFO  epoch 50 evaluating [time: 0.32s, valid_score: 0.052800]
12 Feb 01:11    INFO  valid result: 
hit@1 : 0.0109    hit@5 : 0.0704    hit@10 : 0.1061    hit@20 : 0.1457    ndcg@1 : 0.0109    ndcg@5 : 0.0414    ndcg@10 : 0.0528    ndcg@20 : 0.0628    mrr@1 : 0.0109    mrr@5 : 0.0318    mrr@10 : 0.0365    mrr@20 : 0.0392
12 Feb 01:12    INFO  epoch 51 training [time: 69.74s, train loss: 6332.9253]
12 Feb 01:12    INFO  epoch 51 evaluating [time: 0.31s, valid_score: 0.052700]
12 Feb 01:12    INFO  valid result: 
hit@1 : 0.0113    hit@5 : 0.0697    hit@10 : 0.1052    hit@20 : 0.1459    ndcg@1 : 0.0113    ndcg@5 : 0.0413    ndcg@10 : 0.0527    ndcg@20 : 0.063    mrr@1 : 0.0113    mrr@5 : 0.0319    mrr@10 : 0.0366    mrr@20 : 0.0394
12 Feb 01:13    INFO  epoch 52 training [time: 69.81s, train loss: 6326.2811]
12 Feb 01:13    INFO  epoch 52 evaluating [time: 0.31s, valid_score: 0.053500]
12 Feb 01:13    INFO  valid result: 
hit@1 : 0.0117    hit@5 : 0.0719    hit@10 : 0.1056    hit@20 : 0.1476    ndcg@1 : 0.0117    ndcg@5 : 0.0426    ndcg@10 : 0.0535    ndcg@20 : 0.0641    mrr@1 : 0.0117    mrr@5 : 0.033    mrr@10 : 0.0375    mrr@20 : 0.0403
12 Feb 01:13    INFO  Saving current: outputs/pswrecv4h_beauty/pswrecv4h-Feb-12-2026_00-10-46.pth
12 Feb 01:14    INFO  epoch 53 training [time: 69.77s, train loss: 6323.2118]
12 Feb 01:14    INFO  epoch 53 evaluating [time: 0.31s, valid_score: 0.052600]
12 Feb 01:14    INFO  valid result: 
hit@1 : 0.011    hit@5 : 0.0706    hit@10 : 0.1051    hit@20 : 0.1481    ndcg@1 : 0.011    ndcg@5 : 0.0415    ndcg@10 : 0.0526    ndcg@20 : 0.0634    mrr@1 : 0.011    mrr@5 : 0.0319    mrr@10 : 0.0365    mrr@20 : 0.0394
12 Feb 01:16    INFO  epoch 54 training [time: 69.75s, train loss: 6317.3609]
12 Feb 01:16    INFO  epoch 54 evaluating [time: 0.32s, valid_score: 0.052500]
12 Feb 01:16    INFO  valid result: 
hit@1 : 0.012    hit@5 : 0.0693    hit@10 : 0.1045    hit@20 : 0.1461    ndcg@1 : 0.012    ndcg@5 : 0.0411    ndcg@10 : 0.0525    ndcg@20 : 0.0629    mrr@1 : 0.012    mrr@5 : 0.0319    mrr@10 : 0.0366    mrr@20 : 0.0394
12 Feb 01:17    INFO  epoch 55 training [time: 69.74s, train loss: 6317.9755]
12 Feb 01:17    INFO  epoch 55 evaluating [time: 0.31s, valid_score: 0.053100]
12 Feb 01:17    INFO  valid result: 
hit@1 : 0.0115    hit@5 : 0.0694    hit@10 : 0.1058    hit@20 : 0.1453    ndcg@1 : 0.0115    ndcg@5 : 0.0414    ndcg@10 : 0.0531    ndcg@20 : 0.0631    mrr@1 : 0.0115    mrr@5 : 0.0322    mrr@10 : 0.037    mrr@20 : 0.0397
12 Feb 01:18    INFO  epoch 56 training [time: 69.85s, train loss: 6308.5833]
12 Feb 01:18    INFO  epoch 56 evaluating [time: 0.31s, valid_score: 0.052000]
12 Feb 01:18    INFO  valid result: 
hit@1 : 0.0121    hit@5 : 0.0685    hit@10 : 0.1029    hit@20 : 0.144    ndcg@1 : 0.0121    ndcg@5 : 0.0409    ndcg@10 : 0.052    ndcg@20 : 0.0624    mrr@1 : 0.0121    mrr@5 : 0.0319    mrr@10 : 0.0364    mrr@20 : 0.0393
12 Feb 01:19    INFO  epoch 57 training [time: 69.96s, train loss: 6302.3085]
12 Feb 01:19    INFO  epoch 57 evaluating [time: 0.31s, valid_score: 0.052500]
12 Feb 01:19    INFO  valid result: 
hit@1 : 0.0108    hit@5 : 0.0691    hit@10 : 0.1056    hit@20 : 0.146    ndcg@1 : 0.0108    ndcg@5 : 0.0407    ndcg@10 : 0.0525    ndcg@20 : 0.0628    mrr@1 : 0.0108    mrr@5 : 0.0314    mrr@10 : 0.0363    mrr@20 : 0.0391
12 Feb 01:20    INFO  epoch 58 training [time: 70.00s, train loss: 6305.5700]
12 Feb 01:20    INFO  epoch 58 evaluating [time: 0.32s, valid_score: 0.052400]
12 Feb 01:20    INFO  valid result: 
hit@1 : 0.011    hit@5 : 0.0705    hit@10 : 0.1042    hit@20 : 0.144    ndcg@1 : 0.011    ndcg@5 : 0.0414    ndcg@10 : 0.0524    ndcg@20 : 0.0624    mrr@1 : 0.011    mrr@5 : 0.0319    mrr@10 : 0.0364    mrr@20 : 0.0392
12 Feb 01:21    INFO  epoch 59 training [time: 69.90s, train loss: 6298.4907]
12 Feb 01:21    INFO  epoch 59 evaluating [time: 0.31s, valid_score: 0.052400]
12 Feb 01:21    INFO  valid result: 
hit@1 : 0.011    hit@5 : 0.0696    hit@10 : 0.1041    hit@20 : 0.1467    ndcg@1 : 0.011    ndcg@5 : 0.0412    ndcg@10 : 0.0524    ndcg@20 : 0.0632    mrr@1 : 0.011    mrr@5 : 0.0319    mrr@10 : 0.0365    mrr@20 : 0.0395
12 Feb 01:23    INFO  epoch 60 training [time: 69.86s, train loss: 6296.5039]
12 Feb 01:23    INFO  epoch 60 evaluating [time: 0.31s, valid_score: 0.052800]
12 Feb 01:23    INFO  valid result: 
hit@1 : 0.0119    hit@5 : 0.0698    hit@10 : 0.1049    hit@20 : 0.1456    ndcg@1 : 0.0119    ndcg@5 : 0.0415    ndcg@10 : 0.0528    ndcg@20 : 0.0631    mrr@1 : 0.0119    mrr@5 : 0.0322    mrr@10 : 0.0368    mrr@20 : 0.0396
12 Feb 01:24    INFO  epoch 61 training [time: 69.85s, train loss: 6290.3300]
12 Feb 01:24    INFO  epoch 61 evaluating [time: 0.31s, valid_score: 0.052500]
12 Feb 01:24    INFO  valid result: 
hit@1 : 0.0122    hit@5 : 0.0694    hit@10 : 0.1041    hit@20 : 0.1452    ndcg@1 : 0.0122    ndcg@5 : 0.0413    ndcg@10 : 0.0525    ndcg@20 : 0.0629    mrr@1 : 0.0122    mrr@5 : 0.0321    mrr@10 : 0.0367    mrr@20 : 0.0395
12 Feb 01:25    INFO  epoch 62 training [time: 69.82s, train loss: 6288.8670]
12 Feb 01:25    INFO  epoch 62 evaluating [time: 0.31s, valid_score: 0.052900]
12 Feb 01:25    INFO  valid result: 
hit@1 : 0.011    hit@5 : 0.071    hit@10 : 0.1052    hit@20 : 0.1469    ndcg@1 : 0.011    ndcg@5 : 0.0418    ndcg@10 : 0.0529    ndcg@20 : 0.0634    mrr@1 : 0.011    mrr@5 : 0.0322    mrr@10 : 0.0368    mrr@20 : 0.0397
12 Feb 01:26    INFO  epoch 63 training [time: 69.91s, train loss: 6281.5521]
12 Feb 01:26    INFO  epoch 63 evaluating [time: 0.32s, valid_score: 0.052700]
12 Feb 01:26    INFO  valid result: 
hit@1 : 0.0105    hit@5 : 0.0702    hit@10 : 0.106    hit@20 : 0.1468    ndcg@1 : 0.0105    ndcg@5 : 0.0411    ndcg@10 : 0.0527    ndcg@20 : 0.0629    mrr@1 : 0.0105    mrr@5 : 0.0316    mrr@10 : 0.0363    mrr@20 : 0.0391
12 Feb 01:26    INFO  Finished training, best eval result in epoch 52
12 Feb 01:26    INFO  Loading model structure and parameters from outputs/pswrecv4h_beauty/pswrecv4h-Feb-12-2026_00-10-46.pth
12 Feb 01:26    INFO  The running environment of this training is as follows:
+-------------+------------------+
| Environment |      Usage       |
+=============+==================+
| CPU         |      3.40 %      |
+-------------+------------------+
| GPU         |  2.50 G/79.44 G  |
+-------------+------------------+
| Memory      | 1.44 G/2015.66 G |
+-------------+------------------+
12 Feb 01:26    INFO  best valid : OrderedDict([('hit@1', 0.0117), ('hit@5', 0.0719), ('hit@10', 0.1056), ('hit@20', 0.1476), ('ndcg@1', 0.0117), ('ndcg@5', 0.0426), ('ndcg@10', 0.0535), ('ndcg@20', 0.0641), ('mrr@1', 0.0117), ('mrr@5', 0.033), ('mrr@10', 0.0375), ('mrr@20', 0.0403)])
12 Feb 01:26    INFO  test result: OrderedDict([('hit@1', 0.0095), ('hit@5', 0.0546), ('hit@10', 0.0853), ('hit@20', 0.1182), ('ndcg@1', 0.0095), ('ndcg@5', 0.0329), ('ndcg@10', 0.0428), ('ndcg@20', 0.0511), ('mrr@1', 0.0095), ('mrr@5', 0.0257), ('mrr@10', 0.0298), ('mrr@20', 0.0321)])
