command line args [-m pswrecv3 -d amazon-beauty --config_files configs/beauty/beauty_pswrecv3_a100_ce.yaml] will not be used in RecBole
11 Feb 07:51    INFO  ['RecBole/run_recbole.py', '-m', 'pswrecv3', '-d', 'amazon-beauty', '--config_files', 'configs/beauty/beauty_pswrecv3_a100_ce.yaml']
11 Feb 07:51    INFO  
General Hyper Parameters:
gpu_id = 0
use_gpu = True
seed = 2026
state = INFO
reproducibility = True
data_path = /scratch/up63/kd6504/recbole_datasets/amazon-beauty
checkpoint_dir = outputs/pswrecv3_beauty_a100_ce
show_progress = False
save_dataset = False
dataset_save_path = None
save_dataloaders = False
dataloaders_save_path = None
log_wandb = False

Training Hyper Parameters:
epochs = 200
train_batch_size = 128
learner = adam
learning_rate = 0.001
train_neg_sample_args = {'distribution': 'none', 'sample_num': 'none', 'alpha': 'none', 'dynamic': False, 'candidate_num': 0}
eval_step = 1
stopping_step = 10
clip_grad_norm = None
weight_decay = 0.0
loss_decimal_place = 4

Evaluation Hyper Parameters:
eval_args = {'split': {'LS': 'valid_and_test'}, 'order': 'TO', 'group_by': 'user', 'mode': {'valid': 'full', 'test': 'full'}}
repeatable = True
metrics = ['Hit', 'NDCG', 'MRR', 'Recall']
topk = [10]
valid_metric = NDCG@10
valid_metric_bigger = True
eval_batch_size = 4096
metric_decimal_place = 4

Dataset Hyper Parameters:
field_separator = 	
seq_separator =  
USER_ID_FIELD = user_id
ITEM_ID_FIELD = item_id
RATING_FIELD = rating
TIME_FIELD = timestamp
seq_len = None
LABEL_FIELD = label
threshold = None
NEG_PREFIX = neg_
load_col = {'inter': ['user_id', 'item_id', 'rating', 'timestamp']}
unload_col = None
unused_col = {'inter': ['rating']}
additional_feat_suffix = None
rm_dup_inter = None
val_interval = None
filter_inter_by_user_or_item = True
user_inter_num_interval = [5,inf)
item_inter_num_interval = [5,inf)
alias_of_user_id = None
alias_of_item_id = None
alias_of_entity_id = None
alias_of_relation_id = None
preload_weight = None
normalize_field = None
normalize_all = None
ITEM_LIST_LENGTH_FIELD = item_length
LIST_SUFFIX = _list
MAX_ITEM_LIST_LENGTH = 50
POSITION_FIELD = position_id
HEAD_ENTITY_ID_FIELD = head_id
TAIL_ENTITY_ID_FIELD = tail_id
RELATION_ID_FIELD = relation_id
ENTITY_ID_FIELD = entity_id
benchmark_filename = None

Other Hyper Parameters: 
worker = 0
wandb_project = recbole
shuffle = True
require_pow = False
enable_amp = False
enable_scaler = False
transform = None
n_layers = 2
n_heads = 2
hidden_size = 64
inner_size = 256
hidden_dropout_prob = 0.5
attn_dropout_prob = 0.5
hidden_act = gelu
layer_norm_eps = 1e-12
initializer_range = 0.02
loss_type = CE
n_bands = 4
band_kernel_sizes = [3, 7, 15, 31]
band_dilations = [1, 2, 4, 8]
phase_bias_scale = 0.1
phase_aux = True
phase_aux_weight = 0.05
numerical_features = []
discretization = None
kg_reverse_r = False
entity_kg_num_interval = [0,inf)
relation_kg_num_interval = [0,inf)
MODEL_TYPE = ModelType.SEQUENTIAL
MODEL_INPUT_TYPE = InputType.POINTWISE
eval_type = EvaluatorType.RANKING
single_spec = True
local_rank = 0
device = cuda
valid_neg_sample_args = {'distribution': 'uniform', 'sample_num': 'none'}
test_neg_sample_args = {'distribution': 'uniform', 'sample_num': 'none'}


/home/572/kd6504/TRACT/RecBole/recbole/data/dataset/dataset.py:648: ChainedAssignmentError: A value is being set on a copy of a DataFrame or Series through chained assignment using an inplace method.
Such inplace method never works to update the original DataFrame or Series, because the intermediate object on which we are setting values always behaves as a copy (due to Copy-on-Write).

For example, when doing 'df[col].method(value, inplace=True)', try using 'df.method({col: value}, inplace=True)' instead, to perform the operation inplace on the original object, or try to avoid an inplace operation using 'df[col] = df[col].method(value)'.

See the documentation for a more detailed explanation: https://pandas.pydata.org/pandas-docs/stable/user_guide/copy_on_write.html
  feat[field].fillna(value=0, inplace=True)
/home/572/kd6504/TRACT/RecBole/recbole/data/dataset/dataset.py:650: ChainedAssignmentError: A value is being set on a copy of a DataFrame or Series through chained assignment using an inplace method.
Such inplace method never works to update the original DataFrame or Series, because the intermediate object on which we are setting values always behaves as a copy (due to Copy-on-Write).

For example, when doing 'df[col].method(value, inplace=True)', try using 'df.method({col: value}, inplace=True)' instead, to perform the operation inplace on the original object, or try to avoid an inplace operation using 'df[col] = df[col].method(value)'.

See the documentation for a more detailed explanation: https://pandas.pydata.org/pandas-docs/stable/user_guide/copy_on_write.html
  feat[field].fillna(value=feat[field].mean(), inplace=True)
11 Feb 07:52    INFO  amazon-beauty
The number of users: 22364
Average actions of users: 8.876358270357287
The number of items: 12102
Average actions of items: 16.403768283612923
The number of inters: 198502
The sparsity of the dataset: 99.92665707018277%
Remain Fields: ['user_id', 'item_id', 'rating', 'timestamp']
/home/572/kd6504/TRACT/RecBole/recbole/data/dataset/dataset.py:2202: UserWarning: The given NumPy array is not writable, and PyTorch does not support non-writable tensors. This means writing to this tensor will result in undefined behavior. You may want to copy the array to protect its data or make it writable before converting it to a tensor. This type of warning will be suppressed for the rest of this program. (Triggered internally at /pytorch/torch/csrc/utils/tensor_numpy.cpp:203.)
  new_data[k] = torch.LongTensor(value)
11 Feb 07:52    INFO  [Training]: train_batch_size = [128] train_neg_sample_args: [{'distribution': 'none', 'sample_num': 'none', 'alpha': 'none', 'dynamic': False, 'candidate_num': 0}]
11 Feb 07:52    INFO  [Evaluation]: eval_batch_size = [4096] eval_args: [{'split': {'LS': 'valid_and_test'}, 'order': 'TO', 'group_by': 'user', 'mode': {'valid': 'full', 'test': 'full'}}]
11 Feb 07:52    INFO  pswrecv3(
  (item_embedding): Embedding(12102, 64, padding_idx=0)
  (position_embedding): Embedding(50, 64)
  (phase_filter): LocalPhaseFilterBankV3(
    (real_convs): ModuleList(
      (0): Conv1d(64, 64, kernel_size=(3,), stride=(1,), groups=64, bias=False)
      (1): Conv1d(64, 64, kernel_size=(7,), stride=(1,), dilation=(2,), groups=64, bias=False)
      (2): Conv1d(64, 64, kernel_size=(15,), stride=(1,), dilation=(4,), groups=64, bias=False)
      (3): Conv1d(64, 64, kernel_size=(31,), stride=(1,), dilation=(8,), groups=64, bias=False)
    )
    (imag_convs): ModuleList(
      (0): Conv1d(64, 64, kernel_size=(3,), stride=(1,), groups=64, bias=False)
      (1): Conv1d(64, 64, kernel_size=(7,), stride=(1,), dilation=(2,), groups=64, bias=False)
      (2): Conv1d(64, 64, kernel_size=(15,), stride=(1,), dilation=(4,), groups=64, bias=False)
      (3): Conv1d(64, 64, kernel_size=(31,), stride=(1,), dilation=(8,), groups=64, bias=False)
    )
  )
  (encoder): PSWEncoderV3(
    (layers): ModuleList(
      (0-1): 2 x PSWBlockV3(
        (attn): PhaseSyncAttentionV3(
          (query): Linear(in_features=64, out_features=64, bias=True)
          (key): Linear(in_features=64, out_features=64, bias=True)
          (value): Linear(in_features=64, out_features=64, bias=True)
          (attn_dropout): Dropout(p=0.5, inplace=False)
          (out_proj): Linear(in_features=64, out_features=64, bias=True)
          (out_dropout): Dropout(p=0.5, inplace=False)
          (layer_norm): LayerNorm((64,), eps=1e-12, elementwise_affine=True)
        )
        (ffn): FeedForwardV3(
          (dense_1): Linear(in_features=64, out_features=256, bias=True)
          (dense_2): Linear(in_features=256, out_features=64, bias=True)
          (layer_norm): LayerNorm((64,), eps=1e-12, elementwise_affine=True)
          (dropout): Dropout(p=0.5, inplace=False)
        )
      )
    )
  )
  (layer_norm): LayerNorm((64,), eps=1e-12, elementwise_affine=True)
  (dropout): Dropout(p=0.5, inplace=False)
  (loss_fct): CrossEntropyLoss()
)
Trainable parameters: 885012
11 Feb 07:52    INFO  FLOPs: 5312064.0
/home/572/kd6504/TRACT/RecBole/recbole/trainer/trainer.py:235: FutureWarning: `torch.cuda.amp.GradScaler(args...)` is deprecated. Please use `torch.amp.GradScaler('cuda', args...)` instead.
  scaler = amp.GradScaler(enabled=self.enable_scaler)
11 Feb 07:53    INFO  epoch 0 training [time: 72.54s, train loss: 8836.6291]
11 Feb 07:53    INFO  epoch 0 evaluating [time: 0.35s, valid_score: 0.018700]
11 Feb 07:53    INFO  valid result: 
hit@10 : 0.0393    ndcg@10 : 0.0187    mrr@10 : 0.0126    recall@10 : 0.0393
11 Feb 07:53    INFO  Saving current: outputs/pswrecv3_beauty_a100_ce/pswrecv3-Feb-11-2026_07-52-08.pth
11 Feb 07:54    INFO  epoch 1 training [time: 72.20s, train loss: 8200.0064]
11 Feb 07:54    INFO  epoch 1 evaluating [time: 0.31s, valid_score: 0.029500]
11 Feb 07:54    INFO  valid result: 
hit@10 : 0.0566    ndcg@10 : 0.0295    mrr@10 : 0.0212    recall@10 : 0.0566
11 Feb 07:54    INFO  Saving current: outputs/pswrecv3_beauty_a100_ce/pswrecv3-Feb-11-2026_07-52-08.pth
11 Feb 07:55    INFO  epoch 2 training [time: 72.13s, train loss: 7909.2955]
11 Feb 07:55    INFO  epoch 2 evaluating [time: 0.31s, valid_score: 0.036300]
11 Feb 07:55    INFO  valid result: 
hit@10 : 0.0711    ndcg@10 : 0.0363    mrr@10 : 0.0257    recall@10 : 0.0711
11 Feb 07:55    INFO  Saving current: outputs/pswrecv3_beauty_a100_ce/pswrecv3-Feb-11-2026_07-52-08.pth
11 Feb 07:57    INFO  epoch 3 training [time: 72.10s, train loss: 7688.4151]
11 Feb 07:57    INFO  epoch 3 evaluating [time: 0.32s, valid_score: 0.040900]
11 Feb 07:57    INFO  valid result: 
hit@10 : 0.0828    ndcg@10 : 0.0409    mrr@10 : 0.0283    recall@10 : 0.0828
11 Feb 07:57    INFO  Saving current: outputs/pswrecv3_beauty_a100_ce/pswrecv3-Feb-11-2026_07-52-08.pth
11 Feb 07:58    INFO  epoch 4 training [time: 72.01s, train loss: 7500.6643]
11 Feb 07:58    INFO  epoch 4 evaluating [time: 0.32s, valid_score: 0.044600]
11 Feb 07:58    INFO  valid result: 
hit@10 : 0.0882    ndcg@10 : 0.0446    mrr@10 : 0.0313    recall@10 : 0.0882
11 Feb 07:58    INFO  Saving current: outputs/pswrecv3_beauty_a100_ce/pswrecv3-Feb-11-2026_07-52-08.pth
11 Feb 07:59    INFO  epoch 5 training [time: 72.06s, train loss: 7343.5933]
11 Feb 07:59    INFO  epoch 5 evaluating [time: 0.31s, valid_score: 0.046800]
11 Feb 07:59    INFO  valid result: 
hit@10 : 0.0936    ndcg@10 : 0.0468    mrr@10 : 0.0325    recall@10 : 0.0936
11 Feb 07:59    INFO  Saving current: outputs/pswrecv3_beauty_a100_ce/pswrecv3-Feb-11-2026_07-52-08.pth
11 Feb 08:00    INFO  epoch 6 training [time: 71.92s, train loss: 7210.2459]
11 Feb 08:00    INFO  epoch 6 evaluating [time: 0.31s, valid_score: 0.046900]
11 Feb 08:00    INFO  valid result: 
hit@10 : 0.0937    ndcg@10 : 0.0469    mrr@10 : 0.0325    recall@10 : 0.0937
11 Feb 08:00    INFO  Saving current: outputs/pswrecv3_beauty_a100_ce/pswrecv3-Feb-11-2026_07-52-08.pth
11 Feb 08:01    INFO  epoch 7 training [time: 72.17s, train loss: 7112.7388]
11 Feb 08:01    INFO  epoch 7 evaluating [time: 0.32s, valid_score: 0.048600]
11 Feb 08:01    INFO  valid result: 
hit@10 : 0.0979    ndcg@10 : 0.0486    mrr@10 : 0.0336    recall@10 : 0.0979
11 Feb 08:01    INFO  Saving current: outputs/pswrecv3_beauty_a100_ce/pswrecv3-Feb-11-2026_07-52-08.pth
11 Feb 08:03    INFO  epoch 8 training [time: 71.89s, train loss: 7022.6996]
11 Feb 08:03    INFO  epoch 8 evaluating [time: 0.31s, valid_score: 0.048600]
11 Feb 08:03    INFO  valid result: 
hit@10 : 0.0985    ndcg@10 : 0.0486    mrr@10 : 0.0332    recall@10 : 0.0985
11 Feb 08:03    INFO  Saving current: outputs/pswrecv3_beauty_a100_ce/pswrecv3-Feb-11-2026_07-52-08.pth
11 Feb 08:04    INFO  epoch 9 training [time: 71.99s, train loss: 6955.5116]
11 Feb 08:04    INFO  epoch 9 evaluating [time: 0.31s, valid_score: 0.048500]
11 Feb 08:04    INFO  valid result: 
hit@10 : 0.0984    ndcg@10 : 0.0485    mrr@10 : 0.0331    recall@10 : 0.0984
11 Feb 08:05    INFO  epoch 10 training [time: 71.99s, train loss: 6888.9984]
11 Feb 08:05    INFO  epoch 10 evaluating [time: 0.30s, valid_score: 0.049400]
11 Feb 08:05    INFO  valid result: 
hit@10 : 0.0993    ndcg@10 : 0.0494    mrr@10 : 0.0341    recall@10 : 0.0993
11 Feb 08:05    INFO  Saving current: outputs/pswrecv3_beauty_a100_ce/pswrecv3-Feb-11-2026_07-52-08.pth
11 Feb 08:06    INFO  epoch 11 training [time: 72.10s, train loss: 6844.6516]
11 Feb 08:06    INFO  epoch 11 evaluating [time: 0.32s, valid_score: 0.050500]
11 Feb 08:06    INFO  valid result: 
hit@10 : 0.1013    ndcg@10 : 0.0505    mrr@10 : 0.0349    recall@10 : 0.1013
11 Feb 08:06    INFO  Saving current: outputs/pswrecv3_beauty_a100_ce/pswrecv3-Feb-11-2026_07-52-08.pth
11 Feb 08:07    INFO  epoch 12 training [time: 72.04s, train loss: 6807.8954]
11 Feb 08:07    INFO  epoch 12 evaluating [time: 0.31s, valid_score: 0.049800]
11 Feb 08:07    INFO  valid result: 
hit@10 : 0.1006    ndcg@10 : 0.0498    mrr@10 : 0.0341    recall@10 : 0.1006
11 Feb 08:09    INFO  epoch 13 training [time: 72.00s, train loss: 6763.6707]
11 Feb 08:09    INFO  epoch 13 evaluating [time: 0.32s, valid_score: 0.049900]
11 Feb 08:09    INFO  valid result: 
hit@10 : 0.1001    ndcg@10 : 0.0499    mrr@10 : 0.0345    recall@10 : 0.1001
11 Feb 08:10    INFO  epoch 14 training [time: 72.09s, train loss: 6735.1837]
11 Feb 08:10    INFO  epoch 14 evaluating [time: 0.31s, valid_score: 0.050400]
11 Feb 08:10    INFO  valid result: 
hit@10 : 0.1017    ndcg@10 : 0.0504    mrr@10 : 0.0346    recall@10 : 0.1017
11 Feb 08:11    INFO  epoch 15 training [time: 72.19s, train loss: 6708.7748]
11 Feb 08:11    INFO  epoch 15 evaluating [time: 0.32s, valid_score: 0.050300]
11 Feb 08:11    INFO  valid result: 
hit@10 : 0.1016    ndcg@10 : 0.0503    mrr@10 : 0.0345    recall@10 : 0.1016
11 Feb 08:12    INFO  epoch 16 training [time: 72.08s, train loss: 6682.6511]
11 Feb 08:12    INFO  epoch 16 evaluating [time: 0.31s, valid_score: 0.050700]
11 Feb 08:12    INFO  valid result: 
hit@10 : 0.1026    ndcg@10 : 0.0507    mrr@10 : 0.0347    recall@10 : 0.1026
11 Feb 08:12    INFO  Saving current: outputs/pswrecv3_beauty_a100_ce/pswrecv3-Feb-11-2026_07-52-08.pth
11 Feb 08:13    INFO  epoch 17 training [time: 72.15s, train loss: 6659.9570]
11 Feb 08:13    INFO  epoch 17 evaluating [time: 0.32s, valid_score: 0.050400]
11 Feb 08:13    INFO  valid result: 
hit@10 : 0.1013    ndcg@10 : 0.0504    mrr@10 : 0.0348    recall@10 : 0.1013
11 Feb 08:15    INFO  epoch 18 training [time: 72.03s, train loss: 6637.5619]
11 Feb 08:15    INFO  epoch 18 evaluating [time: 0.32s, valid_score: 0.051100]
11 Feb 08:15    INFO  valid result: 
hit@10 : 0.1002    ndcg@10 : 0.0511    mrr@10 : 0.036    recall@10 : 0.1002
11 Feb 08:15    INFO  Saving current: outputs/pswrecv3_beauty_a100_ce/pswrecv3-Feb-11-2026_07-52-08.pth
11 Feb 08:16    INFO  epoch 19 training [time: 72.07s, train loss: 6613.8221]
11 Feb 08:16    INFO  epoch 19 evaluating [time: 0.31s, valid_score: 0.051100]
11 Feb 08:16    INFO  valid result: 
hit@10 : 0.1025    ndcg@10 : 0.0511    mrr@10 : 0.0353    recall@10 : 0.1025
11 Feb 08:16    INFO  Saving current: outputs/pswrecv3_beauty_a100_ce/pswrecv3-Feb-11-2026_07-52-08.pth
11 Feb 08:17    INFO  epoch 20 training [time: 71.97s, train loss: 6598.2018]
11 Feb 08:17    INFO  epoch 20 evaluating [time: 0.31s, valid_score: 0.051100]
11 Feb 08:17    INFO  valid result: 
hit@10 : 0.1017    ndcg@10 : 0.0511    mrr@10 : 0.0356    recall@10 : 0.1017
11 Feb 08:17    INFO  Saving current: outputs/pswrecv3_beauty_a100_ce/pswrecv3-Feb-11-2026_07-52-08.pth
11 Feb 08:18    INFO  epoch 21 training [time: 72.02s, train loss: 6581.7819]
11 Feb 08:18    INFO  epoch 21 evaluating [time: 0.31s, valid_score: 0.050800]
11 Feb 08:18    INFO  valid result: 
hit@10 : 0.1019    ndcg@10 : 0.0508    mrr@10 : 0.0351    recall@10 : 0.1019
11 Feb 08:19    INFO  epoch 22 training [time: 72.05s, train loss: 6567.3266]
11 Feb 08:19    INFO  epoch 22 evaluating [time: 0.31s, valid_score: 0.051300]
11 Feb 08:19    INFO  valid result: 
hit@10 : 0.1018    ndcg@10 : 0.0513    mrr@10 : 0.0357    recall@10 : 0.1018
11 Feb 08:19    INFO  Saving current: outputs/pswrecv3_beauty_a100_ce/pswrecv3-Feb-11-2026_07-52-08.pth
11 Feb 08:21    INFO  epoch 23 training [time: 72.07s, train loss: 6555.2789]
11 Feb 08:21    INFO  epoch 23 evaluating [time: 0.30s, valid_score: 0.050500]
11 Feb 08:21    INFO  valid result: 
hit@10 : 0.1015    ndcg@10 : 0.0505    mrr@10 : 0.0349    recall@10 : 0.1015
11 Feb 08:22    INFO  epoch 24 training [time: 72.08s, train loss: 6538.8443]
11 Feb 08:22    INFO  epoch 24 evaluating [time: 0.32s, valid_score: 0.051900]
11 Feb 08:22    INFO  valid result: 
hit@10 : 0.1041    ndcg@10 : 0.0519    mrr@10 : 0.0359    recall@10 : 0.1041
11 Feb 08:22    INFO  Saving current: outputs/pswrecv3_beauty_a100_ce/pswrecv3-Feb-11-2026_07-52-08.pth
11 Feb 08:23    INFO  epoch 25 training [time: 72.16s, train loss: 6532.3414]
11 Feb 08:23    INFO  epoch 25 evaluating [time: 0.30s, valid_score: 0.050900]
11 Feb 08:23    INFO  valid result: 
hit@10 : 0.1025    ndcg@10 : 0.0509    mrr@10 : 0.035    recall@10 : 0.1025
11 Feb 08:24    INFO  epoch 26 training [time: 72.07s, train loss: 6518.0221]
11 Feb 08:24    INFO  epoch 26 evaluating [time: 0.32s, valid_score: 0.052300]
11 Feb 08:24    INFO  valid result: 
hit@10 : 0.1027    ndcg@10 : 0.0523    mrr@10 : 0.0368    recall@10 : 0.1027
11 Feb 08:24    INFO  Saving current: outputs/pswrecv3_beauty_a100_ce/pswrecv3-Feb-11-2026_07-52-08.pth
11 Feb 08:25    INFO  epoch 27 training [time: 72.15s, train loss: 6506.3264]
11 Feb 08:25    INFO  epoch 27 evaluating [time: 0.30s, valid_score: 0.052200]
11 Feb 08:25    INFO  valid result: 
hit@10 : 0.104    ndcg@10 : 0.0522    mrr@10 : 0.0363    recall@10 : 0.104
11 Feb 08:27    INFO  epoch 28 training [time: 72.17s, train loss: 6490.0992]
11 Feb 08:27    INFO  epoch 28 evaluating [time: 0.31s, valid_score: 0.051700]
11 Feb 08:27    INFO  valid result: 
hit@10 : 0.1013    ndcg@10 : 0.0517    mrr@10 : 0.0364    recall@10 : 0.1013
11 Feb 08:28    INFO  epoch 29 training [time: 72.34s, train loss: 6484.3358]
11 Feb 08:28    INFO  epoch 29 evaluating [time: 0.31s, valid_score: 0.051700]
11 Feb 08:28    INFO  valid result: 
hit@10 : 0.1032    ndcg@10 : 0.0517    mrr@10 : 0.0358    recall@10 : 0.1032
11 Feb 08:29    INFO  epoch 30 training [time: 72.34s, train loss: 6479.7348]
11 Feb 08:29    INFO  epoch 30 evaluating [time: 0.31s, valid_score: 0.052700]
11 Feb 08:29    INFO  valid result: 
hit@10 : 0.1034    ndcg@10 : 0.0527    mrr@10 : 0.0372    recall@10 : 0.1034
11 Feb 08:29    INFO  Saving current: outputs/pswrecv3_beauty_a100_ce/pswrecv3-Feb-11-2026_07-52-08.pth
11 Feb 08:30    INFO  epoch 31 training [time: 72.17s, train loss: 6462.4273]
11 Feb 08:30    INFO  epoch 31 evaluating [time: 0.31s, valid_score: 0.051300]
11 Feb 08:30    INFO  valid result: 
hit@10 : 0.1026    ndcg@10 : 0.0513    mrr@10 : 0.0356    recall@10 : 0.1026
11 Feb 08:32    INFO  epoch 32 training [time: 72.02s, train loss: 6456.6171]
11 Feb 08:32    INFO  epoch 32 evaluating [time: 0.31s, valid_score: 0.052400]
11 Feb 08:32    INFO  valid result: 
hit@10 : 0.1031    ndcg@10 : 0.0524    mrr@10 : 0.0368    recall@10 : 0.1031
11 Feb 08:33    INFO  epoch 33 training [time: 72.03s, train loss: 6447.8446]
11 Feb 08:33    INFO  epoch 33 evaluating [time: 0.32s, valid_score: 0.052100]
11 Feb 08:33    INFO  valid result: 
hit@10 : 0.1028    ndcg@10 : 0.0521    mrr@10 : 0.0365    recall@10 : 0.1028
11 Feb 08:34    INFO  epoch 34 training [time: 71.98s, train loss: 6436.6812]
11 Feb 08:34    INFO  epoch 34 evaluating [time: 0.30s, valid_score: 0.051500]
11 Feb 08:34    INFO  valid result: 
hit@10 : 0.1032    ndcg@10 : 0.0515    mrr@10 : 0.0355    recall@10 : 0.1032
11 Feb 08:35    INFO  epoch 35 training [time: 72.07s, train loss: 6427.9794]
11 Feb 08:35    INFO  epoch 35 evaluating [time: 0.30s, valid_score: 0.053100]
11 Feb 08:35    INFO  valid result: 
hit@10 : 0.1054    ndcg@10 : 0.0531    mrr@10 : 0.037    recall@10 : 0.1054
11 Feb 08:35    INFO  Saving current: outputs/pswrecv3_beauty_a100_ce/pswrecv3-Feb-11-2026_07-52-08.pth
11 Feb 08:36    INFO  epoch 36 training [time: 72.19s, train loss: 6420.9690]
11 Feb 08:36    INFO  epoch 36 evaluating [time: 0.30s, valid_score: 0.052600]
11 Feb 08:36    INFO  valid result: 
hit@10 : 0.105    ndcg@10 : 0.0526    mrr@10 : 0.0365    recall@10 : 0.105
11 Feb 08:38    INFO  epoch 37 training [time: 72.30s, train loss: 6414.8144]
11 Feb 08:38    INFO  epoch 37 evaluating [time: 0.32s, valid_score: 0.051900]
11 Feb 08:38    INFO  valid result: 
hit@10 : 0.1043    ndcg@10 : 0.0519    mrr@10 : 0.0358    recall@10 : 0.1043
11 Feb 08:39    INFO  epoch 38 training [time: 72.20s, train loss: 6411.0871]
11 Feb 08:39    INFO  epoch 38 evaluating [time: 0.31s, valid_score: 0.052400]
11 Feb 08:39    INFO  valid result: 
hit@10 : 0.1028    ndcg@10 : 0.0524    mrr@10 : 0.0369    recall@10 : 0.1028
11 Feb 08:40    INFO  epoch 39 training [time: 72.20s, train loss: 6405.3449]
11 Feb 08:40    INFO  epoch 39 evaluating [time: 0.30s, valid_score: 0.051500]
11 Feb 08:40    INFO  valid result: 
hit@10 : 0.1019    ndcg@10 : 0.0515    mrr@10 : 0.0361    recall@10 : 0.1019
11 Feb 08:41    INFO  epoch 40 training [time: 72.15s, train loss: 6393.8425]
11 Feb 08:41    INFO  epoch 40 evaluating [time: 0.32s, valid_score: 0.052000]
11 Feb 08:41    INFO  valid result: 
hit@10 : 0.1029    ndcg@10 : 0.052    mrr@10 : 0.0364    recall@10 : 0.1029
11 Feb 08:42    INFO  epoch 41 training [time: 72.17s, train loss: 6389.2658]
11 Feb 08:42    INFO  epoch 41 evaluating [time: 0.30s, valid_score: 0.052200]
11 Feb 08:42    INFO  valid result: 
hit@10 : 0.1021    ndcg@10 : 0.0522    mrr@10 : 0.0368    recall@10 : 0.1021
11 Feb 08:44    INFO  epoch 42 training [time: 72.16s, train loss: 6383.7401]
11 Feb 08:44    INFO  epoch 42 evaluating [time: 0.32s, valid_score: 0.053100]
11 Feb 08:44    INFO  valid result: 
hit@10 : 0.1049    ndcg@10 : 0.0531    mrr@10 : 0.0373    recall@10 : 0.1049
11 Feb 08:44    INFO  Saving current: outputs/pswrecv3_beauty_a100_ce/pswrecv3-Feb-11-2026_07-52-08.pth
11 Feb 08:45    INFO  epoch 43 training [time: 72.10s, train loss: 6377.7561]
11 Feb 08:45    INFO  epoch 43 evaluating [time: 0.30s, valid_score: 0.051700]
11 Feb 08:45    INFO  valid result: 
hit@10 : 0.1029    ndcg@10 : 0.0517    mrr@10 : 0.0359    recall@10 : 0.1029
11 Feb 08:46    INFO  epoch 44 training [time: 72.08s, train loss: 6365.2453]
11 Feb 08:46    INFO  epoch 44 evaluating [time: 0.31s, valid_score: 0.052700]
11 Feb 08:46    INFO  valid result: 
hit@10 : 0.104    ndcg@10 : 0.0527    mrr@10 : 0.0369    recall@10 : 0.104
11 Feb 08:47    INFO  epoch 45 training [time: 72.17s, train loss: 6369.2522]
11 Feb 08:47    INFO  epoch 45 evaluating [time: 0.31s, valid_score: 0.052500]
11 Feb 08:47    INFO  valid result: 
hit@10 : 0.1025    ndcg@10 : 0.0525    mrr@10 : 0.0371    recall@10 : 0.1025
11 Feb 08:48    INFO  epoch 46 training [time: 72.15s, train loss: 6359.1691]
11 Feb 08:48    INFO  epoch 46 evaluating [time: 0.31s, valid_score: 0.052400]
11 Feb 08:48    INFO  valid result: 
hit@10 : 0.1054    ndcg@10 : 0.0524    mrr@10 : 0.0362    recall@10 : 0.1054
11 Feb 08:50    INFO  epoch 47 training [time: 72.20s, train loss: 6352.1911]
11 Feb 08:50    INFO  epoch 47 evaluating [time: 0.31s, valid_score: 0.052200]
11 Feb 08:50    INFO  valid result: 
hit@10 : 0.1036    ndcg@10 : 0.0522    mrr@10 : 0.0364    recall@10 : 0.1036
11 Feb 08:51    INFO  epoch 48 training [time: 72.16s, train loss: 6347.8182]
11 Feb 08:51    INFO  epoch 48 evaluating [time: 0.31s, valid_score: 0.052500]
11 Feb 08:51    INFO  valid result: 
hit@10 : 0.1048    ndcg@10 : 0.0525    mrr@10 : 0.0364    recall@10 : 0.1048
11 Feb 08:52    INFO  epoch 49 training [time: 72.18s, train loss: 6345.1577]
11 Feb 08:52    INFO  epoch 49 evaluating [time: 0.32s, valid_score: 0.052600]
11 Feb 08:52    INFO  valid result: 
hit@10 : 0.1041    ndcg@10 : 0.0526    mrr@10 : 0.0367    recall@10 : 0.1041
11 Feb 08:53    INFO  epoch 50 training [time: 72.09s, train loss: 6340.2364]
11 Feb 08:53    INFO  epoch 50 evaluating [time: 0.31s, valid_score: 0.052700]
11 Feb 08:53    INFO  valid result: 
hit@10 : 0.1041    ndcg@10 : 0.0527    mrr@10 : 0.0368    recall@10 : 0.1041
11 Feb 08:54    INFO  epoch 51 training [time: 72.10s, train loss: 6332.0412]
11 Feb 08:54    INFO  epoch 51 evaluating [time: 0.31s, valid_score: 0.052300]
11 Feb 08:54    INFO  valid result: 
hit@10 : 0.1036    ndcg@10 : 0.0523    mrr@10 : 0.0365    recall@10 : 0.1036
11 Feb 08:56    INFO  epoch 52 training [time: 72.13s, train loss: 6328.7146]
11 Feb 08:56    INFO  epoch 52 evaluating [time: 0.30s, valid_score: 0.053500]
11 Feb 08:56    INFO  valid result: 
hit@10 : 0.1048    ndcg@10 : 0.0535    mrr@10 : 0.0377    recall@10 : 0.1048
11 Feb 08:56    INFO  Saving current: outputs/pswrecv3_beauty_a100_ce/pswrecv3-Feb-11-2026_07-52-08.pth
11 Feb 08:57    INFO  epoch 53 training [time: 72.15s, train loss: 6325.8702]
11 Feb 08:57    INFO  epoch 53 evaluating [time: 0.30s, valid_score: 0.053200]
11 Feb 08:57    INFO  valid result: 
hit@10 : 0.105    ndcg@10 : 0.0532    mrr@10 : 0.0372    recall@10 : 0.105
11 Feb 08:58    INFO  epoch 54 training [time: 72.14s, train loss: 6318.1969]
11 Feb 08:58    INFO  epoch 54 evaluating [time: 0.32s, valid_score: 0.051700]
11 Feb 08:58    INFO  valid result: 
hit@10 : 0.1017    ndcg@10 : 0.0517    mrr@10 : 0.0363    recall@10 : 0.1017
11 Feb 08:59    INFO  epoch 55 training [time: 72.17s, train loss: 6316.1814]
11 Feb 08:59    INFO  epoch 55 evaluating [time: 0.30s, valid_score: 0.052900]
11 Feb 08:59    INFO  valid result: 
hit@10 : 0.1043    ndcg@10 : 0.0529    mrr@10 : 0.0371    recall@10 : 0.1043
11 Feb 09:00    INFO  epoch 56 training [time: 72.05s, train loss: 6309.3039]
11 Feb 09:01    INFO  epoch 56 evaluating [time: 0.30s, valid_score: 0.052100]
11 Feb 09:01    INFO  valid result: 
hit@10 : 0.1026    ndcg@10 : 0.0521    mrr@10 : 0.0366    recall@10 : 0.1026
11 Feb 09:02    INFO  epoch 57 training [time: 72.15s, train loss: 6303.0587]
11 Feb 09:02    INFO  epoch 57 evaluating [time: 0.31s, valid_score: 0.052800]
11 Feb 09:02    INFO  valid result: 
hit@10 : 0.1053    ndcg@10 : 0.0528    mrr@10 : 0.0367    recall@10 : 0.1053
11 Feb 09:03    INFO  epoch 58 training [time: 72.20s, train loss: 6309.0496]
11 Feb 09:03    INFO  epoch 58 evaluating [time: 0.31s, valid_score: 0.053400]
11 Feb 09:03    INFO  valid result: 
hit@10 : 0.1053    ndcg@10 : 0.0534    mrr@10 : 0.0374    recall@10 : 0.1053
11 Feb 09:04    INFO  epoch 59 training [time: 72.11s, train loss: 6300.8014]
11 Feb 09:04    INFO  epoch 59 evaluating [time: 0.31s, valid_score: 0.052700]
11 Feb 09:04    INFO  valid result: 
hit@10 : 0.1041    ndcg@10 : 0.0527    mrr@10 : 0.0369    recall@10 : 0.1041
11 Feb 09:05    INFO  epoch 60 training [time: 72.13s, train loss: 6296.3140]
11 Feb 09:05    INFO  epoch 60 evaluating [time: 0.30s, valid_score: 0.052500]
11 Feb 09:05    INFO  valid result: 
hit@10 : 0.1039    ndcg@10 : 0.0525    mrr@10 : 0.0367    recall@10 : 0.1039
11 Feb 09:07    INFO  epoch 61 training [time: 72.27s, train loss: 6290.5294]
11 Feb 09:07    INFO  epoch 61 evaluating [time: 0.44s, valid_score: 0.053000]
11 Feb 09:07    INFO  valid result: 
hit@10 : 0.1042    ndcg@10 : 0.053    mrr@10 : 0.0373    recall@10 : 0.1042
11 Feb 09:08    INFO  epoch 62 training [time: 72.15s, train loss: 6291.8904]
11 Feb 09:08    INFO  epoch 62 evaluating [time: 0.31s, valid_score: 0.052800]
11 Feb 09:08    INFO  valid result: 
hit@10 : 0.1043    ndcg@10 : 0.0528    mrr@10 : 0.0369    recall@10 : 0.1043
11 Feb 09:09    INFO  epoch 63 training [time: 72.20s, train loss: 6282.5534]
11 Feb 09:09    INFO  epoch 63 evaluating [time: 0.30s, valid_score: 0.052600]
11 Feb 09:09    INFO  valid result: 
hit@10 : 0.1044    ndcg@10 : 0.0526    mrr@10 : 0.0366    recall@10 : 0.1044
11 Feb 09:09    INFO  Finished training, best eval result in epoch 52
11 Feb 09:09    INFO  Loading model structure and parameters from outputs/pswrecv3_beauty_a100_ce/pswrecv3-Feb-11-2026_07-52-08.pth
11 Feb 09:09    INFO  The running environment of this training is as follows:
+-------------+------------------+
| Environment |      Usage       |
+=============+==================+
| CPU         |      3.00 %      |
+-------------+------------------+
| GPU         |  2.28 G/79.44 G  |
+-------------+------------------+
| Memory      | 1.42 G/2015.66 G |
+-------------+------------------+
11 Feb 09:09    INFO  best valid : OrderedDict([('hit@10', 0.1048), ('ndcg@10', 0.0535), ('mrr@10', 0.0377), ('recall@10', 0.1048)])
11 Feb 09:09    INFO  test result: OrderedDict([('hit@10', 0.0845), ('ndcg@10', 0.0424), ('mrr@10', 0.0294), ('recall@10', 0.0845)])
